<?xml version="1.0" encoding="utf-8"?>
<TestRun id="61256925-be6e-4a50-97a7-76865ab2f1b8" name="USER-002@Z590P 2025-11-13 19:21:13" runUser="Z590P\USER-002" xmlns="http://microsoft.com/schemas/VisualStudio/TeamTest/2010">
  <Times creation="2025-11-13T19:21:13.5411715-05:00" queuing="2025-11-13T19:21:13.5411718-05:00" start="2025-11-13T19:21:12.5850016-05:00" finish="2025-11-13T19:21:13.7386282-05:00" />
  <TestSettings name="default" id="5767272b-9a03-4198-8f39-6c3b8fb0cf18">
    <Deployment runDeploymentRoot="USER-002_Z590P_2025-11-13_19_21_13" />
  </TestSettings>
  <Results>
    <UnitTestResult executionId="6260a6a2-751b-400d-9fc2-aefe4751ad05" testId="c312ed43-c35f-d7c7-8c2c-7fcb69fb6857" testName="Server.Tests.Accounting.Security.PasswordProtectionTest.TestPasswordDoesNotValidate(protectionType: typeof(Server.Accounting.Security.HashAlgorithmPasswordProtection), algorithmType: &quot;SHA1&quot;)" computerName="Z590P" duration="00:00:00.0000457" startTime="2025-11-13T19:21:13.5726979-05:00" endTime="2025-11-13T19:21:13.5727329-05:00" testType="13cdc9d9-ddb5-4fa4-a97d-d965ccfc6d4b" outcome="Passed" testListId="8c84fa94-04c1-424b-9868-57a2d4851a1d" relativeResultsDirectory="6260a6a2-751b-400d-9fc2-aefe4751ad05" />
    <UnitTestResult executionId="9633d7d6-37b1-42d6-97c7-f3297e25b91f" testId="1d975b92-e3d9-e16f-cc2c-f744ae126037" testName="Server.Tests.NameVerificationTests.Validate_ExceptionAtStartWhenNotAllowed_ReturnsFalse" computerName="Z590P" duration="00:00:00.0000883" startTime="2025-11-13T19:21:13.5299414-05:00" endTime="2025-11-13T19:21:13.5299752-05:00" testType="13cdc9d9-ddb5-4fa4-a97d-d965ccfc6d4b" outcome="Passed" testListId="8c84fa94-04c1-424b-9868-57a2d4851a1d" relativeResultsDirectory="9633d7d6-37b1-42d6-97c7-f3297e25b91f" />
    <UnitTestResult executionId="fed86482-b3cd-4a67-bc8f-04d9f6768394" testId="dd277640-15a5-f603-4cc6-2f391a8a38bd" testName="Server.Tests.Accounting.Security.PasswordProtectionTest.TestPasswordDoesNotValidate(protectionType: typeof(Server.Accounting.Security.Argon2PasswordProtection), algorithmType: null)" computerName="Z590P" duration="00:00:00.0852007" startTime="2025-11-13T19:21:13.5188453-05:00" endTime="2025-11-13T19:21:13.5725720-05:00" testType="13cdc9d9-ddb5-4fa4-a97d-d965ccfc6d4b" outcome="Passed" testListId="8c84fa94-04c1-424b-9868-57a2d4851a1d" relativeResultsDirectory="fed86482-b3cd-4a67-bc8f-04d9f6768394" />
    <UnitTestResult executionId="500932e3-5a9a-455c-b4c1-fe1bae7d8cef" testId="cb52a790-09f3-08fc-a9a1-5cee91fbd721" testName="Server.Tests.Accounting.AccountHandlerTests.IsValidPassword_ValidatesCorrectly(password: &quot;Invalid\x1char&quot;, expected: False)" computerName="Z590P" duration="00:00:00.0000047" startTime="2025-11-13T19:21:13.5170806-05:00" endTime="2025-11-13T19:21:13.5171302-05:00" testType="13cdc9d9-ddb5-4fa4-a97d-d965ccfc6d4b" outcome="Passed" testListId="8c84fa94-04c1-424b-9868-57a2d4851a1d" relativeResultsDirectory="500932e3-5a9a-455c-b4c1-fe1bae7d8cef" />
    <UnitTestResult executionId="418c482d-0d11-4476-8342-77e4eda842f1" testId="a9c4d217-c4e0-57fe-72f9-0b8a94b6f7e2" testName="Server.Tests.ProfanityProtectionTests.Speech_WithoutProfanity_PassesValidation(speech: &quot;Hello world&quot;)" computerName="Z590P" duration="00:00:00.0000605" startTime="2025-11-13T19:21:13.5250027-05:00" endTime="2025-11-13T19:21:13.5256240-05:00" testType="13cdc9d9-ddb5-4fa4-a97d-d965ccfc6d4b" outcome="Passed" testListId="8c84fa94-04c1-424b-9868-57a2d4851a1d" relativeResultsDirectory="418c482d-0d11-4476-8342-77e4eda842f1" />
    <UnitTestResult executionId="8fed4ff6-15b9-4845-a01a-9e0e922b1aae" testId="3028d8a2-5b32-7d3c-5492-06a0c5e69ebc" testName="Server.Tests.NameVerificationTests.ValidatePetName_ValidNames_ReturnsTrue(name: &quot;Rex&quot;)" computerName="Z590P" duration="00:00:00.0000853" startTime="2025-11-13T19:21:13.5240197-05:00" endTime="2025-11-13T19:21:13.5242894-05:00" testType="13cdc9d9-ddb5-4fa4-a97d-d965ccfc6d4b" outcome="Passed" testListId="8c84fa94-04c1-424b-9868-57a2d4851a1d" relativeResultsDirectory="8fed4ff6-15b9-4845-a01a-9e0e922b1aae" />
    <UnitTestResult executionId="6d458353-dc63-4450-b4e8-70083738d1fa" testId="53d41f91-e758-a965-69e5-8b95b6527235" testName="Server.Tests.NameVerificationTests.Validate_TooShortName_ReturnsFalse" computerName="Z590P" duration="00:00:00.0000454" startTime="2025-11-13T19:21:13.5301652-05:00" endTime="2025-11-13T19:21:13.5301956-05:00" testType="13cdc9d9-ddb5-4fa4-a97d-d965ccfc6d4b" outcome="Passed" testListId="8c84fa94-04c1-424b-9868-57a2d4851a1d" relativeResultsDirectory="6d458353-dc63-4450-b4e8-70083738d1fa" />
    <UnitTestResult executionId="94cbc5a3-d3e1-4618-b894-e2d07984f80f" testId="a218c9ac-b9b5-d021-7975-0103450478cb" testName="Server.Tests.NameVerificationTests.Validate_MaximumLengthName_ReturnsTrue" computerName="Z590P" duration="00:00:00.0003111" startTime="2025-11-13T19:21:13.5228843-05:00" endTime="2025-11-13T19:21:13.5239217-05:00" testType="13cdc9d9-ddb5-4fa4-a97d-d965ccfc6d4b" outcome="Passed" testListId="8c84fa94-04c1-424b-9868-57a2d4851a1d" relativeResultsDirectory="94cbc5a3-d3e1-4618-b894-e2d07984f80f" />
    <UnitTestResult executionId="0e2189e2-1ff7-411f-902e-a3fa2121746b" testId="3a573206-0ab0-c819-ed9c-570fc22b31f8" testName="Server.Tests.Accounting.AccountHandlerTests.IsValidUsername_ValidatesCorrectly(username: &quot;.&quot;, expected: False)" computerName="Z590P" duration="00:00:00.0000104" startTime="2025-11-13T19:21:13.5655252-05:00" endTime="2025-11-13T19:21:13.5655676-05:00" testType="13cdc9d9-ddb5-4fa4-a97d-d965ccfc6d4b" outcome="Passed" testListId="8c84fa94-04c1-424b-9868-57a2d4851a1d" relativeResultsDirectory="0e2189e2-1ff7-411f-902e-a3fa2121746b" />
    <UnitTestResult executionId="aca6d794-d2cb-4c1a-a4dd-1de79752dedf" testId="356bc45a-c767-daff-0693-71e49772e820" testName="Server.Tests.Accounting.AccountHandlerTests.IsValidPassword_ValidatesCorrectly(password: &quot;ValidPass123!&quot;, expected: True)" computerName="Z590P" duration="00:00:00.0000032" startTime="2025-11-13T19:21:13.5172681-05:00" endTime="2025-11-13T19:21:13.5173125-05:00" testType="13cdc9d9-ddb5-4fa4-a97d-d965ccfc6d4b" outcome="Passed" testListId="8c84fa94-04c1-424b-9868-57a2d4851a1d" relativeResultsDirectory="aca6d794-d2cb-4c1a-a4dd-1de79752dedf" />
    <UnitTestResult executionId="29cd7de1-4d75-4238-bdd3-a3966d5ecaa2" testId="02e0780e-8633-4277-8dd7-0bf0bde61624" testName="Server.Tests.Network.ArrowPacketTests.TestCancelArrowHS(x: 0, y: 0)" computerName="Z590P" duration="00:00:00.0000591" startTime="2025-11-13T19:21:13.5850721-05:00" endTime="2025-11-13T19:21:13.5851025-05:00" testType="13cdc9d9-ddb5-4fa4-a97d-d965ccfc6d4b" outcome="Passed" testListId="8c84fa94-04c1-424b-9868-57a2d4851a1d" relativeResultsDirectory="29cd7de1-4d75-4238-bdd3-a3966d5ecaa2" />
    <UnitTestResult executionId="5b5a1ec0-f480-4a14-aaf1-82f39adfe1a1" testId="4261e8d7-8da8-5c1b-171a-34fddb749c21" testName="Server.Tests.NameVerificationTests.Validate_TooLongName_ReturnsFalse" computerName="Z590P" duration="00:00:00.0000438" startTime="2025-11-13T19:21:13.5289559-05:00" endTime="2025-11-13T19:21:13.5289933-05:00" testType="13cdc9d9-ddb5-4fa4-a97d-d965ccfc6d4b" outcome="Passed" testListId="8c84fa94-04c1-424b-9868-57a2d4851a1d" relativeResultsDirectory="5b5a1ec0-f480-4a14-aaf1-82f39adfe1a1" />
    <UnitTestResult executionId="d79a3fca-af3d-4e35-9676-3671b5128dc9" testId="30a2c9e5-b44d-4a84-3f9f-0f97b13ef34d" testName="Server.Tests.Utility.TryParseTests.TestTryParseBool(value: &quot;True&quot;, returned: null, parsedAs: True)" computerName="Z590P" duration="00:00:00.0001527" startTime="2025-11-13T19:21:13.5137700-05:00" endTime="2025-11-13T19:21:13.5154300-05:00" testType="13cdc9d9-ddb5-4fa4-a97d-d965ccfc6d4b" outcome="Passed" testListId="8c84fa94-04c1-424b-9868-57a2d4851a1d" relativeResultsDirectory="d79a3fca-af3d-4e35-9676-3671b5128dc9" />
    <UnitTestResult executionId="909868c8-5ffe-4caf-ae6c-cbb6422cd4a2" testId="6a868c6a-514f-1abe-3e42-be31e0361f90" testName="Server.Tests.NameVerificationTests.ValidatePlayerName_ValidNames_ReturnsTrue(name: &quot;O'Malley&quot;)" computerName="Z590P" duration="00:00:00.0000036" startTime="2025-11-13T19:21:13.5194466-05:00" endTime="2025-11-13T19:21:13.5221791-05:00" testType="13cdc9d9-ddb5-4fa4-a97d-d965ccfc6d4b" outcome="Passed" testListId="8c84fa94-04c1-424b-9868-57a2d4851a1d" relativeResultsDirectory="909868c8-5ffe-4caf-ae6c-cbb6422cd4a2" />
    <UnitTestResult executionId="3baff242-e86a-4426-b026-fa642e2fbac4" testId="4dc33f60-84f2-3722-c654-1a2187b2e75c" testName="Server.Tests.NameVerificationTests.ValidatePetName_InvalidNames_ReturnsFalse(name: &quot;Mrs-Smith&quot;)" computerName="Z590P" duration="00:00:00.0000410" startTime="2025-11-13T19:21:13.5286182-05:00" endTime="2025-11-13T19:21:13.5286549-05:00" testType="13cdc9d9-ddb5-4fa4-a97d-d965ccfc6d4b" outcome="Passed" testListId="8c84fa94-04c1-424b-9868-57a2d4851a1d" relativeResultsDirectory="3baff242-e86a-4426-b026-fa642e2fbac4" />
    <UnitTestResult executionId="a68cb694-7d0a-408f-acd5-6936356d5771" testId="88b4e428-363d-c805-cf01-bfe409d056a7" testName="Server.Tests.Accounting.AccountHandlerTests.IsValidPassword_ValidatesCorrectly(password: &quot; &quot;, expected: True)" computerName="Z590P" duration="00:00:00.0000040" startTime="2025-11-13T19:21:13.5158025-05:00" endTime="2025-11-13T19:21:13.5158456-05:00" testType="13cdc9d9-ddb5-4fa4-a97d-d965ccfc6d4b" outcome="Passed" testListId="8c84fa94-04c1-424b-9868-57a2d4851a1d" relativeResultsDirectory="a68cb694-7d0a-408f-acd5-6936356d5771" />
    <UnitTestResult executionId="a520ffa1-ec92-4cd3-9a1e-d8900432ff99" testId="21929857-87b9-60f0-4903-2b9195b90a9d" testName="Server.Tests.Gumps.TestLayoutGumps.TestStaticGumpIsCached" computerName="Z590P" duration="00:00:00.0023052" startTime="2025-11-13T19:21:13.6734321-05:00" endTime="2025-11-13T19:21:13.6751864-05:00" testType="13cdc9d9-ddb5-4fa4-a97d-d965ccfc6d4b" outcome="Passed" testListId="8c84fa94-04c1-424b-9868-57a2d4851a1d" relativeResultsDirectory="a520ffa1-ec92-4cd3-9a1e-d8900432ff99" />
    <UnitTestResult executionId="cde472d9-e0c0-4a4f-a06f-4d70d6e9f295" testId="fcef232e-253f-f730-b250-f48d77bd0830" testName="Server.Tests.NameVerificationTests.Validate_BoundaryOfDisallowedWord_ReturnsTrueWhenNotActuallyDisallowed" computerName="Z590P" duration="00:00:00.0000427" startTime="2025-11-13T19:21:13.5303845-05:00" endTime="2025-11-13T19:21:13.5304159-05:00" testType="13cdc9d9-ddb5-4fa4-a97d-d965ccfc6d4b" outcome="Passed" testListId="8c84fa94-04c1-424b-9868-57a2d4851a1d" relativeResultsDirectory="cde472d9-e0c0-4a4f-a06f-4d70d6e9f295" />
    <UnitTestResult executionId="5007e79e-fc5d-4b71-a527-212435b124b7" testId="961ccab8-218d-64ac-cf0a-55985dd3e1eb" testName="Server.Tests.Accounting.AccountHandlerTests.IsValidUsername_ValidatesCorrectly(username: &quot;EndsWithSpace &quot;, expected: False)" computerName="Z590P" duration="00:00:00.0000017" startTime="2025-11-13T19:21:13.5658240-05:00" endTime="2025-11-13T19:21:13.5658552-05:00" testType="13cdc9d9-ddb5-4fa4-a97d-d965ccfc6d4b" outcome="Passed" testListId="8c84fa94-04c1-424b-9868-57a2d4851a1d" relativeResultsDirectory="5007e79e-fc5d-4b71-a527-212435b124b7" />
    <UnitTestResult executionId="246d0434-5bf6-4198-96d3-a1d90659de58" testId="dc555609-efb0-b2b4-f11b-06e0e156de73" testName="Server.Tests.Accounting.Security.PasswordProtectionTest.TestValidates(protectionType: typeof(Server.Accounting.Security.Argon2PasswordProtection), algorithmType: null)" computerName="Z590P" duration="00:00:00.0232363" startTime="2025-11-13T19:21:13.5728226-05:00" endTime="2025-11-13T19:21:13.5960219-05:00" testType="13cdc9d9-ddb5-4fa4-a97d-d965ccfc6d4b" outcome="Passed" testListId="8c84fa94-04c1-424b-9868-57a2d4851a1d" relativeResultsDirectory="246d0434-5bf6-4198-96d3-a1d90659de58" />
    <UnitTestResult executionId="fa4262df-1021-4201-b301-e2f1ee552882" testId="c6a08e36-b828-815c-01f2-64d3f3567bf3" testName="Server.Tests.Network.ArrowPacketTests.TestSetArrow(x: 0, y: 0)" computerName="Z590P" duration="00:00:00.0001772" startTime="2025-11-13T19:21:13.5840899-05:00" endTime="2025-11-13T19:21:13.5841234-05:00" testType="13cdc9d9-ddb5-4fa4-a97d-d965ccfc6d4b" outcome="Passed" testListId="8c84fa94-04c1-424b-9868-57a2d4851a1d" relativeResultsDirectory="fa4262df-1021-4201-b301-e2f1ee552882" />
    <UnitTestResult executionId="ca2b9234-9afc-4993-b209-1a9e204d2f20" testId="072f6126-d281-443b-0dd0-b378fbc4de2f" testName="Server.Tests.ProfanityProtectionTests.Speech_WithProfanity_FailsValidation(speech: &quot;You're a bitch&quot;)" computerName="Z590P" duration="00:00:00.0000657" startTime="2025-11-13T19:21:13.5238873-05:00" endTime="2025-11-13T19:21:13.5240544-05:00" testType="13cdc9d9-ddb5-4fa4-a97d-d965ccfc6d4b" outcome="Passed" testListId="8c84fa94-04c1-424b-9868-57a2d4851a1d" relativeResultsDirectory="ca2b9234-9afc-4993-b209-1a9e204d2f20" />
    <UnitTestResult executionId="45944beb-f6b5-46c6-a0ff-4dc624aae957" testId="ba40fcb2-4a0d-4f76-3b00-a4100c7066c6" testName="Server.Tests.Gumps.TestLayoutGumps.TestStaticLayoutGumpPacket" computerName="Z590P" duration="00:00:00.0047709" startTime="2025-11-13T19:21:13.6763400-05:00" endTime="2025-11-13T19:21:13.6810799-05:00" testType="13cdc9d9-ddb5-4fa4-a97d-d965ccfc6d4b" outcome="Passed" testListId="8c84fa94-04c1-424b-9868-57a2d4851a1d" relativeResultsDirectory="45944beb-f6b5-46c6-a0ff-4dc624aae957" />
    <UnitTestResult executionId="b496a96e-9680-4956-a4e8-d5f484e96bb5" testId="5d2c42f8-74d9-ad62-1c4f-6746ba423df6" testName="Server.Tests.NameVerificationTests.Validate_EmptyName_ReturnsFalse" computerName="Z590P" duration="00:00:00.0000431" startTime="2025-11-13T19:21:13.5281468-05:00" endTime="2025-11-13T19:21:13.5281794-05:00" testType="13cdc9d9-ddb5-4fa4-a97d-d965ccfc6d4b" outcome="Passed" testListId="8c84fa94-04c1-424b-9868-57a2d4851a1d" relativeResultsDirectory="b496a96e-9680-4956-a4e8-d5f484e96bb5" />
    <UnitTestResult executionId="3a1a5132-52c9-440c-adeb-05e4d742da2c" testId="c8433180-375f-29a1-5540-4c7f2975e9d6" testName="Server.Tests.Network.ArrowPacketTests.TestCancelArrowHS(x: 100, y: 10)" computerName="Z590P" duration="00:00:00.0001899" startTime="2025-11-13T19:21:13.5849842-05:00" endTime="2025-11-13T19:21:13.5850146-05:00" testType="13cdc9d9-ddb5-4fa4-a97d-d965ccfc6d4b" outcome="Passed" testListId="8c84fa94-04c1-424b-9868-57a2d4851a1d" relativeResultsDirectory="3a1a5132-52c9-440c-adeb-05e4d742da2c" />
    <UnitTestResult executionId="0bc03c17-7fe2-4642-bb1f-d3b4568d12cb" testId="3e9b2dde-a66b-5a4d-bbf1-0ad040975640" testName="Server.Engines.MLQuests.MLQuestPacketTests.TestRaceChanger(female: False, raceId: 2)" computerName="Z590P" duration="00:00:00.0005770" startTime="2025-11-13T19:21:13.5835416-05:00" endTime="2025-11-13T19:21:13.5836385-05:00" testType="13cdc9d9-ddb5-4fa4-a97d-d965ccfc6d4b" outcome="Passed" testListId="8c84fa94-04c1-424b-9868-57a2d4851a1d" relativeResultsDirectory="0bc03c17-7fe2-4642-bb1f-d3b4568d12cb" />
    <UnitTestResult executionId="797f689c-4d5d-482c-9cf4-9650592def0f" testId="b02d5480-887d-d08e-d28b-755281485b72" testName="Server.Tests.NameVerificationTests.Validate_DisallowedPrefixes_ReturnsFalse(name: &quot;LordBob&quot;)" computerName="Z590P" duration="00:00:00.0000617" startTime="2025-11-13T19:21:13.5297328-05:00" endTime="2025-11-13T19:21:13.5297656-05:00" testType="13cdc9d9-ddb5-4fa4-a97d-d965ccfc6d4b" outcome="Passed" testListId="8c84fa94-04c1-424b-9868-57a2d4851a1d" relativeResultsDirectory="797f689c-4d5d-482c-9cf4-9650592def0f" />
    <UnitTestResult executionId="a99be468-dbbc-4645-bdcb-13b6937be63f" testId="c083bd96-08f1-d792-0e40-18f1b30eeef4" testName="Server.Tests.NameVerificationTests.Validate_DisallowedPrefixes_ReturnsFalse(name: &quot;SeerMagic&quot;)" computerName="Z590P" duration="00:00:00.0000417" startTime="2025-11-13T19:21:13.5296228-05:00" endTime="2025-11-13T19:21:13.5296618-05:00" testType="13cdc9d9-ddb5-4fa4-a97d-d965ccfc6d4b" outcome="Passed" testListId="8c84fa94-04c1-424b-9868-57a2d4851a1d" relativeResultsDirectory="a99be468-dbbc-4645-bdcb-13b6937be63f" />
    <UnitTestResult executionId="ce33ec4d-acf4-48f2-9f5a-589fcd9ff650" testId="5b52bc8e-6c60-2f74-60e9-b3f4cca645b2" testName="Server.Tests.Accounting.AccountHandlerTests.IsValidUsername_ValidatesCorrectly(username: &quot;Invalid&lt;Char&quot;, expected: False)" computerName="Z590P" duration="00:00:00.0000041" startTime="2025-11-13T19:21:13.5657324-05:00" endTime="2025-11-13T19:21:13.5657634-05:00" testType="13cdc9d9-ddb5-4fa4-a97d-d965ccfc6d4b" outcome="Passed" testListId="8c84fa94-04c1-424b-9868-57a2d4851a1d" relativeResultsDirectory="ce33ec4d-acf4-48f2-9f5a-589fcd9ff650" />
    <UnitTestResult executionId="ae88481e-4993-4997-b38f-d5206f6dabdb" testId="365388f5-6154-349d-7bd3-d5b800a6e43b" testName="Server.Tests.NameVerificationTests.ValidatePlayerName_ValidNames_ReturnsTrue(name: &quot;Bob-Jones&quot;)" computerName="Z590P" duration="00:00:00.0002816" startTime="2025-11-13T19:21:13.5179919-05:00" endTime="2025-11-13T19:21:13.5191309-05:00" testType="13cdc9d9-ddb5-4fa4-a97d-d965ccfc6d4b" outcome="Passed" testListId="8c84fa94-04c1-424b-9868-57a2d4851a1d" relativeResultsDirectory="ae88481e-4993-4997-b38f-d5206f6dabdb" />
    <UnitTestResult executionId="64cdcf02-4fdb-41f9-a33e-bacfa39e977e" testId="54f63916-a95f-6b62-8194-9c6d38b4238f" testName="Server.Tests.Accounting.AccountHandlerTests.IsValidPassword_ValidatesCorrectly(password: &quot;ValidPassWithLength1234567890&quot;, expected: True)" computerName="Z590P" duration="00:00:00.0000092" startTime="2025-11-13T19:21:13.5156848-05:00" endTime="2025-11-13T19:21:13.5157216-05:00" testType="13cdc9d9-ddb5-4fa4-a97d-d965ccfc6d4b" outcome="Passed" testListId="8c84fa94-04c1-424b-9868-57a2d4851a1d" relativeResultsDirectory="64cdcf02-4fdb-41f9-a33e-bacfa39e977e" />
    <UnitTestResult executionId="6d2e9147-5e74-4bd8-a893-932f511d9b0c" testId="a109407f-a9bd-dff5-c616-0c10e637a058" testName="Server.Tests.Accounting.AccountHandlerTests.IsValidPassword_ValidatesCorrectly(password: &quot;&quot;, expected: False)" computerName="Z590P" duration="00:00:00.0064551" startTime="2025-11-13T19:21:13.4755234-05:00" endTime="2025-11-13T19:21:13.4888487-05:00" testType="13cdc9d9-ddb5-4fa4-a97d-d965ccfc6d4b" outcome="Passed" testListId="8c84fa94-04c1-424b-9868-57a2d4851a1d" relativeResultsDirectory="6d2e9147-5e74-4bd8-a893-932f511d9b0c" />
    <UnitTestResult executionId="ee629cc7-279c-4557-87a1-7370aa7fd725" testId="534154b7-550b-f2bd-91bc-df94e671072e" testName="Server.Tests.NameVerificationTests.ValidateVendorName_ValidNames_ReturnsFalse(name: &quot;Baker-Smith&quot;)" computerName="Z590P" duration="00:00:00.0000623" startTime="2025-11-13T19:21:13.5283560-05:00" endTime="2025-11-13T19:21:13.5283880-05:00" testType="13cdc9d9-ddb5-4fa4-a97d-d965ccfc6d4b" outcome="Passed" testListId="8c84fa94-04c1-424b-9868-57a2d4851a1d" relativeResultsDirectory="ee629cc7-279c-4557-87a1-7370aa7fd725" />
    <UnitTestResult executionId="0b24fe98-4bb1-4ed6-b6c6-06d12cc2adc2" testId="c72f9362-2899-2640-22c4-2edd357f97f7" testName="Server.Tests.NameVerificationTests.ValidateVendorName_ValidNames_ReturnsTrue(name: &quot;Blacksmith12&quot;)" computerName="Z590P" duration="00:00:00.0000788" startTime="2025-11-13T19:21:13.5266400-05:00" endTime="2025-11-13T19:21:13.5269284-05:00" testType="13cdc9d9-ddb5-4fa4-a97d-d965ccfc6d4b" outcome="Passed" testListId="8c84fa94-04c1-424b-9868-57a2d4851a1d" relativeResultsDirectory="0b24fe98-4bb1-4ed6-b6c6-06d12cc2adc2" />
    <UnitTestResult executionId="93a9a7b4-87c4-4c81-8f4e-fd2d18b3266c" testId="308dbea4-8f51-ee85-c16e-b45336810b3f" testName="Server.Tests.Network.ArrowPacketTests.TestSetArrowHS(x: 100, y: 10)" computerName="Z590P" duration="00:00:00.1046957" startTime="2025-11-13T19:21:13.4746950-05:00" endTime="2025-11-13T19:21:13.5828451-05:00" testType="13cdc9d9-ddb5-4fa4-a97d-d965ccfc6d4b" outcome="Passed" testListId="8c84fa94-04c1-424b-9868-57a2d4851a1d" relativeResultsDirectory="93a9a7b4-87c4-4c81-8f4e-fd2d18b3266c" />
    <UnitTestResult executionId="19545f6d-bda1-44cb-a56b-0f9135012072" testId="529c6a6d-c8a7-8871-12c1-09fecdff1a4a" testName="Server.Tests.NameVerificationTests.ValidateVendorName_ValidNames_ReturnsTrue(name: &quot;Innkeeper&quot;)" computerName="Z590P" duration="00:00:00.0000046" startTime="2025-11-13T19:21:13.5271823-05:00" endTime="2025-11-13T19:21:13.5272159-05:00" testType="13cdc9d9-ddb5-4fa4-a97d-d965ccfc6d4b" outcome="Passed" testListId="8c84fa94-04c1-424b-9868-57a2d4851a1d" relativeResultsDirectory="19545f6d-bda1-44cb-a56b-0f9135012072" />
    <UnitTestResult executionId="3dc27b3b-c2e0-4276-b986-c0bce66dd822" testId="39664220-682b-6f59-5c33-d0073ab93214" testName="Server.Tests.Accounting.AccountHandlerTests.IsValidUsername_ValidatesCorrectly(username: &quot;Valid.User&quot;, expected: True)" computerName="Z590P" duration="00:00:00.0775390" startTime="2025-11-13T19:21:13.5190887-05:00" endTime="2025-11-13T19:21:13.5649092-05:00" testType="13cdc9d9-ddb5-4fa4-a97d-d965ccfc6d4b" outcome="Passed" testListId="8c84fa94-04c1-424b-9868-57a2d4851a1d" relativeResultsDirectory="3dc27b3b-c2e0-4276-b986-c0bce66dd822" />
    <UnitTestResult executionId="b1da26e0-5165-4b33-b20c-19b41da051d1" testId="b9dc1288-b80a-da4a-5ba1-77c50c0cdf34" testName="Server.Tests.ProfanityProtectionTests.Speech_WithProfanity_FailsValidation(speech: &quot;This is ass&quot;)" computerName="Z590P" duration="00:00:00.0000048" startTime="2025-11-13T19:21:13.5241226-05:00" endTime="2025-11-13T19:21:13.5241591-05:00" testType="13cdc9d9-ddb5-4fa4-a97d-d965ccfc6d4b" outcome="Passed" testListId="8c84fa94-04c1-424b-9868-57a2d4851a1d" relativeResultsDirectory="b1da26e0-5165-4b33-b20c-19b41da051d1" />
    <UnitTestResult executionId="97484da9-c876-4abb-899b-a0a74542ac9b" testId="73c94ce0-5d7f-f21c-c279-8c69f55bdef7" testName="Server.Tests.ProfanityProtectionTests.Speech_WithProfanity_FailsValidation(speech: &quot;What the fuck&quot;)" computerName="Z590P" duration="00:00:00.0000571" startTime="2025-11-13T19:21:13.5237872-05:00" endTime="2025-11-13T19:21:13.5238213-05:00" testType="13cdc9d9-ddb5-4fa4-a97d-d965ccfc6d4b" outcome="Passed" testListId="8c84fa94-04c1-424b-9868-57a2d4851a1d" relativeResultsDirectory="97484da9-c876-4abb-899b-a0a74542ac9b" />
    <UnitTestResult executionId="90e07cb7-9093-462f-aa1d-ddcb56a9b044" testId="55cc308c-a20d-75da-50e8-ee7a67cb93e4" testName="Server.Tests.ProfanityProtectionTests.Speech_WithWordsThatLookLikeProfanity_PassesValidation(speech: &quot;This assignment is hard&quot;)" computerName="Z590P" duration="00:00:00.0000073" startTime="2025-11-13T19:21:13.5236598-05:00" endTime="2025-11-13T19:21:13.5236938-05:00" testType="13cdc9d9-ddb5-4fa4-a97d-d965ccfc6d4b" outcome="Passed" testListId="8c84fa94-04c1-424b-9868-57a2d4851a1d" relativeResultsDirectory="90e07cb7-9093-462f-aa1d-ddcb56a9b044" />
    <UnitTestResult executionId="a71792e3-7b32-4188-a442-c121c7441f41" testId="8af424de-68ee-f40a-e3b4-50cf362a73df" testName="Server.Tests.Accounting.Security.PasswordProtectionTest.TestPasswordDoesNotValidate(protectionType: typeof(Server.Accounting.Security.HashAlgorithmPasswordProtection), algorithmType: &quot;MD5&quot;)" computerName="Z590P" duration="00:00:00.0007663" startTime="2025-11-13T19:21:13.5137289-05:00" endTime="2025-11-13T19:21:13.5180179-05:00" testType="13cdc9d9-ddb5-4fa4-a97d-d965ccfc6d4b" outcome="Passed" testListId="8c84fa94-04c1-424b-9868-57a2d4851a1d" relativeResultsDirectory="a71792e3-7b32-4188-a442-c121c7441f41" />
    <UnitTestResult executionId="be7938b5-bb64-4f07-b5c2-de75908b6df1" testId="2831944a-a071-8492-69d7-61098a916f10" testName="Server.Tests.ProfanityProtectionTests.ContainsDisallowedWord_DetectsProfanityWithBoundaries(speech: &quot;ass&quot;)" computerName="Z590P" duration="00:00:00.0001138" startTime="2025-11-13T19:21:13.5137509-05:00" endTime="2025-11-13T19:21:13.5150745-05:00" testType="13cdc9d9-ddb5-4fa4-a97d-d965ccfc6d4b" outcome="Passed" testListId="8c84fa94-04c1-424b-9868-57a2d4851a1d" relativeResultsDirectory="be7938b5-bb64-4f07-b5c2-de75908b6df1" />
    <UnitTestResult executionId="c47827b2-67c5-4883-85b9-8bf6258d42a2" testId="69f9726b-755a-1e7d-1806-e09feea76120" testName="Server.Tests.Gumps.TestLayoutGumps.TestStaticGumpPacket" computerName="Z590P" duration="00:00:00.0009997" startTime="2025-11-13T19:21:13.6754238-05:00" endTime="2025-11-13T19:21:13.6762186-05:00" testType="13cdc9d9-ddb5-4fa4-a97d-d965ccfc6d4b" outcome="Passed" testListId="8c84fa94-04c1-424b-9868-57a2d4851a1d" relativeResultsDirectory="c47827b2-67c5-4883-85b9-8bf6258d42a2" />
    <UnitTestResult executionId="8342da14-354d-43fd-9b09-3c90c1bf35be" testId="dad8c174-7825-3b40-4cc5-46455d2f917d" testName="Server.Tests.Network.ArrowPacketTests.TestSetArrowHS(x: 0, y: 0)" computerName="Z590P" duration="00:00:00.0005744" startTime="2025-11-13T19:21:13.5835249-05:00" endTime="2025-11-13T19:21:13.5835959-05:00" testType="13cdc9d9-ddb5-4fa4-a97d-d965ccfc6d4b" outcome="Passed" testListId="8c84fa94-04c1-424b-9868-57a2d4851a1d" relativeResultsDirectory="8342da14-354d-43fd-9b09-3c90c1bf35be" />
    <UnitTestResult executionId="39efa11f-9b08-4e42-8d74-ac92f86cfd40" testId="e8ffcfb4-c01e-1748-14b1-843a06642c88" testName="Server.Tests.NameVerificationTests.ValidatePetName_InvalidNames_ReturnsFalse(name: &quot;Mr. Whiskers&quot;)" computerName="Z590P" duration="00:00:00.0000574" startTime="2025-11-13T19:21:13.5287251-05:00" endTime="2025-11-13T19:21:13.5287590-05:00" testType="13cdc9d9-ddb5-4fa4-a97d-d965ccfc6d4b" outcome="Passed" testListId="8c84fa94-04c1-424b-9868-57a2d4851a1d" relativeResultsDirectory="39efa11f-9b08-4e42-8d74-ac92f86cfd40" />
    <UnitTestResult executionId="95607867-396a-4a20-b91b-0f7a7a276cde" testId="d7a440a5-00d4-1c86-db60-b36dcc8d7239" testName="Server.Tests.Network.ArrowPacketTests.TestCancelArrowHS(x: 100000, y: 100000)" computerName="Z590P" duration="00:00:00.0002363" startTime="2025-11-13T19:21:13.5848813-05:00" endTime="2025-11-13T19:21:13.5849181-05:00" testType="13cdc9d9-ddb5-4fa4-a97d-d965ccfc6d4b" outcome="Passed" testListId="8c84fa94-04c1-424b-9868-57a2d4851a1d" relativeResultsDirectory="95607867-396a-4a20-b91b-0f7a7a276cde" />
    <UnitTestResult executionId="c46effb5-dd0a-49f3-8031-d9eef9ea6d92" testId="0916c51b-d71a-ff8d-6157-1535da65e2f5" testName="Server.Engines.MLQuests.MLQuestPacketTests.TestCloseRaceChanger" computerName="Z590P" duration="00:00:00.0002791" startTime="2025-11-13T19:21:13.5837852-05:00" endTime="2025-11-13T19:21:13.5839357-05:00" testType="13cdc9d9-ddb5-4fa4-a97d-d965ccfc6d4b" outcome="Passed" testListId="8c84fa94-04c1-424b-9868-57a2d4851a1d" relativeResultsDirectory="c46effb5-dd0a-49f3-8031-d9eef9ea6d92" />
    <UnitTestResult executionId="112799c9-b73f-4570-9035-8c1ff5f866f1" testId="2b477d86-1652-af24-1d8c-a0cf2b654043" testName="Server.Tests.NameVerificationTests.Validate_DisallowedCharacters_ReturnsFalse" computerName="Z590P" duration="00:00:00.0064485" startTime="2025-11-13T19:21:13.4756201-05:00" endTime="2025-11-13T19:21:13.4863268-05:00" testType="13cdc9d9-ddb5-4fa4-a97d-d965ccfc6d4b" outcome="Passed" testListId="8c84fa94-04c1-424b-9868-57a2d4851a1d" relativeResultsDirectory="112799c9-b73f-4570-9035-8c1ff5f866f1" />
    <UnitTestResult executionId="981a7a78-ea6c-4138-854f-f036f798198c" testId="17e1f5be-719b-461b-f107-9b6433adfe61" testName="Server.Tests.Accounting.Security.PasswordProtectionTest.TestPasswordDoesNotValidate(protectionType: typeof(Server.Accounting.Security.HashAlgorithmPasswordProtection), algorithmType: &quot;SHA2&quot;)" computerName="Z590P" duration="00:00:00.0000310" startTime="2025-11-13T19:21:13.5187117-05:00" endTime="2025-11-13T19:21:13.5187550-05:00" testType="13cdc9d9-ddb5-4fa4-a97d-d965ccfc6d4b" outcome="Passed" testListId="8c84fa94-04c1-424b-9868-57a2d4851a1d" relativeResultsDirectory="981a7a78-ea6c-4138-854f-f036f798198c" />
    <UnitTestResult executionId="215f071b-abc8-4136-9391-6111d4df0496" testId="0e9d986b-99d6-e4a8-9d2d-b5fecf565f8b" testName="Server.Tests.NameVerificationTests.ValidatePetName_ValidNames_ReturnsTrue(name: &quot;MrWhiskers&quot;)" computerName="Z590P" duration="00:00:00.0000053" startTime="2025-11-13T19:21:13.5259446-05:00" endTime="2025-11-13T19:21:13.5261534-05:00" testType="13cdc9d9-ddb5-4fa4-a97d-d965ccfc6d4b" outcome="Passed" testListId="8c84fa94-04c1-424b-9868-57a2d4851a1d" relativeResultsDirectory="215f071b-abc8-4136-9391-6111d4df0496" />
    <UnitTestResult executionId="40aa784d-f3ef-48e2-955c-74f27813093f" testId="12735c32-19ff-1769-9de6-c52d162acd5f" testName="Server.Tests.NameVerificationTests.ValidatePlayerName_ValidNames_ReturnsTrue(name: &quot;John&quot;)" computerName="Z590P" duration="00:00:00.0000047" startTime="2025-11-13T19:21:13.5193297-05:00" endTime="2025-11-13T19:21:13.5193703-05:00" testType="13cdc9d9-ddb5-4fa4-a97d-d965ccfc6d4b" outcome="Passed" testListId="8c84fa94-04c1-424b-9868-57a2d4851a1d" relativeResultsDirectory="40aa784d-f3ef-48e2-955c-74f27813093f" />
    <UnitTestResult executionId="0896d684-cfa1-4f05-9490-52a8b2a6f82f" testId="9b2bbceb-468f-d0ac-b341-60598875d208" testName="Server.Tests.NameVerificationTests.ValidateVendorName_ValidNames_ReturnsFalse(name: &quot;Blacksmith 123&quot;)" computerName="Z590P" duration="00:00:00.0000407" startTime="2025-11-13T19:21:13.5282644-05:00" endTime="2025-11-13T19:21:13.5282962-05:00" testType="13cdc9d9-ddb5-4fa4-a97d-d965ccfc6d4b" outcome="Passed" testListId="8c84fa94-04c1-424b-9868-57a2d4851a1d" relativeResultsDirectory="0896d684-cfa1-4f05-9490-52a8b2a6f82f" />
    <UnitTestResult executionId="7aaecfd0-f78f-426d-967d-15059e71ffa1" testId="d8c91bcb-4d5f-2373-fe52-b7e836e105ed" testName="Server.Tests.Network.ArrowPacketTests.TestSetArrow(x: 100, y: 10)" computerName="Z590P" duration="00:00:00.0001685" startTime="2025-11-13T19:21:13.5841899-05:00" endTime="2025-11-13T19:21:13.5842255-05:00" testType="13cdc9d9-ddb5-4fa4-a97d-d965ccfc6d4b" outcome="Passed" testListId="8c84fa94-04c1-424b-9868-57a2d4851a1d" relativeResultsDirectory="7aaecfd0-f78f-426d-967d-15059e71ffa1" />
    <UnitTestResult executionId="f46a2503-077c-402b-b46a-25300c0d3e81" testId="95955412-4531-2e14-9531-d38894ef3365" testName="Server.Tests.ProfanityProtectionTests.ContainsDisallowedWord_DetectsProfanityWithBoundaries(speech: &quot;an ass joke&quot;)" computerName="Z590P" duration="00:00:00.0080480" startTime="2025-11-13T19:21:13.4755862-05:00" endTime="2025-11-13T19:21:13.4920301-05:00" testType="13cdc9d9-ddb5-4fa4-a97d-d965ccfc6d4b" outcome="Passed" testListId="8c84fa94-04c1-424b-9868-57a2d4851a1d" relativeResultsDirectory="f46a2503-077c-402b-b46a-25300c0d3e81" />
    <UnitTestResult executionId="140f181a-c001-4c69-8ef0-642725d4b20a" testId="e62d010d-3c08-4181-e2aa-040984485618" testName="Server.Tests.Accounting.AccountHandlerTests.IsValidUsername_ValidatesCorrectly(username: &quot;ValidUser123&quot;, expected: True)" computerName="Z590P" duration="00:00:00.0000028" startTime="2025-11-13T19:21:13.5656397-05:00" endTime="2025-11-13T19:21:13.5656717-05:00" testType="13cdc9d9-ddb5-4fa4-a97d-d965ccfc6d4b" outcome="Passed" testListId="8c84fa94-04c1-424b-9868-57a2d4851a1d" relativeResultsDirectory="140f181a-c001-4c69-8ef0-642725d4b20a" />
    <UnitTestResult executionId="2586ff6f-d1ac-4431-9dd0-e0951b53175e" testId="cbd7b4b4-f86f-4d56-5526-66acd9284261" testName="Server.Tests.Accounting.AccountHandlerTests.IsValidUsername_ValidatesCorrectly(username: &quot;&quot;, expected: False)" computerName="Z590P" duration="00:00:00.0000049" startTime="2025-11-13T19:21:13.5189730-05:00" endTime="2025-11-13T19:21:13.5190123-05:00" testType="13cdc9d9-ddb5-4fa4-a97d-d965ccfc6d4b" outcome="Passed" testListId="8c84fa94-04c1-424b-9868-57a2d4851a1d" relativeResultsDirectory="2586ff6f-d1ac-4431-9dd0-e0951b53175e" />
    <UnitTestResult executionId="34e88c8f-8a5a-4a3c-9fab-0678b8335bd8" testId="cbfb1eb5-178a-bb02-d5ec-62040504c463" testName="Server.Tests.Network.ArrowPacketTests.TestSetArrow(x: 100000, y: 100000)" computerName="Z590P" duration="00:00:00.0000579" startTime="2025-11-13T19:21:13.5842883-05:00" endTime="2025-11-13T19:21:13.5843194-05:00" testType="13cdc9d9-ddb5-4fa4-a97d-d965ccfc6d4b" outcome="Passed" testListId="8c84fa94-04c1-424b-9868-57a2d4851a1d" relativeResultsDirectory="34e88c8f-8a5a-4a3c-9fab-0678b8335bd8" />
    <UnitTestResult executionId="8ced80f3-1720-4bfc-915d-659d1d273579" testId="17f012ad-a629-8b47-7005-c808edaecab4" testName="Server.Tests.NameVerificationTests.Validate_MaxExceptions_ReturnsTrue" computerName="Z590P" duration="00:00:00.0000640" startTime="2025-11-13T19:21:13.5300553-05:00" endTime="2025-11-13T19:21:13.5300859-05:00" testType="13cdc9d9-ddb5-4fa4-a97d-d965ccfc6d4b" outcome="Passed" testListId="8c84fa94-04c1-424b-9868-57a2d4851a1d" relativeResultsDirectory="8ced80f3-1720-4bfc-915d-659d1d273579" />
    <UnitTestResult executionId="2baf1383-e7e4-46f7-9174-cb778dcaa64d" testId="d54dbb6e-fe88-9d0c-d621-b72f2e126109" testName="Server.Tests.NameVerificationTests.Validate_DisallowedPrefixes_ReturnsFalse(name: &quot;GMJohn&quot;)" computerName="Z590P" duration="00:00:00.0000045" startTime="2025-11-13T19:21:13.5298258-05:00" endTime="2025-11-13T19:21:13.5298591-05:00" testType="13cdc9d9-ddb5-4fa4-a97d-d965ccfc6d4b" outcome="Passed" testListId="8c84fa94-04c1-424b-9868-57a2d4851a1d" relativeResultsDirectory="2baf1383-e7e4-46f7-9174-cb778dcaa64d" />
    <UnitTestResult executionId="b84288ae-4429-4ae1-960d-4e93b60baaf1" testId="bb03b481-64a8-0666-eef1-19f0d1282619" testName="Server.Tests.ProfanityProtectionTests.Speech_WithWordsThatLookLikeProfanity_PassesValidation(speech: &quot;That's a nice cocktail&quot;)" computerName="Z590P" duration="00:00:00.0011342" startTime="2025-11-13T19:21:13.5155090-05:00" endTime="2025-11-13T19:21:13.5234472-05:00" testType="13cdc9d9-ddb5-4fa4-a97d-d965ccfc6d4b" outcome="Passed" testListId="8c84fa94-04c1-424b-9868-57a2d4851a1d" relativeResultsDirectory="b84288ae-4429-4ae1-960d-4e93b60baaf1" />
    <UnitTestResult executionId="2333ec3a-87d5-43d8-b7c6-42a19286161c" testId="86396a62-2564-b18f-fdd2-0151947e85a4" testName="Server.Tests.NameVerificationTests.ValidatePetName_ValidNames_ReturnsTrue(name: &quot;Fido&quot;)" computerName="Z590P" duration="00:00:00.0000702" startTime="2025-11-13T19:21:13.5249757-05:00" endTime="2025-11-13T19:21:13.5257440-05:00" testType="13cdc9d9-ddb5-4fa4-a97d-d965ccfc6d4b" outcome="Passed" testListId="8c84fa94-04c1-424b-9868-57a2d4851a1d" relativeResultsDirectory="2333ec3a-87d5-43d8-b7c6-42a19286161c" />
    <UnitTestResult executionId="b01726ba-15a5-48df-8f17-dcdc9360cea4" testId="72836f69-f6af-00c5-3fe5-667eedf321a1" testName="Server.Tests.NameVerificationTests.Validate_DisallowedWords_ReturnsFalse(name: &quot;Fuck&quot;)" computerName="Z590P" duration="00:00:00.0005184" startTime="2025-11-13T19:21:13.5144623-05:00" endTime="2025-11-13T19:21:13.5175302-05:00" testType="13cdc9d9-ddb5-4fa4-a97d-d965ccfc6d4b" outcome="Passed" testListId="8c84fa94-04c1-424b-9868-57a2d4851a1d" relativeResultsDirectory="b01726ba-15a5-48df-8f17-dcdc9360cea4" />
    <UnitTestResult executionId="3c8ed9ec-eb20-4890-8c7a-c5a5f779a723" testId="0f2e1b80-4ff0-799e-d3a4-6cb0b3a4ed1a" testName="Server.Tests.Utility.TryParseTests.TestTryParseBool(value: &quot;False&quot;, returned: null, parsedAs: False)" computerName="Z590P" duration="00:00:00.0071974" startTime="2025-11-13T19:21:13.4755649-05:00" endTime="2025-11-13T19:21:13.4887541-05:00" testType="13cdc9d9-ddb5-4fa4-a97d-d965ccfc6d4b" outcome="Passed" testListId="8c84fa94-04c1-424b-9868-57a2d4851a1d" relativeResultsDirectory="3c8ed9ec-eb20-4890-8c7a-c5a5f779a723" />
    <UnitTestResult executionId="2d177b60-a4b5-43b7-9ef0-41585050e542" testId="b69a1e1f-3b14-878f-e09a-af1ba4acdd97" testName="Server.Tests.Accounting.Security.PasswordProtectionTest.TestValidates(protectionType: typeof(Server.Accounting.Security.HashAlgorithmPasswordProtection), algorithmType: &quot;SHA2&quot;)" computerName="Z590P" duration="00:00:00.0000064" startTime="2025-11-13T19:21:13.5964976-05:00" endTime="2025-11-13T19:21:13.5965392-05:00" testType="13cdc9d9-ddb5-4fa4-a97d-d965ccfc6d4b" outcome="Passed" testListId="8c84fa94-04c1-424b-9868-57a2d4851a1d" relativeResultsDirectory="2d177b60-a4b5-43b7-9ef0-41585050e542" />
    <UnitTestResult executionId="76740030-6c00-408c-8253-c1fc22803e63" testId="9c24d4fc-9cc6-8406-cafd-e423aa65edaa" testName="Server.Tests.Network.ArrowPacketTests.TestCancelArrow" computerName="Z590P" duration="00:00:00.0002544" startTime="2025-11-13T19:21:13.5839029-05:00" endTime="2025-11-13T19:21:13.5840085-05:00" testType="13cdc9d9-ddb5-4fa4-a97d-d965ccfc6d4b" outcome="Passed" testListId="8c84fa94-04c1-424b-9868-57a2d4851a1d" relativeResultsDirectory="76740030-6c00-408c-8253-c1fc22803e63" />
    <UnitTestResult executionId="ea2ed66b-4f3d-44c2-b782-41c88a32f18d" testId="60cc92e9-630a-0593-4688-b485b5f6266c" testName="Server.Tests.Accounting.Security.PasswordProtectionTest.TestValidates(protectionType: typeof(Server.Accounting.Security.HashAlgorithmPasswordProtection), algorithmType: &quot;MD5&quot;)" computerName="Z590P" duration="00:00:00.0000102" startTime="2025-11-13T19:21:13.5963939-05:00" endTime="2025-11-13T19:21:13.5964305-05:00" testType="13cdc9d9-ddb5-4fa4-a97d-d965ccfc6d4b" outcome="Passed" testListId="8c84fa94-04c1-424b-9868-57a2d4851a1d" relativeResultsDirectory="ea2ed66b-4f3d-44c2-b782-41c88a32f18d" />
    <UnitTestResult executionId="9ca5c6da-7dd6-4b14-a9fc-f08aaf8ebc25" testId="32fe4972-1167-5115-e504-d72452618dd3" testName="Server.Tests.NameVerificationTests.Validate_TooManyExceptions_ReturnsFalse" computerName="Z590P" duration="00:00:00.0000575" startTime="2025-11-13T19:21:13.5302758-05:00" endTime="2025-11-13T19:21:13.5303061-05:00" testType="13cdc9d9-ddb5-4fa4-a97d-d965ccfc6d4b" outcome="Passed" testListId="8c84fa94-04c1-424b-9868-57a2d4851a1d" relativeResultsDirectory="9ca5c6da-7dd6-4b14-a9fc-f08aaf8ebc25" />
    <UnitTestResult executionId="b1445c14-fce9-44f9-af1c-33558bc10076" testId="0ebff6e2-60e7-0aff-d1ac-73cdb4d6b996" testName="Server.Tests.NameVerificationTests.ValidatePlayerName_ValidNames_ReturnsTrue(name: &quot;Mary Ann&quot;)" computerName="Z590P" duration="00:00:00.0001075" startTime="2025-11-13T19:21:13.5192142-05:00" endTime="2025-11-13T19:21:13.5192554-05:00" testType="13cdc9d9-ddb5-4fa4-a97d-d965ccfc6d4b" outcome="Passed" testListId="8c84fa94-04c1-424b-9868-57a2d4851a1d" relativeResultsDirectory="b1445c14-fce9-44f9-af1c-33558bc10076" />
    <UnitTestResult executionId="45f5ecee-7c85-4fc4-b093-0df2cad5faa0" testId="e32df89c-b119-162a-fb71-e8f58b571234" testName="Server.Tests.NameVerificationTests.ValidateVendorName_ValidNames_ReturnsFalse(name: &quot;*Innkeeper*&quot;)" computerName="Z590P" duration="00:00:00.0000035" startTime="2025-11-13T19:21:13.5284474-05:00" endTime="2025-11-13T19:21:13.5284790-05:00" testType="13cdc9d9-ddb5-4fa4-a97d-d965ccfc6d4b" outcome="Passed" testListId="8c84fa94-04c1-424b-9868-57a2d4851a1d" relativeResultsDirectory="45f5ecee-7c85-4fc4-b093-0df2cad5faa0" />
    <UnitTestResult executionId="21d0806b-1b7b-4aa0-af46-e58d104a6d71" testId="f5fe2093-6755-2c99-2d90-bdfc3fe45ccd" testName="Server.Tests.Accounting.AccountHandlerTests.IsValidUsername_ValidatesCorrectly(username: &quot;ValidUser!@#&quot;, expected: True)" computerName="Z590P" duration="00:00:00.0000014" startTime="2025-11-13T19:21:13.5660019-05:00" endTime="2025-11-13T19:21:13.5660329-05:00" testType="13cdc9d9-ddb5-4fa4-a97d-d965ccfc6d4b" outcome="Passed" testListId="8c84fa94-04c1-424b-9868-57a2d4851a1d" relativeResultsDirectory="21d0806b-1b7b-4aa0-af46-e58d104a6d71" />
    <UnitTestResult executionId="b043e7b0-3163-44e1-94bd-19e6e55744db" testId="ec2c452b-c6d1-e8a6-7b59-ee8b98b608b9" testName="Server.Tests.ProfanityProtectionTests.Speech_WithoutProfanity_PassesValidation(speech: &quot;This is a normal conversation&quot;)" computerName="Z590P" duration="00:00:00.0000056" startTime="2025-11-13T19:21:13.5259170-05:00" endTime="2025-11-13T19:21:13.5260327-05:00" testType="13cdc9d9-ddb5-4fa4-a97d-d965ccfc6d4b" outcome="Passed" testListId="8c84fa94-04c1-424b-9868-57a2d4851a1d" relativeResultsDirectory="b043e7b0-3163-44e1-94bd-19e6e55744db" />
    <UnitTestResult executionId="62f32dae-2354-437c-9002-d60f69dc2964" testId="611e7cbe-0aa5-41c2-ceb5-33aa437aa3da" testName="Server.Tests.Accounting.Security.PasswordProtectionTest.TestValidates(protectionType: typeof(Server.Accounting.Security.HashAlgorithmPasswordProtection), algorithmType: &quot;SHA1&quot;)" computerName="Z590P" duration="00:00:00.0002455" startTime="2025-11-13T19:21:13.5962559-05:00" endTime="2025-11-13T19:21:13.5963071-05:00" testType="13cdc9d9-ddb5-4fa4-a97d-d965ccfc6d4b" outcome="Passed" testListId="8c84fa94-04c1-424b-9868-57a2d4851a1d" relativeResultsDirectory="62f32dae-2354-437c-9002-d60f69dc2964" />
    <UnitTestResult executionId="034751cf-3ea0-49b9-bf26-a57fb70d5acf" testId="1037a524-20b4-90e8-6775-006a2de41d26" testName="Server.Tests.ProfanityProtectionTests.Speech_WithWordsThatLookLikeProfanity_PassesValidation(speech: &quot;I'm going to class tomorrow&quot;)" computerName="Z590P" duration="00:00:00.0000743" startTime="2025-11-13T19:21:13.5235546-05:00" endTime="2025-11-13T19:21:13.5235925-05:00" testType="13cdc9d9-ddb5-4fa4-a97d-d965ccfc6d4b" outcome="Passed" testListId="8c84fa94-04c1-424b-9868-57a2d4851a1d" relativeResultsDirectory="034751cf-3ea0-49b9-bf26-a57fb70d5acf" />
    <UnitTestResult executionId="c02b0f47-cb6b-4d2d-90fa-cdd1648a68e5" testId="8ecc5c61-321d-ef30-c94b-e22338e65c95" testName="Server.Tests.NameVerificationTests.ValidatePetName_InvalidNames_ReturnsFalse(name: &quot;Dog123&quot;)" computerName="Z590P" duration="00:00:00.0000041" startTime="2025-11-13T19:21:13.5288233-05:00" endTime="2025-11-13T19:21:13.5288600-05:00" testType="13cdc9d9-ddb5-4fa4-a97d-d965ccfc6d4b" outcome="Passed" testListId="8c84fa94-04c1-424b-9868-57a2d4851a1d" relativeResultsDirectory="c02b0f47-cb6b-4d2d-90fa-cdd1648a68e5" />
    <UnitTestResult executionId="280704c1-5441-48eb-9dd4-108a66779444" testId="193c8394-f089-3bfd-8497-d5246167db9f" testName="Server.Tests.Accounting.AccountHandlerTests.IsValidUsername_ValidatesCorrectly(username: &quot; &quot;, expected: False)" computerName="Z590P" duration="00:00:00.0002616" startTime="2025-11-13T19:21:13.5174167-05:00" endTime="2025-11-13T19:21:13.5176408-05:00" testType="13cdc9d9-ddb5-4fa4-a97d-d965ccfc6d4b" outcome="Passed" testListId="8c84fa94-04c1-424b-9868-57a2d4851a1d" relativeResultsDirectory="280704c1-5441-48eb-9dd4-108a66779444" />
    <UnitTestResult executionId="b6a17233-bcbd-4732-9884-8d378c9430b4" testId="d97dc767-ad37-8fa3-7638-136de4a8fdf4" testName="Server.Tests.NameVerificationTests.Validate_DisallowedWords_ReturnsFalse(name: &quot;GodDamn Fine&quot;)" computerName="Z590P" duration="00:00:00.0000072" startTime="2025-11-13T19:21:13.5178437-05:00" endTime="2025-11-13T19:21:13.5178893-05:00" testType="13cdc9d9-ddb5-4fa4-a97d-d965ccfc6d4b" outcome="Passed" testListId="8c84fa94-04c1-424b-9868-57a2d4851a1d" relativeResultsDirectory="b6a17233-bcbd-4732-9884-8d378c9430b4" />
    <UnitTestResult executionId="cc870017-3ede-4995-8746-d1bdb0a22b5d" testId="0ae4e072-c826-d914-688f-11afe48515bf" testName="Server.Tests.ProfanityProtectionTests.Speech_Empty_PassesValidation" computerName="Z590P" duration="00:00:00.0000458" startTime="2025-11-13T19:21:13.5263751-05:00" endTime="2025-11-13T19:21:13.5266935-05:00" testType="13cdc9d9-ddb5-4fa4-a97d-d965ccfc6d4b" outcome="Passed" testListId="8c84fa94-04c1-424b-9868-57a2d4851a1d" relativeResultsDirectory="cc870017-3ede-4995-8746-d1bdb0a22b5d" />
    <UnitTestResult executionId="38f8612e-b1ba-41a0-af48-db9a3c67d25f" testId="4f29623d-457b-3c71-60a0-24441be52b33" testName="Server.Tests.Accounting.AccountHandlerTests.IsValidUsername_ValidatesCorrectly(username: &quot; StartsWithSpace&quot;, expected: False)" computerName="Z590P" duration="00:00:00.0000014" startTime="2025-11-13T19:21:13.5659139-05:00" endTime="2025-11-13T19:21:13.5659443-05:00" testType="13cdc9d9-ddb5-4fa4-a97d-d965ccfc6d4b" outcome="Passed" testListId="8c84fa94-04c1-424b-9868-57a2d4851a1d" relativeResultsDirectory="38f8612e-b1ba-41a0-af48-db9a3c67d25f" />
    <UnitTestResult executionId="472b7d3f-4299-451e-a118-0c5a220e808b" testId="a0c5919a-4e55-b7b0-eac2-e2400c0b5bfa" testName="Server.Engines.MLQuests.MLQuestPacketTests.TestRaceChanger(female: True, raceId: 1)" computerName="Z590P" duration="00:00:00.1046950" startTime="2025-11-13T19:21:13.4756020-05:00" endTime="2025-11-13T19:21:13.5828014-05:00" testType="13cdc9d9-ddb5-4fa4-a97d-d965ccfc6d4b" outcome="Passed" testListId="8c84fa94-04c1-424b-9868-57a2d4851a1d" relativeResultsDirectory="472b7d3f-4299-451e-a118-0c5a220e808b" />
    <UnitTestResult executionId="a0099f8e-9547-4462-9caf-2a76bd1a5d13" testId="95acc060-2504-3409-367e-3ae2610dd5cd" testName="Server.Tests.NameVerificationTests.Validate_DisallowedWords_ReturnsFalse(name: &quot;ass&quot;)" computerName="Z590P" duration="00:00:00.0000797" startTime="2025-11-13T19:21:13.5176023-05:00" endTime="2025-11-13T19:21:13.5177667-05:00" testType="13cdc9d9-ddb5-4fa4-a97d-d965ccfc6d4b" outcome="Passed" testListId="8c84fa94-04c1-424b-9868-57a2d4851a1d" relativeResultsDirectory="a0099f8e-9547-4462-9caf-2a76bd1a5d13" />
    <UnitTestResult executionId="488d4d50-eb09-4faf-95ea-76d0fcd1eb0e" testId="869984b9-9fc7-04e8-8422-ca370f8ed3e6" testName="Server.Tests.Accounting.AccountHandlerTests.IsValidUsername_ValidatesCorrectly(username: &quot;EndsWithPeriod.&quot;, expected: False)" computerName="Z590P" duration="00:00:00.0002291" startTime="2025-11-13T19:21:13.5177244-05:00" endTime="2025-11-13T19:21:13.5188867-05:00" testType="13cdc9d9-ddb5-4fa4-a97d-d965ccfc6d4b" outcome="Passed" testListId="8c84fa94-04c1-424b-9868-57a2d4851a1d" relativeResultsDirectory="488d4d50-eb09-4faf-95ea-76d0fcd1eb0e" />
    <UnitTestResult executionId="7b59ddaa-aa8c-4f39-bce3-31811b075a07" testId="48a204db-dd62-e426-4dd3-4dd34cea7bdc" testName="Server.Tests.Accounting.AccountHandlerTests.IsValidPassword_ValidatesCorrectly(password: &quot;ValidPass!@#&quot;, expected: True)" computerName="Z590P" duration="00:00:00.0002480" startTime="2025-11-13T19:21:13.5137866-05:00" endTime="2025-11-13T19:21:13.5156111-05:00" testType="13cdc9d9-ddb5-4fa4-a97d-d965ccfc6d4b" outcome="Passed" testListId="8c84fa94-04c1-424b-9868-57a2d4851a1d" relativeResultsDirectory="7b59ddaa-aa8c-4f39-bce3-31811b075a07" />
    <UnitTestResult executionId="af0f3d4c-f0ca-472a-b9c3-40557b189e2f" testId="97688551-4d33-9b17-40b1-03c2ca237085" testName="Server.Tests.NameVerificationTests.ValidateVendorName_ValidNames_ReturnsTrue(name: &quot;Baker&quot;)" computerName="Z590P" duration="00:00:00.0000642" startTime="2025-11-13T19:21:13.5270446-05:00" endTime="2025-11-13T19:21:13.5271033-05:00" testType="13cdc9d9-ddb5-4fa4-a97d-d965ccfc6d4b" outcome="Passed" testListId="8c84fa94-04c1-424b-9868-57a2d4851a1d" relativeResultsDirectory="af0f3d4c-f0ca-472a-b9c3-40557b189e2f" />
    <UnitTestResult executionId="eca7cbee-897e-42a7-8826-009aa9bc58e5" testId="bd98a753-c1b0-8280-8f4f-a2f19a684514" testName="Server.Tests.Network.ArrowPacketTests.TestSetArrowHS(x: 100000, y: 100000)" computerName="Z590P" duration="00:00:00.0000725" startTime="2025-11-13T19:21:13.5837346-05:00" endTime="2025-11-13T19:21:13.5838156-05:00" testType="13cdc9d9-ddb5-4fa4-a97d-d965ccfc6d4b" outcome="Passed" testListId="8c84fa94-04c1-424b-9868-57a2d4851a1d" relativeResultsDirectory="eca7cbee-897e-42a7-8826-009aa9bc58e5" />
    <UnitTestResult executionId="65cedf98-2814-402a-b6da-1f9f6e5bdd9f" testId="57cad039-8df6-efab-33c2-8d361b94fd4f" testName="Server.Tests.Accounting.Security.PasswordProtectionTest.TestPasswordDoesNotValidate(protectionType: typeof(Server.Accounting.Security.PBKDF2PasswordProtection), algorithmType: null)" computerName="Z590P" duration="00:00:00.0064610" startTime="2025-11-13T19:21:13.4756382-05:00" endTime="2025-11-13T19:21:13.4888270-05:00" testType="13cdc9d9-ddb5-4fa4-a97d-d965ccfc6d4b" outcome="Passed" testListId="8c84fa94-04c1-424b-9868-57a2d4851a1d" relativeResultsDirectory="65cedf98-2814-402a-b6da-1f9f6e5bdd9f" />
    <UnitTestResult executionId="496965fe-201e-4b9c-9c15-4059a99514fc" testId="c817515d-7f10-dfe6-8ae7-c4a4372a7b44" testName="Server.Tests.Accounting.Security.PasswordProtectionTest.TestValidates(protectionType: typeof(Server.Accounting.Security.PBKDF2PasswordProtection), algorithmType: null)" computerName="Z590P" duration="00:00:00.0007052" startTime="2025-11-13T19:21:13.5966057-05:00" endTime="2025-11-13T19:21:13.5970913-05:00" testType="13cdc9d9-ddb5-4fa4-a97d-d965ccfc6d4b" outcome="Passed" testListId="8c84fa94-04c1-424b-9868-57a2d4851a1d" relativeResultsDirectory="496965fe-201e-4b9c-9c15-4059a99514fc" />
    <UnitTestResult executionId="e8059f3b-c864-46c6-95d4-406eac7b5c94" testId="3810e133-6828-6df0-bf24-a441b0b448e0" testName="Server.Tests.NameVerificationTests.Validate_MinimumLengthName_ReturnsTrue" computerName="Z590P" duration="00:00:00.0000484" startTime="2025-11-13T19:21:13.5279989-05:00" endTime="2025-11-13T19:21:13.5280417-05:00" testType="13cdc9d9-ddb5-4fa4-a97d-d965ccfc6d4b" outcome="Passed" testListId="8c84fa94-04c1-424b-9868-57a2d4851a1d" relativeResultsDirectory="e8059f3b-c864-46c6-95d4-406eac7b5c94" />
    <UnitTestResult executionId="04ee39c6-7ace-4bed-a7ad-50f69ba01b4f" testId="ff29478c-3822-0bbd-af07-adb0a4f71cad" testName="Server.Tests.ProfanityProtectionTests.Speech_WithoutProfanity_PassesValidation(speech: &quot;I would like to trade with you&quot;)" computerName="Z590P" duration="00:00:00.0000466" startTime="2025-11-13T19:21:13.5242537-05:00" endTime="2025-11-13T19:21:13.5248845-05:00" testType="13cdc9d9-ddb5-4fa4-a97d-d965ccfc6d4b" outcome="Passed" testListId="8c84fa94-04c1-424b-9868-57a2d4851a1d" relativeResultsDirectory="04ee39c6-7ace-4bed-a7ad-50f69ba01b4f" />
    <UnitTestResult executionId="8a1aeb28-0a3a-4414-916b-9b465d151686" testId="11f59001-7d33-9028-6547-ddad8daa7dfd" testName="Server.Tests.ProfanityProtectionTests.ContainsDisallowedWord_DetectsProfanityWithBoundaries(speech: &quot;ass.&quot;)" computerName="Z590P" duration="00:00:00.0000069" startTime="2025-11-13T19:21:13.5152783-05:00" endTime="2025-11-13T19:21:13.5153196-05:00" testType="13cdc9d9-ddb5-4fa4-a97d-d965ccfc6d4b" outcome="Passed" testListId="8c84fa94-04c1-424b-9868-57a2d4851a1d" relativeResultsDirectory="8a1aeb28-0a3a-4414-916b-9b465d151686" />
    <UnitTestResult executionId="e3328b25-5de2-4ec6-a5bd-594a489f01cb" testId="fc953fb6-8e75-9762-cda1-6c93ac388e8b" testName="Server.Tests.Gumps.TestLayoutGumps.TestDynamicGumpPacket" computerName="Z590P" duration="00:00:00.0295265" startTime="2025-11-13T19:21:13.6432037-05:00" endTime="2025-11-13T19:21:13.6728108-05:00" testType="13cdc9d9-ddb5-4fa4-a97d-d965ccfc6d4b" outcome="Passed" testListId="8c84fa94-04c1-424b-9868-57a2d4851a1d" relativeResultsDirectory="e3328b25-5de2-4ec6-a5bd-594a489f01cb" />
    <UnitTestResult executionId="3651c603-2174-4307-88a6-0c72cdefa320" testId="eeb3337c-160a-f739-e411-9038f37bd823" testName="Server.Tests.Utility.TryParseTests.TestTryParseBool(value: &quot;Alakazam&quot;, returned: &quot;Not a valid boolean string.&quot;, parsedAs: True)" computerName="Z590P" duration="00:00:00.0002439" startTime="2025-11-13T19:21:13.5155725-05:00" endTime="2025-11-13T19:21:13.5174588-05:00" testType="13cdc9d9-ddb5-4fa4-a97d-d965ccfc6d4b" outcome="Passed" testListId="8c84fa94-04c1-424b-9868-57a2d4851a1d" relativeResultsDirectory="3651c603-2174-4307-88a6-0c72cdefa320" />
  </Results>
  <TestDefinitions>
    <UnitTest name="Server.Tests.Network.ArrowPacketTests.TestCancelArrowHS(x: 100, y: 10)" storage="c:\users\user-002\desktop\51a-style-modernuo-modernuo-main\projects\uocontent.tests\bin\debug\net9.0\win-x64\uocontent.tests.dll" id="c8433180-375f-29a1-5540-4c7f2975e9d6">
      <Execution id="3a1a5132-52c9-440c-adeb-05e4d742da2c" />
      <TestMethod codeBase="C:\Users\USER-002\Desktop\51a-style-ModernUo-ModernUo-Main\Projects\UOContent.Tests\bin\Debug\net9.0\win-x64\UOContent.Tests.dll" adapterTypeName="executor://xunit/VsTestRunner3/netcore/" className="Server.Tests.Network.ArrowPacketTests" name="TestCancelArrowHS" />
    </UnitTest>
    <UnitTest name="Server.Tests.NameVerificationTests.Validate_DisallowedPrefixes_ReturnsFalse(name: &quot;LordBob&quot;)" storage="c:\users\user-002\desktop\51a-style-modernuo-modernuo-main\projects\uocontent.tests\bin\debug\net9.0\win-x64\uocontent.tests.dll" id="b02d5480-887d-d08e-d28b-755281485b72">
      <Execution id="797f689c-4d5d-482c-9cf4-9650592def0f" />
      <TestMethod codeBase="C:\Users\USER-002\Desktop\51a-style-ModernUo-ModernUo-Main\Projects\UOContent.Tests\bin\Debug\net9.0\win-x64\UOContent.Tests.dll" adapterTypeName="executor://xunit/VsTestRunner3/netcore/" className="Server.Tests.NameVerificationTests" name="Validate_DisallowedPrefixes_ReturnsFalse" />
    </UnitTest>
    <UnitTest name="Server.Tests.ProfanityProtectionTests.Speech_WithoutProfanity_PassesValidation(speech: &quot;This is a normal conversation&quot;)" storage="c:\users\user-002\desktop\51a-style-modernuo-modernuo-main\projects\uocontent.tests\bin\debug\net9.0\win-x64\uocontent.tests.dll" id="ec2c452b-c6d1-e8a6-7b59-ee8b98b608b9">
      <Execution id="b043e7b0-3163-44e1-94bd-19e6e55744db" />
      <TestMethod codeBase="C:\Users\USER-002\Desktop\51a-style-ModernUo-ModernUo-Main\Projects\UOContent.Tests\bin\Debug\net9.0\win-x64\UOContent.Tests.dll" adapterTypeName="executor://xunit/VsTestRunner3/netcore/" className="Server.Tests.ProfanityProtectionTests" name="Speech_WithoutProfanity_PassesValidation" />
    </UnitTest>
    <UnitTest name="Server.Tests.ProfanityProtectionTests.Speech_WithWordsThatLookLikeProfanity_PassesValidation(speech: &quot;This assignment is hard&quot;)" storage="c:\users\user-002\desktop\51a-style-modernuo-modernuo-main\projects\uocontent.tests\bin\debug\net9.0\win-x64\uocontent.tests.dll" id="55cc308c-a20d-75da-50e8-ee7a67cb93e4">
      <Execution id="90e07cb7-9093-462f-aa1d-ddcb56a9b044" />
      <TestMethod codeBase="C:\Users\USER-002\Desktop\51a-style-ModernUo-ModernUo-Main\Projects\UOContent.Tests\bin\Debug\net9.0\win-x64\UOContent.Tests.dll" adapterTypeName="executor://xunit/VsTestRunner3/netcore/" className="Server.Tests.ProfanityProtectionTests" name="Speech_WithWordsThatLookLikeProfanity_PassesValidation" />
    </UnitTest>
    <UnitTest name="Server.Tests.NameVerificationTests.ValidatePetName_ValidNames_ReturnsTrue(name: &quot;MrWhiskers&quot;)" storage="c:\users\user-002\desktop\51a-style-modernuo-modernuo-main\projects\uocontent.tests\bin\debug\net9.0\win-x64\uocontent.tests.dll" id="0e9d986b-99d6-e4a8-9d2d-b5fecf565f8b">
      <Execution id="215f071b-abc8-4136-9391-6111d4df0496" />
      <TestMethod codeBase="C:\Users\USER-002\Desktop\51a-style-ModernUo-ModernUo-Main\Projects\UOContent.Tests\bin\Debug\net9.0\win-x64\UOContent.Tests.dll" adapterTypeName="executor://xunit/VsTestRunner3/netcore/" className="Server.Tests.NameVerificationTests" name="ValidatePetName_ValidNames_ReturnsTrue" />
    </UnitTest>
    <UnitTest name="Server.Tests.Network.ArrowPacketTests.TestSetArrowHS(x: 100000, y: 100000)" storage="c:\users\user-002\desktop\51a-style-modernuo-modernuo-main\projects\uocontent.tests\bin\debug\net9.0\win-x64\uocontent.tests.dll" id="bd98a753-c1b0-8280-8f4f-a2f19a684514">
      <Execution id="eca7cbee-897e-42a7-8826-009aa9bc58e5" />
      <TestMethod codeBase="C:\Users\USER-002\Desktop\51a-style-ModernUo-ModernUo-Main\Projects\UOContent.Tests\bin\Debug\net9.0\win-x64\UOContent.Tests.dll" adapterTypeName="executor://xunit/VsTestRunner3/netcore/" className="Server.Tests.Network.ArrowPacketTests" name="TestSetArrowHS" />
    </UnitTest>
    <UnitTest name="Server.Tests.ProfanityProtectionTests.ContainsDisallowedWord_DetectsProfanityWithBoundaries(speech: &quot;ass&quot;)" storage="c:\users\user-002\desktop\51a-style-modernuo-modernuo-main\projects\uocontent.tests\bin\debug\net9.0\win-x64\uocontent.tests.dll" id="2831944a-a071-8492-69d7-61098a916f10">
      <Execution id="be7938b5-bb64-4f07-b5c2-de75908b6df1" />
      <TestMethod codeBase="C:\Users\USER-002\Desktop\51a-style-ModernUo-ModernUo-Main\Projects\UOContent.Tests\bin\Debug\net9.0\win-x64\UOContent.Tests.dll" adapterTypeName="executor://xunit/VsTestRunner3/netcore/" className="Server.Tests.ProfanityProtectionTests" name="ContainsDisallowedWord_DetectsProfanityWithBoundaries" />
    </UnitTest>
    <UnitTest name="Server.Tests.NameVerificationTests.Validate_DisallowedPrefixes_ReturnsFalse(name: &quot;SeerMagic&quot;)" storage="c:\users\user-002\desktop\51a-style-modernuo-modernuo-main\projects\uocontent.tests\bin\debug\net9.0\win-x64\uocontent.tests.dll" id="c083bd96-08f1-d792-0e40-18f1b30eeef4">
      <Execution id="a99be468-dbbc-4645-bdcb-13b6937be63f" />
      <TestMethod codeBase="C:\Users\USER-002\Desktop\51a-style-ModernUo-ModernUo-Main\Projects\UOContent.Tests\bin\Debug\net9.0\win-x64\UOContent.Tests.dll" adapterTypeName="executor://xunit/VsTestRunner3/netcore/" className="Server.Tests.NameVerificationTests" name="Validate_DisallowedPrefixes_ReturnsFalse" />
    </UnitTest>
    <UnitTest name="Server.Tests.ProfanityProtectionTests.Speech_Empty_PassesValidation" storage="c:\users\user-002\desktop\51a-style-modernuo-modernuo-main\projects\uocontent.tests\bin\debug\net9.0\win-x64\uocontent.tests.dll" id="0ae4e072-c826-d914-688f-11afe48515bf">
      <Execution id="cc870017-3ede-4995-8746-d1bdb0a22b5d" />
      <TestMethod codeBase="C:\Users\USER-002\Desktop\51a-style-ModernUo-ModernUo-Main\Projects\UOContent.Tests\bin\Debug\net9.0\win-x64\UOContent.Tests.dll" adapterTypeName="executor://xunit/VsTestRunner3/netcore/" className="Server.Tests.ProfanityProtectionTests" name="Speech_Empty_PassesValidation" />
    </UnitTest>
    <UnitTest name="Server.Tests.Accounting.Security.PasswordProtectionTest.TestValidates(protectionType: typeof(Server.Accounting.Security.Argon2PasswordProtection), algorithmType: null)" storage="c:\users\user-002\desktop\51a-style-modernuo-modernuo-main\projects\uocontent.tests\bin\debug\net9.0\win-x64\uocontent.tests.dll" id="dc555609-efb0-b2b4-f11b-06e0e156de73">
      <Execution id="246d0434-5bf6-4198-96d3-a1d90659de58" />
      <TestMethod codeBase="C:\Users\USER-002\Desktop\51a-style-ModernUo-ModernUo-Main\Projects\UOContent.Tests\bin\Debug\net9.0\win-x64\UOContent.Tests.dll" adapterTypeName="executor://xunit/VsTestRunner3/netcore/" className="Server.Tests.Accounting.Security.PasswordProtectionTest" name="TestValidates" />
    </UnitTest>
    <UnitTest name="Server.Tests.NameVerificationTests.ValidatePetName_InvalidNames_ReturnsFalse(name: &quot;Mrs-Smith&quot;)" storage="c:\users\user-002\desktop\51a-style-modernuo-modernuo-main\projects\uocontent.tests\bin\debug\net9.0\win-x64\uocontent.tests.dll" id="4dc33f60-84f2-3722-c654-1a2187b2e75c">
      <Execution id="3baff242-e86a-4426-b026-fa642e2fbac4" />
      <TestMethod codeBase="C:\Users\USER-002\Desktop\51a-style-ModernUo-ModernUo-Main\Projects\UOContent.Tests\bin\Debug\net9.0\win-x64\UOContent.Tests.dll" adapterTypeName="executor://xunit/VsTestRunner3/netcore/" className="Server.Tests.NameVerificationTests" name="ValidatePetName_InvalidNames_ReturnsFalse" />
    </UnitTest>
    <UnitTest name="Server.Tests.NameVerificationTests.Validate_DisallowedCharacters_ReturnsFalse" storage="c:\users\user-002\desktop\51a-style-modernuo-modernuo-main\projects\uocontent.tests\bin\debug\net9.0\win-x64\uocontent.tests.dll" id="2b477d86-1652-af24-1d8c-a0cf2b654043">
      <Execution id="112799c9-b73f-4570-9035-8c1ff5f866f1" />
      <TestMethod codeBase="C:\Users\USER-002\Desktop\51a-style-ModernUo-ModernUo-Main\Projects\UOContent.Tests\bin\Debug\net9.0\win-x64\UOContent.Tests.dll" adapterTypeName="executor://xunit/VsTestRunner3/netcore/" className="Server.Tests.NameVerificationTests" name="Validate_DisallowedCharacters_ReturnsFalse" />
    </UnitTest>
    <UnitTest name="Server.Tests.ProfanityProtectionTests.Speech_WithProfanity_FailsValidation(speech: &quot;What the fuck&quot;)" storage="c:\users\user-002\desktop\51a-style-modernuo-modernuo-main\projects\uocontent.tests\bin\debug\net9.0\win-x64\uocontent.tests.dll" id="73c94ce0-5d7f-f21c-c279-8c69f55bdef7">
      <Execution id="97484da9-c876-4abb-899b-a0a74542ac9b" />
      <TestMethod codeBase="C:\Users\USER-002\Desktop\51a-style-ModernUo-ModernUo-Main\Projects\UOContent.Tests\bin\Debug\net9.0\win-x64\UOContent.Tests.dll" adapterTypeName="executor://xunit/VsTestRunner3/netcore/" className="Server.Tests.ProfanityProtectionTests" name="Speech_WithProfanity_FailsValidation" />
    </UnitTest>
    <UnitTest name="Server.Tests.Accounting.Security.PasswordProtectionTest.TestValidates(protectionType: typeof(Server.Accounting.Security.HashAlgorithmPasswordProtection), algorithmType: &quot;MD5&quot;)" storage="c:\users\user-002\desktop\51a-style-modernuo-modernuo-main\projects\uocontent.tests\bin\debug\net9.0\win-x64\uocontent.tests.dll" id="60cc92e9-630a-0593-4688-b485b5f6266c">
      <Execution id="ea2ed66b-4f3d-44c2-b782-41c88a32f18d" />
      <TestMethod codeBase="C:\Users\USER-002\Desktop\51a-style-ModernUo-ModernUo-Main\Projects\UOContent.Tests\bin\Debug\net9.0\win-x64\UOContent.Tests.dll" adapterTypeName="executor://xunit/VsTestRunner3/netcore/" className="Server.Tests.Accounting.Security.PasswordProtectionTest" name="TestValidates" />
    </UnitTest>
    <UnitTest name="Server.Tests.Accounting.Security.PasswordProtectionTest.TestPasswordDoesNotValidate(protectionType: typeof(Server.Accounting.Security.HashAlgorithmPasswordProtection), algorithmType: &quot;SHA2&quot;)" storage="c:\users\user-002\desktop\51a-style-modernuo-modernuo-main\projects\uocontent.tests\bin\debug\net9.0\win-x64\uocontent.tests.dll" id="17e1f5be-719b-461b-f107-9b6433adfe61">
      <Execution id="981a7a78-ea6c-4138-854f-f036f798198c" />
      <TestMethod codeBase="C:\Users\USER-002\Desktop\51a-style-ModernUo-ModernUo-Main\Projects\UOContent.Tests\bin\Debug\net9.0\win-x64\UOContent.Tests.dll" adapterTypeName="executor://xunit/VsTestRunner3/netcore/" className="Server.Tests.Accounting.Security.PasswordProtectionTest" name="TestPasswordDoesNotValidate" />
    </UnitTest>
    <UnitTest name="Server.Tests.Network.ArrowPacketTests.TestCancelArrow" storage="c:\users\user-002\desktop\51a-style-modernuo-modernuo-main\projects\uocontent.tests\bin\debug\net9.0\win-x64\uocontent.tests.dll" id="9c24d4fc-9cc6-8406-cafd-e423aa65edaa">
      <Execution id="76740030-6c00-408c-8253-c1fc22803e63" />
      <TestMethod codeBase="C:\Users\USER-002\Desktop\51a-style-ModernUo-ModernUo-Main\Projects\UOContent.Tests\bin\Debug\net9.0\win-x64\UOContent.Tests.dll" adapterTypeName="executor://xunit/VsTestRunner3/netcore/" className="Server.Tests.Network.ArrowPacketTests" name="TestCancelArrow" />
    </UnitTest>
    <UnitTest name="Server.Tests.NameVerificationTests.Validate_TooLongName_ReturnsFalse" storage="c:\users\user-002\desktop\51a-style-modernuo-modernuo-main\projects\uocontent.tests\bin\debug\net9.0\win-x64\uocontent.tests.dll" id="4261e8d7-8da8-5c1b-171a-34fddb749c21">
      <Execution id="5b5a1ec0-f480-4a14-aaf1-82f39adfe1a1" />
      <TestMethod codeBase="C:\Users\USER-002\Desktop\51a-style-ModernUo-ModernUo-Main\Projects\UOContent.Tests\bin\Debug\net9.0\win-x64\UOContent.Tests.dll" adapterTypeName="executor://xunit/VsTestRunner3/netcore/" className="Server.Tests.NameVerificationTests" name="Validate_TooLongName_ReturnsFalse" />
    </UnitTest>
    <UnitTest name="Server.Tests.NameVerificationTests.ValidateVendorName_ValidNames_ReturnsFalse(name: &quot;Blacksmith 123&quot;)" storage="c:\users\user-002\desktop\51a-style-modernuo-modernuo-main\projects\uocontent.tests\bin\debug\net9.0\win-x64\uocontent.tests.dll" id="9b2bbceb-468f-d0ac-b341-60598875d208">
      <Execution id="0896d684-cfa1-4f05-9490-52a8b2a6f82f" />
      <TestMethod codeBase="C:\Users\USER-002\Desktop\51a-style-ModernUo-ModernUo-Main\Projects\UOContent.Tests\bin\Debug\net9.0\win-x64\UOContent.Tests.dll" adapterTypeName="executor://xunit/VsTestRunner3/netcore/" className="Server.Tests.NameVerificationTests" name="ValidateVendorName_ValidNames_ReturnsFalse" />
    </UnitTest>
    <UnitTest name="Server.Tests.NameVerificationTests.ValidatePetName_ValidNames_ReturnsTrue(name: &quot;Rex&quot;)" storage="c:\users\user-002\desktop\51a-style-modernuo-modernuo-main\projects\uocontent.tests\bin\debug\net9.0\win-x64\uocontent.tests.dll" id="3028d8a2-5b32-7d3c-5492-06a0c5e69ebc">
      <Execution id="8fed4ff6-15b9-4845-a01a-9e0e922b1aae" />
      <TestMethod codeBase="C:\Users\USER-002\Desktop\51a-style-ModernUo-ModernUo-Main\Projects\UOContent.Tests\bin\Debug\net9.0\win-x64\UOContent.Tests.dll" adapterTypeName="executor://xunit/VsTestRunner3/netcore/" className="Server.Tests.NameVerificationTests" name="ValidatePetName_ValidNames_ReturnsTrue" />
    </UnitTest>
    <UnitTest name="Server.Tests.NameVerificationTests.Validate_DisallowedWords_ReturnsFalse(name: &quot;Fuck&quot;)" storage="c:\users\user-002\desktop\51a-style-modernuo-modernuo-main\projects\uocontent.tests\bin\debug\net9.0\win-x64\uocontent.tests.dll" id="72836f69-f6af-00c5-3fe5-667eedf321a1">
      <Execution id="b01726ba-15a5-48df-8f17-dcdc9360cea4" />
      <TestMethod codeBase="C:\Users\USER-002\Desktop\51a-style-ModernUo-ModernUo-Main\Projects\UOContent.Tests\bin\Debug\net9.0\win-x64\UOContent.Tests.dll" adapterTypeName="executor://xunit/VsTestRunner3/netcore/" className="Server.Tests.NameVerificationTests" name="Validate_DisallowedWords_ReturnsFalse" />
    </UnitTest>
    <UnitTest name="Server.Tests.Network.ArrowPacketTests.TestSetArrow(x: 0, y: 0)" storage="c:\users\user-002\desktop\51a-style-modernuo-modernuo-main\projects\uocontent.tests\bin\debug\net9.0\win-x64\uocontent.tests.dll" id="c6a08e36-b828-815c-01f2-64d3f3567bf3">
      <Execution id="fa4262df-1021-4201-b301-e2f1ee552882" />
      <TestMethod codeBase="C:\Users\USER-002\Desktop\51a-style-ModernUo-ModernUo-Main\Projects\UOContent.Tests\bin\Debug\net9.0\win-x64\UOContent.Tests.dll" adapterTypeName="executor://xunit/VsTestRunner3/netcore/" className="Server.Tests.Network.ArrowPacketTests" name="TestSetArrow" />
    </UnitTest>
    <UnitTest name="Server.Tests.Accounting.AccountHandlerTests.IsValidUsername_ValidatesCorrectly(username: &quot;Valid.User&quot;, expected: True)" storage="c:\users\user-002\desktop\51a-style-modernuo-modernuo-main\projects\uocontent.tests\bin\debug\net9.0\win-x64\uocontent.tests.dll" id="39664220-682b-6f59-5c33-d0073ab93214">
      <Execution id="3dc27b3b-c2e0-4276-b986-c0bce66dd822" />
      <TestMethod codeBase="C:\Users\USER-002\Desktop\51a-style-ModernUo-ModernUo-Main\Projects\UOContent.Tests\bin\Debug\net9.0\win-x64\UOContent.Tests.dll" adapterTypeName="executor://xunit/VsTestRunner3/netcore/" className="Server.Tests.Accounting.AccountHandlerTests" name="IsValidUsername_ValidatesCorrectly" />
    </UnitTest>
    <UnitTest name="Server.Tests.ProfanityProtectionTests.Speech_WithoutProfanity_PassesValidation(speech: &quot;Hello world&quot;)" storage="c:\users\user-002\desktop\51a-style-modernuo-modernuo-main\projects\uocontent.tests\bin\debug\net9.0\win-x64\uocontent.tests.dll" id="a9c4d217-c4e0-57fe-72f9-0b8a94b6f7e2">
      <Execution id="418c482d-0d11-4476-8342-77e4eda842f1" />
      <TestMethod codeBase="C:\Users\USER-002\Desktop\51a-style-ModernUo-ModernUo-Main\Projects\UOContent.Tests\bin\Debug\net9.0\win-x64\UOContent.Tests.dll" adapterTypeName="executor://xunit/VsTestRunner3/netcore/" className="Server.Tests.ProfanityProtectionTests" name="Speech_WithoutProfanity_PassesValidation" />
    </UnitTest>
    <UnitTest name="Server.Tests.Network.ArrowPacketTests.TestCancelArrowHS(x: 100000, y: 100000)" storage="c:\users\user-002\desktop\51a-style-modernuo-modernuo-main\projects\uocontent.tests\bin\debug\net9.0\win-x64\uocontent.tests.dll" id="d7a440a5-00d4-1c86-db60-b36dcc8d7239">
      <Execution id="95607867-396a-4a20-b91b-0f7a7a276cde" />
      <TestMethod codeBase="C:\Users\USER-002\Desktop\51a-style-ModernUo-ModernUo-Main\Projects\UOContent.Tests\bin\Debug\net9.0\win-x64\UOContent.Tests.dll" adapterTypeName="executor://xunit/VsTestRunner3/netcore/" className="Server.Tests.Network.ArrowPacketTests" name="TestCancelArrowHS" />
    </UnitTest>
    <UnitTest name="Server.Tests.Accounting.AccountHandlerTests.IsValidUsername_ValidatesCorrectly(username: &quot; StartsWithSpace&quot;, expected: False)" storage="c:\users\user-002\desktop\51a-style-modernuo-modernuo-main\projects\uocontent.tests\bin\debug\net9.0\win-x64\uocontent.tests.dll" id="4f29623d-457b-3c71-60a0-24441be52b33">
      <Execution id="38f8612e-b1ba-41a0-af48-db9a3c67d25f" />
      <TestMethod codeBase="C:\Users\USER-002\Desktop\51a-style-ModernUo-ModernUo-Main\Projects\UOContent.Tests\bin\Debug\net9.0\win-x64\UOContent.Tests.dll" adapterTypeName="executor://xunit/VsTestRunner3/netcore/" className="Server.Tests.Accounting.AccountHandlerTests" name="IsValidUsername_ValidatesCorrectly" />
    </UnitTest>
    <UnitTest name="Server.Tests.ProfanityProtectionTests.Speech_WithProfanity_FailsValidation(speech: &quot;You're a bitch&quot;)" storage="c:\users\user-002\desktop\51a-style-modernuo-modernuo-main\projects\uocontent.tests\bin\debug\net9.0\win-x64\uocontent.tests.dll" id="072f6126-d281-443b-0dd0-b378fbc4de2f">
      <Execution id="ca2b9234-9afc-4993-b209-1a9e204d2f20" />
      <TestMethod codeBase="C:\Users\USER-002\Desktop\51a-style-ModernUo-ModernUo-Main\Projects\UOContent.Tests\bin\Debug\net9.0\win-x64\UOContent.Tests.dll" adapterTypeName="executor://xunit/VsTestRunner3/netcore/" className="Server.Tests.ProfanityProtectionTests" name="Speech_WithProfanity_FailsValidation" />
    </UnitTest>
    <UnitTest name="Server.Tests.Network.ArrowPacketTests.TestSetArrowHS(x: 0, y: 0)" storage="c:\users\user-002\desktop\51a-style-modernuo-modernuo-main\projects\uocontent.tests\bin\debug\net9.0\win-x64\uocontent.tests.dll" id="dad8c174-7825-3b40-4cc5-46455d2f917d">
      <Execution id="8342da14-354d-43fd-9b09-3c90c1bf35be" />
      <TestMethod codeBase="C:\Users\USER-002\Desktop\51a-style-ModernUo-ModernUo-Main\Projects\UOContent.Tests\bin\Debug\net9.0\win-x64\UOContent.Tests.dll" adapterTypeName="executor://xunit/VsTestRunner3/netcore/" className="Server.Tests.Network.ArrowPacketTests" name="TestSetArrowHS" />
    </UnitTest>
    <UnitTest name="Server.Tests.Accounting.AccountHandlerTests.IsValidUsername_ValidatesCorrectly(username: &quot;EndsWithSpace &quot;, expected: False)" storage="c:\users\user-002\desktop\51a-style-modernuo-modernuo-main\projects\uocontent.tests\bin\debug\net9.0\win-x64\uocontent.tests.dll" id="961ccab8-218d-64ac-cf0a-55985dd3e1eb">
      <Execution id="5007e79e-fc5d-4b71-a527-212435b124b7" />
      <TestMethod codeBase="C:\Users\USER-002\Desktop\51a-style-ModernUo-ModernUo-Main\Projects\UOContent.Tests\bin\Debug\net9.0\win-x64\UOContent.Tests.dll" adapterTypeName="executor://xunit/VsTestRunner3/netcore/" className="Server.Tests.Accounting.AccountHandlerTests" name="IsValidUsername_ValidatesCorrectly" />
    </UnitTest>
    <UnitTest name="Server.Engines.MLQuests.MLQuestPacketTests.TestCloseRaceChanger" storage="c:\users\user-002\desktop\51a-style-modernuo-modernuo-main\projects\uocontent.tests\bin\debug\net9.0\win-x64\uocontent.tests.dll" id="0916c51b-d71a-ff8d-6157-1535da65e2f5">
      <Execution id="c46effb5-dd0a-49f3-8031-d9eef9ea6d92" />
      <TestMethod codeBase="C:\Users\USER-002\Desktop\51a-style-ModernUo-ModernUo-Main\Projects\UOContent.Tests\bin\Debug\net9.0\win-x64\UOContent.Tests.dll" adapterTypeName="executor://xunit/VsTestRunner3/netcore/" className="Server.Engines.MLQuests.MLQuestPacketTests" name="TestCloseRaceChanger" />
    </UnitTest>
    <UnitTest name="Server.Tests.NameVerificationTests.Validate_TooManyExceptions_ReturnsFalse" storage="c:\users\user-002\desktop\51a-style-modernuo-modernuo-main\projects\uocontent.tests\bin\debug\net9.0\win-x64\uocontent.tests.dll" id="32fe4972-1167-5115-e504-d72452618dd3">
      <Execution id="9ca5c6da-7dd6-4b14-a9fc-f08aaf8ebc25" />
      <TestMethod codeBase="C:\Users\USER-002\Desktop\51a-style-ModernUo-ModernUo-Main\Projects\UOContent.Tests\bin\Debug\net9.0\win-x64\UOContent.Tests.dll" adapterTypeName="executor://xunit/VsTestRunner3/netcore/" className="Server.Tests.NameVerificationTests" name="Validate_TooManyExceptions_ReturnsFalse" />
    </UnitTest>
    <UnitTest name="Server.Tests.Accounting.AccountHandlerTests.IsValidUsername_ValidatesCorrectly(username: &quot;EndsWithPeriod.&quot;, expected: False)" storage="c:\users\user-002\desktop\51a-style-modernuo-modernuo-main\projects\uocontent.tests\bin\debug\net9.0\win-x64\uocontent.tests.dll" id="869984b9-9fc7-04e8-8422-ca370f8ed3e6">
      <Execution id="488d4d50-eb09-4faf-95ea-76d0fcd1eb0e" />
      <TestMethod codeBase="C:\Users\USER-002\Desktop\51a-style-ModernUo-ModernUo-Main\Projects\UOContent.Tests\bin\Debug\net9.0\win-x64\UOContent.Tests.dll" adapterTypeName="executor://xunit/VsTestRunner3/netcore/" className="Server.Tests.Accounting.AccountHandlerTests" name="IsValidUsername_ValidatesCorrectly" />
    </UnitTest>
    <UnitTest name="Server.Tests.ProfanityProtectionTests.Speech_WithWordsThatLookLikeProfanity_PassesValidation(speech: &quot;I'm going to class tomorrow&quot;)" storage="c:\users\user-002\desktop\51a-style-modernuo-modernuo-main\projects\uocontent.tests\bin\debug\net9.0\win-x64\uocontent.tests.dll" id="1037a524-20b4-90e8-6775-006a2de41d26">
      <Execution id="034751cf-3ea0-49b9-bf26-a57fb70d5acf" />
      <TestMethod codeBase="C:\Users\USER-002\Desktop\51a-style-ModernUo-ModernUo-Main\Projects\UOContent.Tests\bin\Debug\net9.0\win-x64\UOContent.Tests.dll" adapterTypeName="executor://xunit/VsTestRunner3/netcore/" className="Server.Tests.ProfanityProtectionTests" name="Speech_WithWordsThatLookLikeProfanity_PassesValidation" />
    </UnitTest>
    <UnitTest name="Server.Tests.Accounting.AccountHandlerTests.IsValidPassword_ValidatesCorrectly(password: &quot;Invalid\x1char&quot;, expected: False)" storage="c:\users\user-002\desktop\51a-style-modernuo-modernuo-main\projects\uocontent.tests\bin\debug\net9.0\win-x64\uocontent.tests.dll" id="cb52a790-09f3-08fc-a9a1-5cee91fbd721">
      <Execution id="500932e3-5a9a-455c-b4c1-fe1bae7d8cef" />
      <TestMethod codeBase="C:\Users\USER-002\Desktop\51a-style-ModernUo-ModernUo-Main\Projects\UOContent.Tests\bin\Debug\net9.0\win-x64\UOContent.Tests.dll" adapterTypeName="executor://xunit/VsTestRunner3/netcore/" className="Server.Tests.Accounting.AccountHandlerTests" name="IsValidPassword_ValidatesCorrectly" />
    </UnitTest>
    <UnitTest name="Server.Tests.NameVerificationTests.ValidateVendorName_ValidNames_ReturnsTrue(name: &quot;Blacksmith12&quot;)" storage="c:\users\user-002\desktop\51a-style-modernuo-modernuo-main\projects\uocontent.tests\bin\debug\net9.0\win-x64\uocontent.tests.dll" id="c72f9362-2899-2640-22c4-2edd357f97f7">
      <Execution id="0b24fe98-4bb1-4ed6-b6c6-06d12cc2adc2" />
      <TestMethod codeBase="C:\Users\USER-002\Desktop\51a-style-ModernUo-ModernUo-Main\Projects\UOContent.Tests\bin\Debug\net9.0\win-x64\UOContent.Tests.dll" adapterTypeName="executor://xunit/VsTestRunner3/netcore/" className="Server.Tests.NameVerificationTests" name="ValidateVendorName_ValidNames_ReturnsTrue" />
    </UnitTest>
    <UnitTest name="Server.Tests.Accounting.Security.PasswordProtectionTest.TestPasswordDoesNotValidate(protectionType: typeof(Server.Accounting.Security.PBKDF2PasswordProtection), algorithmType: null)" storage="c:\users\user-002\desktop\51a-style-modernuo-modernuo-main\projects\uocontent.tests\bin\debug\net9.0\win-x64\uocontent.tests.dll" id="57cad039-8df6-efab-33c2-8d361b94fd4f">
      <Execution id="65cedf98-2814-402a-b6da-1f9f6e5bdd9f" />
      <TestMethod codeBase="C:\Users\USER-002\Desktop\51a-style-ModernUo-ModernUo-Main\Projects\UOContent.Tests\bin\Debug\net9.0\win-x64\UOContent.Tests.dll" adapterTypeName="executor://xunit/VsTestRunner3/netcore/" className="Server.Tests.Accounting.Security.PasswordProtectionTest" name="TestPasswordDoesNotValidate" />
    </UnitTest>
    <UnitTest name="Server.Tests.Accounting.AccountHandlerTests.IsValidUsername_ValidatesCorrectly(username: &quot;ValidUser123&quot;, expected: True)" storage="c:\users\user-002\desktop\51a-style-modernuo-modernuo-main\projects\uocontent.tests\bin\debug\net9.0\win-x64\uocontent.tests.dll" id="e62d010d-3c08-4181-e2aa-040984485618">
      <Execution id="140f181a-c001-4c69-8ef0-642725d4b20a" />
      <TestMethod codeBase="C:\Users\USER-002\Desktop\51a-style-ModernUo-ModernUo-Main\Projects\UOContent.Tests\bin\Debug\net9.0\win-x64\UOContent.Tests.dll" adapterTypeName="executor://xunit/VsTestRunner3/netcore/" className="Server.Tests.Accounting.AccountHandlerTests" name="IsValidUsername_ValidatesCorrectly" />
    </UnitTest>
    <UnitTest name="Server.Tests.NameVerificationTests.ValidatePlayerName_ValidNames_ReturnsTrue(name: &quot;Bob-Jones&quot;)" storage="c:\users\user-002\desktop\51a-style-modernuo-modernuo-main\projects\uocontent.tests\bin\debug\net9.0\win-x64\uocontent.tests.dll" id="365388f5-6154-349d-7bd3-d5b800a6e43b">
      <Execution id="ae88481e-4993-4997-b38f-d5206f6dabdb" />
      <TestMethod codeBase="C:\Users\USER-002\Desktop\51a-style-ModernUo-ModernUo-Main\Projects\UOContent.Tests\bin\Debug\net9.0\win-x64\UOContent.Tests.dll" adapterTypeName="executor://xunit/VsTestRunner3/netcore/" className="Server.Tests.NameVerificationTests" name="ValidatePlayerName_ValidNames_ReturnsTrue" />
    </UnitTest>
    <UnitTest name="Server.Tests.NameVerificationTests.ValidatePetName_InvalidNames_ReturnsFalse(name: &quot;Mr. Whiskers&quot;)" storage="c:\users\user-002\desktop\51a-style-modernuo-modernuo-main\projects\uocontent.tests\bin\debug\net9.0\win-x64\uocontent.tests.dll" id="e8ffcfb4-c01e-1748-14b1-843a06642c88">
      <Execution id="39efa11f-9b08-4e42-8d74-ac92f86cfd40" />
      <TestMethod codeBase="C:\Users\USER-002\Desktop\51a-style-ModernUo-ModernUo-Main\Projects\UOContent.Tests\bin\Debug\net9.0\win-x64\UOContent.Tests.dll" adapterTypeName="executor://xunit/VsTestRunner3/netcore/" className="Server.Tests.NameVerificationTests" name="ValidatePetName_InvalidNames_ReturnsFalse" />
    </UnitTest>
    <UnitTest name="Server.Tests.NameVerificationTests.ValidatePlayerName_ValidNames_ReturnsTrue(name: &quot;Mary Ann&quot;)" storage="c:\users\user-002\desktop\51a-style-modernuo-modernuo-main\projects\uocontent.tests\bin\debug\net9.0\win-x64\uocontent.tests.dll" id="0ebff6e2-60e7-0aff-d1ac-73cdb4d6b996">
      <Execution id="b1445c14-fce9-44f9-af1c-33558bc10076" />
      <TestMethod codeBase="C:\Users\USER-002\Desktop\51a-style-ModernUo-ModernUo-Main\Projects\UOContent.Tests\bin\Debug\net9.0\win-x64\UOContent.Tests.dll" adapterTypeName="executor://xunit/VsTestRunner3/netcore/" className="Server.Tests.NameVerificationTests" name="ValidatePlayerName_ValidNames_ReturnsTrue" />
    </UnitTest>
    <UnitTest name="Server.Tests.Accounting.AccountHandlerTests.IsValidPassword_ValidatesCorrectly(password: &quot;ValidPass123!&quot;, expected: True)" storage="c:\users\user-002\desktop\51a-style-modernuo-modernuo-main\projects\uocontent.tests\bin\debug\net9.0\win-x64\uocontent.tests.dll" id="356bc45a-c767-daff-0693-71e49772e820">
      <Execution id="aca6d794-d2cb-4c1a-a4dd-1de79752dedf" />
      <TestMethod codeBase="C:\Users\USER-002\Desktop\51a-style-ModernUo-ModernUo-Main\Projects\UOContent.Tests\bin\Debug\net9.0\win-x64\UOContent.Tests.dll" adapterTypeName="executor://xunit/VsTestRunner3/netcore/" className="Server.Tests.Accounting.AccountHandlerTests" name="IsValidPassword_ValidatesCorrectly" />
    </UnitTest>
    <UnitTest name="Server.Tests.Network.ArrowPacketTests.TestSetArrow(x: 100000, y: 100000)" storage="c:\users\user-002\desktop\51a-style-modernuo-modernuo-main\projects\uocontent.tests\bin\debug\net9.0\win-x64\uocontent.tests.dll" id="cbfb1eb5-178a-bb02-d5ec-62040504c463">
[...]
      <Execution id="6d458353-dc63-4450-b4e8-70083738d1fa" />
      <TestMethod codeBase="C:\Users\USER-002\Desktop\51a-style-ModernUo-ModernUo-Main\Projects\UOContent.Tests\bin\Debug\net9.0\win-x64\UOContent.Tests.dll" adapterTypeName="executor://xunit/VsTestRunner3/netcore/" className="Server.Tests.NameVerificationTests" name="Validate_TooShortName_ReturnsFalse" />
    </UnitTest>
    <UnitTest name="Server.Tests.Accounting.AccountHandlerTests.IsValidUsername_ValidatesCorrectly(username: &quot; &quot;, expected: False)" storage="c:\users\user-002\desktop\51a-style-modernuo-modernuo-main\projects\uocontent.tests\bin\debug\net9.0\win-x64\uocontent.tests.dll" id="193c8394-f089-3bfd-8497-d5246167db9f">
      <Execution id="280704c1-5441-48eb-9dd4-108a66779444" />
      <TestMethod codeBase="C:\Users\USER-002\Desktop\51a-style-ModernUo-ModernUo-Main\Projects\UOContent.Tests\bin\Debug\net9.0\win-x64\UOContent.Tests.dll" adapterTypeName="executor://xunit/VsTestRunner3/netcore/" className="Server.Tests.Accounting.AccountHandlerTests" name="IsValidUsername_ValidatesCorrectly" />
    </UnitTest>
    <UnitTest name="Server.Tests.Accounting.Security.PasswordProtectionTest.TestPasswordDoesNotValidate(protectionType: typeof(Server.Accounting.Security.HashAlgorithmPasswordProtection), algorithmType: &quot;SHA1&quot;)" storage="c:\users\user-002\desktop\51a-style-modernuo-modernuo-main\projects\uocontent.tests\bin\debug\net9.0\win-x64\uocontent.tests.dll" id="c312ed43-c35f-d7c7-8c2c-7fcb69fb6857">
      <Execution id="6260a6a2-751b-400d-9fc2-aefe4751ad05" />
      <TestMethod codeBase="C:\Users\USER-002\Desktop\51a-style-ModernUo-ModernUo-Main\Projects\UOContent.Tests\bin\Debug\net9.0\win-x64\UOContent.Tests.dll" adapterTypeName="executor://xunit/VsTestRunner3/netcore/" className="Server.Tests.Accounting.Security.PasswordProtectionTest" name="TestPasswordDoesNotValidate" />
    </UnitTest>
    <UnitTest name="Server.Tests.Accounting.AccountHandlerTests.IsValidPassword_ValidatesCorrectly(password: &quot;ValidPass!@#&quot;, expected: True)" storage="c:\users\user-002\desktop\51a-style-modernuo-modernuo-main\projects\uocontent.tests\bin\debug\net9.0\win-x64\uocontent.tests.dll" id="48a204db-dd62-e426-4dd3-4dd34cea7bdc">
      <Execution id="7b59ddaa-aa8c-4f39-bce3-31811b075a07" />
      <TestMethod codeBase="C:\Users\USER-002\Desktop\51a-style-ModernUo-ModernUo-Main\Projects\UOContent.Tests\bin\Debug\net9.0\win-x64\UOContent.Tests.dll" adapterTypeName="executor://xunit/VsTestRunner3/netcore/" className="Server.Tests.Accounting.AccountHandlerTests" name="IsValidPassword_ValidatesCorrectly" />
    </UnitTest>
  </TestDefinitions>
  <TestEntries>
    <TestEntry testId="c312ed43-c35f-d7c7-8c2c-7fcb69fb6857" executionId="6260a6a2-751b-400d-9fc2-aefe4751ad05" testListId="8c84fa94-04c1-424b-9868-57a2d4851a1d" />
    <TestEntry testId="1d975b92-e3d9-e16f-cc2c-f744ae126037" executionId="9633d7d6-37b1-42d6-97c7-f3297e25b91f" testListId="8c84fa94-04c1-424b-9868-57a2d4851a1d" />
    <TestEntry testId="dd277640-15a5-f603-4cc6-2f391a8a38bd" executionId="fed86482-b3cd-4a67-bc8f-04d9f6768394" testListId="8c84fa94-04c1-424b-9868-57a2d4851a1d" />
    <TestEntry testId="cb52a790-09f3-08fc-a9a1-5cee91fbd721" executionId="500932e3-5a9a-455c-b4c1-fe1bae7d8cef" testListId="8c84fa94-04c1-424b-9868-57a2d4851a1d" />
    <TestEntry testId="a9c4d217-c4e0-57fe-72f9-0b8a94b6f7e2" executionId="418c482d-0d11-4476-8342-77e4eda842f1" testListId="8c84fa94-04c1-424b-9868-57a2d4851a1d" />
    <TestEntry testId="3028d8a2-5b32-7d3c-5492-06a0c5e69ebc" executionId="8fed4ff6-15b9-4845-a01a-9e0e922b1aae" testListId="8c84fa94-04c1-424b-9868-57a2d4851a1d" />
    <TestEntry testId="53d41f91-e758-a965-69e5-8b95b6527235" executionId="6d458353-dc63-4450-b4e8-70083738d1fa" testListId="8c84fa94-04c1-424b-9868-57a2d4851a1d" />
    <TestEntry testId="a218c9ac-b9b5-d021-7975-0103450478cb" executionId="94cbc5a3-d3e1-4618-b894-e2d07984f80f" testListId="8c84fa94-04c1-424b-9868-57a2d4851a1d" />
    <TestEntry testId="3a573206-0ab0-c819-ed9c-570fc22b31f8" executionId="0e2189e2-1ff7-411f-902e-a3fa2121746b" testListId="8c84fa94-04c1-424b-9868-57a2d4851a1d" />
    <TestEntry testId="356bc45a-c767-daff-0693-71e49772e820" executionId="aca6d794-d2cb-4c1a-a4dd-1de79752dedf" testListId="8c84fa94-04c1-424b-9868-57a2d4851a1d" />
    <TestEntry testId="02e0780e-8633-4277-8dd7-0bf0bde61624" executionId="29cd7de1-4d75-4238-bdd3-a3966d5ecaa2" testListId="8c84fa94-04c1-424b-9868-57a2d4851a1d" />
    <TestEntry testId="4261e8d7-8da8-5c1b-171a-34fddb749c21" executionId="5b5a1ec0-f480-4a14-aaf1-82f39adfe1a1" testListId="8c84fa94-04c1-424b-9868-57a2d4851a1d" />
    <TestEntry testId="30a2c9e5-b44d-4a84-3f9f-0f97b13ef34d" executionId="d79a3fca-af3d-4e35-9676-3671b5128dc9" testListId="8c84fa94-04c1-424b-9868-57a2d4851a1d" />
    <TestEntry testId="6a868c6a-514f-1abe-3e42-be31e0361f90" executionId="909868c8-5ffe-4caf-ae6c-cbb6422cd4a2" testListId="8c84fa94-04c1-424b-9868-57a2d4851a1d" />
    <TestEntry testId="4dc33f60-84f2-3722-c654-1a2187b2e75c" executionId="3baff242-e86a-4426-b026-fa642e2fbac4" testListId="8c84fa94-04c1-424b-9868-57a2d4851a1d" />
    <TestEntry testId="88b4e428-363d-c805-cf01-bfe409d056a7" executionId="a68cb694-7d0a-408f-acd5-6936356d5771" testListId="8c84fa94-04c1-424b-9868-57a2d4851a1d" />
    <TestEntry testId="21929857-87b9-60f0-4903-2b9195b90a9d" executionId="a520ffa1-ec92-4cd3-9a1e-d8900432ff99" testListId="8c84fa94-04c1-424b-9868-57a2d4851a1d" />
    <TestEntry testId="fcef232e-253f-f730-b250-f48d77bd0830" executionId="cde472d9-e0c0-4a4f-a06f-4d70d6e9f295" testListId="8c84fa94-04c1-424b-9868-57a2d4851a1d" />
    <TestEntry testId="961ccab8-218d-64ac-cf0a-55985dd3e1eb" executionId="5007e79e-fc5d-4b71-a527-212435b124b7" testListId="8c84fa94-04c1-424b-9868-57a2d4851a1d" />
    <TestEntry testId="dc555609-efb0-b2b4-f11b-06e0e156de73" executionId="246d0434-5bf6-4198-96d3-a1d90659de58" testListId="8c84fa94-04c1-424b-9868-57a2d4851a1d" />
    <TestEntry testId="c6a08e36-b828-815c-01f2-64d3f3567bf3" executionId="fa4262df-1021-4201-b301-e2f1ee552882" testListId="8c84fa94-04c1-424b-9868-57a2d4851a1d" />
    <TestEntry testId="072f6126-d281-443b-0dd0-b378fbc4de2f" executionId="ca2b9234-9afc-4993-b209-1a9e204d2f20" testListId="8c84fa94-04c1-424b-9868-57a2d4851a1d" />
    <TestEntry testId="ba40fcb2-4a0d-4f76-3b00-a4100c7066c6" executionId="45944beb-f6b5-46c6-a0ff-4dc624aae957" testListId="8c84fa94-04c1-424b-9868-57a2d4851a1d" />
    <TestEntry testId="5d2c42f8-74d9-ad62-1c4f-6746ba423df6" executionId="b496a96e-9680-4956-a4e8-d5f484e96bb5" testListId="8c84fa94-04c1-424b-9868-57a2d4851a1d" />
    <TestEntry testId="c8433180-375f-29a1-5540-4c7f2975e9d6" executionId="3a1a5132-52c9-440c-adeb-05e4d742da2c" testListId="8c84fa94-04c1-424b-9868-57a2d4851a1d" />
    <TestEntry testId="3e9b2dde-a66b-5a4d-bbf1-0ad040975640" executionId="0bc03c17-7fe2-4642-bb1f-d3b4568d12cb" testListId="8c84fa94-04c1-424b-9868-57a2d4851a1d" />
    <TestEntry testId="b02d5480-887d-d08e-d28b-755281485b72" executionId="797f689c-4d5d-482c-9cf4-9650592def0f" testListId="8c84fa94-04c1-424b-9868-57a2d4851a1d" />
    <TestEntry testId="c083bd96-08f1-d792-0e40-18f1b30eeef4" executionId="a99be468-dbbc-4645-bdcb-13b6937be63f" testListId="8c84fa94-04c1-424b-9868-57a2d4851a1d" />
    <TestEntry testId="5b52bc8e-6c60-2f74-60e9-b3f4cca645b2" executionId="ce33ec4d-acf4-48f2-9f5a-589fcd9ff650" testListId="8c84fa94-04c1-424b-9868-57a2d4851a1d" />
    <TestEntry testId="365388f5-6154-349d-7bd3-d5b800a6e43b" executionId="ae88481e-4993-4997-b38f-d5206f6dabdb" testListId="8c84fa94-04c1-424b-9868-57a2d4851a1d" />
    <TestEntry testId="54f63916-a95f-6b62-8194-9c6d38b4238f" executionId="64cdcf02-4fdb-41f9-a33e-bacfa39e977e" testListId="8c84fa94-04c1-424b-9868-57a2d4851a1d" />
    <TestEntry testId="a109407f-a9bd-dff5-c616-0c10e637a058" executionId="6d2e9147-5e74-4bd8-a893-932f511d9b0c" testListId="8c84fa94-04c1-424b-9868-57a2d4851a1d" />
    <TestEntry testId="534154b7-550b-f2bd-91bc-df94e671072e" executionId="ee629cc7-279c-4557-87a1-7370aa7fd725" testListId="8c84fa94-04c1-424b-9868-57a2d4851a1d" />
    <TestEntry testId="c72f9362-2899-2640-22c4-2edd357f97f7" executionId="0b24fe98-4bb1-4ed6-b6c6-06d12cc2adc2" testListId="8c84fa94-04c1-424b-9868-57a2d4851a1d" />
    <TestEntry testId="308dbea4-8f51-ee85-c16e-b45336810b3f" executionId="93a9a7b4-87c4-4c81-8f4e-fd2d18b3266c" testListId="8c84fa94-04c1-424b-9868-57a2d4851a1d" />
    <TestEntry testId="529c6a6d-c8a7-8871-12c1-09fecdff1a4a" executionId="19545f6d-bda1-44cb-a56b-0f9135012072" testListId="8c84fa94-04c1-424b-9868-57a2d4851a1d" />
    <TestEntry testId="39664220-682b-6f59-5c33-d0073ab93214" executionId="3dc27b3b-c2e0-4276-b986-c0bce66dd822" testListId="8c84fa94-04c1-424b-9868-57a2d4851a1d" />
    <TestEntry testId="b9dc1288-b80a-da4a-5ba1-77c50c0cdf34" executionId="b1da26e0-5165-4b33-b20c-19b41da051d1" testListId="8c84fa94-04c1-424b-9868-57a2d4851a1d" />
    <TestEntry testId="73c94ce0-5d7f-f21c-c279-8c69f55bdef7" executionId="97484da9-c876-4abb-899b-a0a74542ac9b" testListId="8c84fa94-04c1-424b-9868-57a2d4851a1d" />
    <TestEntry testId="55cc308c-a20d-75da-50e8-ee7a67cb93e4" executionId="90e07cb7-9093-462f-aa1d-ddcb56a9b044" testListId="8c84fa94-04c1-424b-9868-57a2d4851a1d" />
    <TestEntry testId="8af424de-68ee-f40a-e3b4-50cf362a73df" executionId="a71792e3-7b32-4188-a442-c121c7441f41" testListId="8c84fa94-04c1-424b-9868-57a2d4851a1d" />
    <TestEntry testId="2831944a-a071-8492-69d7-61098a916f10" executionId="be7938b5-bb64-4f07-b5c2-de75908b6df1" testListId="8c84fa94-04c1-424b-9868-57a2d4851a1d" />
    <TestEntry testId="69f9726b-755a-1e7d-1806-e09feea76120" executionId="c47827b2-67c5-4883-85b9-8bf6258d42a2" testListId="8c84fa94-04c1-424b-9868-57a2d4851a1d" />
    <TestEntry testId="dad8c174-7825-3b40-4cc5-46455d2f917d" executionId="8342da14-354d-43fd-9b09-3c90c1bf35be" testListId="8c84fa94-04c1-424b-9868-57a2d4851a1d" />
    <TestEntry testId="e8ffcfb4-c01e-1748-14b1-843a06642c88" executionId="39efa11f-9b08-4e42-8d74-ac92f86cfd40" testListId="8c84fa94-04c1-424b-9868-57a2d4851a1d" />
    <TestEntry testId="d7a440a5-00d4-1c86-db60-b36dcc8d7239" executionId="95607867-396a-4a20-b91b-0f7a7a276cde" testListId="8c84fa94-04c1-424b-9868-57a2d4851a1d" />
    <TestEntry testId="0916c51b-d71a-ff8d-6157-1535da65e2f5" executionId="c46effb5-dd0a-49f3-8031-d9eef9ea6d92" testListId="8c84fa94-04c1-424b-9868-57a2d4851a1d" />
    <TestEntry testId="2b477d86-1652-af24-1d8c-a0cf2b654043" executionId="112799c9-b73f-4570-9035-8c1ff5f866f1" testListId="8c84fa94-04c1-424b-9868-57a2d4851a1d" />
    <TestEntry testId="17e1f5be-719b-461b-f107-9b6433adfe61" executionId="981a7a78-ea6c-4138-854f-f036f798198c" testListId="8c84fa94-04c1-424b-9868-57a2d4851a1d" />
    <TestEntry testId="0e9d986b-99d6-e4a8-9d2d-b5fecf565f8b" executionId="215f071b-abc8-4136-9391-6111d4df0496" testListId="8c84fa94-04c1-424b-9868-57a2d4851a1d" />
    <TestEntry testId="12735c32-19ff-1769-9de6-c52d162acd5f" executionId="40aa784d-f3ef-48e2-955c-74f27813093f" testListId="8c84fa94-04c1-424b-9868-57a2d4851a1d" />
    <TestEntry testId="9b2bbceb-468f-d0ac-b341-60598875d208" executionId="0896d684-cfa1-4f05-9490-52a8b2a6f82f" testListId="8c84fa94-04c1-424b-9868-57a2d4851a1d" />
    <TestEntry testId="d8c91bcb-4d5f-2373-fe52-b7e836e105ed" executionId="7aaecfd0-f78f-426d-967d-15059e71ffa1" testListId="8c84fa94-04c1-424b-9868-57a2d4851a1d" />
    <TestEntry testId="95955412-4531-2e14-9531-d38894ef3365" executionId="f46a2503-077c-402b-b46a-25300c0d3e81" testListId="8c84fa94-04c1-424b-9868-57a2d4851a1d" />
    <TestEntry testId="e62d010d-3c08-4181-e2aa-040984485618" executionId="140f181a-c001-4c69-8ef0-642725d4b20a" testListId="8c84fa94-04c1-424b-9868-57a2d4851a1d" />
    <TestEntry testId="cbd7b4b4-f86f-4d56-5526-66acd9284261" executionId="2586ff6f-d1ac-4431-9dd0-e0951b53175e" testListId="8c84fa94-04c1-424b-9868-57a2d4851a1d" />
    <TestEntry testId="cbfb1eb5-178a-bb02-d5ec-62040504c463" executionId="34e88c8f-8a5a-4a3c-9fab-0678b8335bd8" testListId="8c84fa94-04c1-424b-9868-57a2d4851a1d" />
    <TestEntry testId="17f012ad-a629-8b47-7005-c808edaecab4" executionId="8ced80f3-1720-4bfc-915d-659d1d273579" testListId="8c84fa94-04c1-424b-9868-57a2d4851a1d" />
    <TestEntry testId="d54dbb6e-fe88-9d0c-d621-b72f2e126109" executionId="2baf1383-e7e4-46f7-9174-cb778dcaa64d" testListId="8c84fa94-04c1-424b-9868-57a2d4851a1d" />
    <TestEntry testId="bb03b481-64a8-0666-eef1-19f0d1282619" executionId="b84288ae-4429-4ae1-960d-4e93b60baaf1" testListId="8c84fa94-04c1-424b-9868-57a2d4851a1d" />
    <TestEntry testId="86396a62-2564-b18f-fdd2-0151947e85a4" executionId="2333ec3a-87d5-43d8-b7c6-42a19286161c" testListId="8c84fa94-04c1-424b-9868-57a2d4851a1d" />
    <TestEntry testId="72836f69-f6af-00c5-3fe5-667eedf321a1" executionId="b01726ba-15a5-48df-8f17-dcdc9360cea4" testListId="8c84fa94-04c1-424b-9868-57a2d4851a1d" />
    <TestEntry testId="0f2e1b80-4ff0-799e-d3a4-6cb0b3a4ed1a" executionId="3c8ed9ec-eb20-4890-8c7a-c5a5f779a723" testListId="8c84fa94-04c1-424b-9868-57a2d4851a1d" />
    <TestEntry testId="b69a1e1f-3b14-878f-e09a-af1ba4acdd97" executionId="2d177b60-a4b5-43b7-9ef0-41585050e542" testListId="8c84fa94-04c1-424b-9868-57a2d4851a1d" />
    <TestEntry testId="9c24d4fc-9cc6-8406-cafd-e423aa65edaa" executionId="76740030-6c00-408c-8253-c1fc22803e63" testListId="8c84fa94-04c1-424b-9868-57a2d4851a1d" />
    <TestEntry testId="60cc92e9-630a-0593-4688-b485b5f6266c" executionId="ea2ed66b-4f3d-44c2-b782-41c88a32f18d" testListId="8c84fa94-04c1-424b-9868-57a2d4851a1d" />
    <TestEntry testId="32fe4972-1167-5115-e504-d72452618dd3" executionId="9ca5c6da-7dd6-4b14-a9fc-f08aaf8ebc25" testListId="8c84fa94-04c1-424b-9868-57a2d4851a1d" />
    <TestEntry testId="0ebff6e2-60e7-0aff-d1ac-73cdb4d6b996" executionId="b1445c14-fce9-44f9-af1c-33558bc10076" testListId="8c84fa94-04c1-424b-9868-57a2d4851a1d" />
    <TestEntry testId="e32df89c-b119-162a-fb71-e8f58b571234" executionId="45f5ecee-7c85-4fc4-b093-0df2cad5faa0" testListId="8c84fa94-04c1-424b-9868-57a2d4851a1d" />
    <TestEntry testId="f5fe2093-6755-2c99-2d90-bdfc3fe45ccd" executionId="21d0806b-1b7b-4aa0-af46-e58d104a6d71" testListId="8c84fa94-04c1-424b-9868-57a2d4851a1d" />
    <TestEntry testId="ec2c452b-c6d1-e8a6-7b59-ee8b98b608b9" executionId="b043e7b0-3163-44e1-94bd-19e6e55744db" testListId="8c84fa94-04c1-424b-9868-57a2d4851a1d" />
    <TestEntry testId="611e7cbe-0aa5-41c2-ceb5-33aa437aa3da" executionId="62f32dae-2354-437c-9002-d60f69dc2964" testListId="8c84fa94-04c1-424b-9868-57a2d4851a1d" />
    <TestEntry testId="1037a524-20b4-90e8-6775-006a2de41d26" executionId="034751cf-3ea0-49b9-bf26-a57fb70d5acf" testListId="8c84fa94-04c1-424b-9868-57a2d4851a1d" />
    <TestEntry testId="8ecc5c61-321d-ef30-c94b-e22338e65c95" executionId="c02b0f47-cb6b-4d2d-90fa-cdd1648a68e5" testListId="8c84fa94-04c1-424b-9868-57a2d4851a1d" />
    <TestEntry testId="193c8394-f089-3bfd-8497-d5246167db9f" executionId="280704c1-5441-48eb-9dd4-108a66779444" testListId="8c84fa94-04c1-424b-9868-57a2d4851a1d" />
    <TestEntry testId="d97dc767-ad37-8fa3-7638-136de4a8fdf4" executionId="b6a17233-bcbd-4732-9884-8d378c9430b4" testListId="8c84fa94-04c1-424b-9868-57a2d4851a1d" />
    <TestEntry testId="0ae4e072-c826-d914-688f-11afe48515bf" executionId="cc870017-3ede-4995-8746-d1bdb0a22b5d" testListId="8c84fa94-04c1-424b-9868-57a2d4851a1d" />
    <TestEntry testId="4f29623d-457b-3c71-60a0-24441be52b33" executionId="38f8612e-b1ba-41a0-af48-db9a3c67d25f" testListId="8c84fa94-04c1-424b-9868-57a2d4851a1d" />
    <TestEntry testId="a0c5919a-4e55-b7b0-eac2-e2400c0b5bfa" executionId="472b7d3f-4299-451e-a118-0c5a220e808b" testListId="8c84fa94-04c1-424b-9868-57a2d4851a1d" />
    <TestEntry testId="95acc060-2504-3409-367e-3ae2610dd5cd" executionId="a0099f8e-9547-4462-9caf-2a76bd1a5d13" testListId="8c84fa94-04c1-424b-9868-57a2d4851a1d" />
    <TestEntry testId="869984b9-9fc7-04e8-8422-ca370f8ed3e6" executionId="488d4d50-eb09-4faf-95ea-76d0fcd1eb0e" testListId="8c84fa94-04c1-424b-9868-57a2d4851a1d" />
    <TestEntry testId="48a204db-dd62-e426-4dd3-4dd34cea7bdc" executionId="7b59ddaa-aa8c-4f39-bce3-31811b075a07" testListId="8c84fa94-04c1-424b-9868-57a2d4851a1d" />
    <TestEntry testId="97688551-4d33-9b17-40b1-03c2ca237085" executionId="af0f3d4c-f0ca-472a-b9c3-40557b189e2f" testListId="8c84fa94-04c1-424b-9868-57a2d4851a1d" />
    <TestEntry testId="bd98a753-c1b0-8280-8f4f-a2f19a684514" executionId="eca7cbee-897e-42a7-8826-009aa9bc58e5" testListId="8c84fa94-04c1-424b-9868-57a2d4851a1d" />
    <TestEntry testId="57cad039-8df6-efab-33c2-8d361b94fd4f" executionId="65cedf98-2814-402a-b6da-1f9f6e5bdd9f" testListId="8c84fa94-04c1-424b-9868-57a2d4851a1d" />
    <TestEntry testId="c817515d-7f10-dfe6-8ae7-c4a4372a7b44" executionId="496965fe-201e-4b9c-9c15-4059a99514fc" testListId="8c84fa94-04c1-424b-9868-57a2d4851a1d" />
    <TestEntry testId="3810e133-6828-6df0-bf24-a441b0b448e0" executionId="e8059f3b-c864-46c6-95d4-406eac7b5c94" testListId="8c84fa94-04c1-424b-9868-57a2d4851a1d" />
    <TestEntry testId="ff29478c-3822-0bbd-af07-adb0a4f71cad" executionId="04ee39c6-7ace-4bed-a7ad-50f69ba01b4f" testListId="8c84fa94-04c1-424b-9868-57a2d4851a1d" />
    <TestEntry testId="11f59001-7d33-9028-6547-ddad8daa7dfd" executionId="8a1aeb28-0a3a-4414-916b-9b465d151686" testListId="8c84fa94-04c1-424b-9868-57a2d4851a1d" />
    <TestEntry testId="fc953fb6-8e75-9762-cda1-6c93ac388e8b" executionId="e3328b25-5de2-4ec6-a5bd-594a489f01cb" testListId="8c84fa94-04c1-424b-9868-57a2d4851a1d" />
    <TestEntry testId="eeb3337c-160a-f739-e411-9038f37bd823" executionId="3651c603-2174-4307-88a6-0c72cdefa320" testListId="8c84fa94-04c1-424b-9868-57a2d4851a1d" />
  </TestEntries>
  <TestLists>
    <TestList name="Results Not in a List" id="8c84fa94-04c1-424b-9868-57a2d4851a1d" />
    <TestList name="All Loaded Results" id="19431567-8539-422a-85d7-44ee4e166bda" />
  </TestLists>
  <ResultSummary outcome="Completed">
    <Counters total="91" executed="91" passed="91" failed="0" error="0" timeout="0" aborted="0" inconclusive="0" passedButRunAborted="0" notRunnable="0" notExecuted="0" disconnected="0" warning="0" completed="0" inProgress="0" pending="0" />
    <Output>
      <StdOut>[xUnit.net 00:00:00.00] xUnit.net VSTest Adapter v3.1.3+b1b99bdeb3 (64-bit .NET 9.0.10)&#xD;
[xUnit.net 00:00:00.29]   Discovering: UOContent.Tests&#xD;
[xUnit.net 00:00:00.36]   Discovered:  UOContent.Tests&#xD;
[xUnit.net 00:00:00.39]   Starting:    UOContent.Tests&#xD;
[19:21:13 INF] Client: (error): Connected. [2 Online] &lt;s:Server.Network.NetState&gt;&#xD;
[19:21:13 INF] Client: (error): Connected. [2 Online] &lt;s:Server.Network.NetState&gt;&#xD;
[19:21:13 INF] Client: (error): Connected. [4 Online] &lt;s:Server.Network.NetState&gt;&#xD;
[19:21:13 INF] Client: (error): Connected. [4 Online] &lt;s:Server.Network.NetState&gt;&#xD;
[19:21:13 INF] Client: (error): Connected. [5 Online] &lt;s:Server.Network.NetState&gt;&#xD;
[19:21:13 INF] Client: (error): Connected. [6 Online] &lt;s:Server.Network.NetState&gt;&#xD;
[19:21:13 INF] Client: (error): Connected. [7 Online] &lt;s:Server.Network.NetState&gt;&#xD;
[19:21:13 INF] Client: (error): Connected. [8 Online] &lt;s:Server.Network.NetState&gt;&#xD;
[19:21:13 INF] Client: (error): Connected. [9 Online] &lt;s:Server.Network.NetState&gt;&#xD;
[19:21:13 INF] Client: (error): Connected. [10 Online] &lt;s:Server.Network.NetState&gt;&#xD;
[19:21:13 INF] Client: (error): Connected. [11 Online] &lt;s:Server.Network.NetState&gt;&#xD;
[19:21:13 INF] Client: (error): Connected. [12 Online] &lt;s:Server.Network.NetState&gt;&#xD;
[19:21:13 INF] Client: (error): Connected. [13 Online] &lt;s:Server.Network.NetState&gt;&#xD;
[19:21:13 INF] Loading world &lt;s:Server.World&gt;&#xD;
[19:21:13 INF] Loading world done (0 items, 0 mobiles) (0.00 seconds) &lt;s:Server.World&gt;&#xD;
[xUnit.net 00:00:00.62]   Finished:    UOContent.Tests&#xD;
</StdOut>
    </Output>
  </ResultSummary>
</TestRun>