<?xml version="1.0" encoding="utf-8"?>
<TestRun id="ec9e31e4-8fa3-4a46-911e-21ce147be1e1" name="USER-002@Z590P 2025-11-13 19:21:08" runUser="Z590P\USER-002" xmlns="http://microsoft.com/schemas/VisualStudio/TeamTest/2010">
  <Times creation="2025-11-13T19:21:08.7032366-05:00" queuing="2025-11-13T19:21:08.7032368-05:00" start="2025-11-13T19:21:07.2142419-05:00" finish="2025-11-13T19:21:11.8517194-05:00" />
  <TestSettings name="default" id="0d8ea5d8-60f3-4fbe-b404-22d417c44358">
    <Deployment runDeploymentRoot="USER-002_Z590P_2025-11-13_19_21_08" />
  </TestSettings>
  <Results>
    <UnitTestResult executionId="4886ca7e-bc0d-415f-9ce0-7fa9690eafbd" testId="5024554a-c1d4-7007-6da2-9ea546518efa" testName="Server.Tests.TimerTests.TestIntervals(delay: 1000, expectedDelayTicks: 1000, interval: 30000, expectedIntervalTicks: 30000, count: 2)" computerName="Z590P" duration="00:00:00.0005384" startTime="2025-11-13T19:21:11.7321219-05:00" endTime="2025-11-13T19:21:11.7325688-05:00" testType="13cdc9d9-ddb5-4fa4-a97d-d965ccfc6d4b" outcome="Passed" testListId="8c84fa94-04c1-424b-9868-57a2d4851a1d" relativeResultsDirectory="4886ca7e-bc0d-415f-9ce0-7fa9690eafbd" />
    <UnitTestResult executionId="72ddffdd-0151-4d67-8888-f6dada000934" testId="7c24d3bc-ca91-b91b-f42a-0734a6387b6d" testName="Server.Tests.Buffers.ValueStringBuilderTests.TestAppendInt32(value: -5)" computerName="Z590P" duration="00:00:00.0000033" startTime="2025-11-13T19:21:10.0296076-05:00" endTime="2025-11-13T19:21:10.0296419-05:00" testType="13cdc9d9-ddb5-4fa4-a97d-d965ccfc6d4b" outcome="Passed" testListId="8c84fa94-04c1-424b-9868-57a2d4851a1d" relativeResultsDirectory="72ddffdd-0151-4d67-8888-f6dada000934" />
    <UnitTestResult executionId="77a45712-75fd-49c1-8fe1-d5a716f4dd40" testId="7c72a175-fd7d-d163-86b1-f100ce94c4c8" testName="Server.Tests.ValueLinkListTests.TestAddingBefore" computerName="Z590P" duration="00:00:00.0007806" startTime="2025-11-13T19:21:08.6875745-05:00" endTime="2025-11-13T19:21:08.6943412-05:00" testType="13cdc9d9-ddb5-4fa4-a97d-d965ccfc6d4b" outcome="Passed" testListId="8c84fa94-04c1-424b-9868-57a2d4851a1d" relativeResultsDirectory="77a45712-75fd-49c1-8fe1-d5a716f4dd40" />
    <UnitTestResult executionId="0b175212-1588-4f2b-81c6-a0e563870c2e" testId="408798b3-3b86-3118-d71e-e4a643b6b9e0" testName="Server.Tests.Rectangle3DTests.TestRectangle3DToString" computerName="Z590P" duration="00:00:00.0018333" startTime="2025-11-13T19:21:08.7044759-05:00" endTime="2025-11-13T19:21:08.7048349-05:00" testType="13cdc9d9-ddb5-4fa4-a97d-d965ccfc6d4b" outcome="Passed" testListId="8c84fa94-04c1-424b-9868-57a2d4851a1d" relativeResultsDirectory="0b175212-1588-4f2b-81c6-a0e563870c2e" />
    <UnitTestResult executionId="380f9114-0418-470a-8656-775a6cb2dd0c" testId="1f471217-b196-a4e6-0afd-6a217770ccf4" testName="Server.Tests.Network.MobilePacketTests.TestMobileIncoming(changes: Version7000, hairItemId: 10, hairHue: 1024, facialHairItemId: 11, facialHairHue: 2048)" computerName="Z590P" duration="00:00:00.0000680" startTime="2025-11-13T19:21:09.9041573-05:00" endTime="2025-11-13T19:21:09.9042122-05:00" testType="13cdc9d9-ddb5-4fa4-a97d-d965ccfc6d4b" outcome="Passed" testListId="8c84fa94-04c1-424b-9868-57a2d4851a1d" relativeResultsDirectory="380f9114-0418-470a-8656-775a6cb2dd0c" />
    <UnitTestResult executionId="b1d30670-371c-4e4c-8a2c-4a43e27678cb" testId="3f746313-05eb-15e1-e158-a557e0f4492c" testName="Server.Tests.TimerTests.TestVariousTimes(ticks: 0, expectedTicks: 8)" computerName="Z590P" duration="00:00:00.0001799" startTime="2025-11-13T19:21:11.7316060-05:00" endTime="2025-11-13T19:21:11.7316465-05:00" testType="13cdc9d9-ddb5-4fa4-a97d-d965ccfc6d4b" outcome="Passed" testListId="8c84fa94-04c1-424b-9868-57a2d4851a1d" relativeResultsDirectory="b1d30670-371c-4e4c-8a2c-4a43e27678cb" />
    <UnitTestResult executionId="e21932ee-9be3-4582-804b-db77c75aea1a" testId="3b5c0d92-a69a-b4a0-5b94-630bbe01e43c" testName="Server.Tests.Tests.Buffers.STArrayPoolTests.ValidMinimumLengths(requestedLength: 2, expectedLength: 16)" computerName="Z590P" duration="00:00:00.0001011" startTime="2025-11-13T19:21:10.0278990-05:00" endTime="2025-11-13T19:21:10.0279348-05:00" testType="13cdc9d9-ddb5-4fa4-a97d-d965ccfc6d4b" outcome="Passed" testListId="8c84fa94-04c1-424b-9868-57a2d4851a1d" relativeResultsDirectory="e21932ee-9be3-4582-804b-db77c75aea1a" />
    <UnitTestResult executionId="b4358504-e04a-4116-807c-d4a6970c0fee" testId="4259c509-6adb-aaeb-0fd4-ca3f09f4a63e" testName="Server.Tests.SpanWriterTests.TestSpanWriterNoResizeThrows" computerName="Z590P" duration="00:00:00.0008492" startTime="2025-11-13T19:21:08.7071715-05:00" endTime="2025-11-13T19:21:08.7081190-05:00" testType="13cdc9d9-ddb5-4fa4-a97d-d965ccfc6d4b" outcome="Passed" testListId="8c84fa94-04c1-424b-9868-57a2d4851a1d" relativeResultsDirectory="b4358504-e04a-4116-807c-d4a6970c0fee" />
    <UnitTestResult executionId="749f160a-f89f-411b-9047-fa37cdb85632" testId="944c62e3-d42b-df41-a6f9-bacd615d2f91" testName="Server.Tests.ValueLinkListTests.TestRemoveAllAfter" computerName="Z590P" duration="00:00:00.0002507" startTime="2025-11-13T19:21:08.6994993-05:00" endTime="2025-11-13T19:21:08.7003416-05:00" testType="13cdc9d9-ddb5-4fa4-a97d-d965ccfc6d4b" outcome="Passed" testListId="8c84fa94-04c1-424b-9868-57a2d4851a1d" relativeResultsDirectory="749f160a-f89f-411b-9047-fa37cdb85632" />
    <UnitTestResult executionId="cbddd186-6259-420d-8473-31229f55e0ef" testId="0ee2658f-e8a5-0c19-93ea-ee25402177eb" testName="Server.Tests.Network.MovementPacketTests.TestMovePlayer" computerName="Z590P" duration="00:00:00.0002260" startTime="2025-11-13T19:21:09.8949305-05:00" endTime="2025-11-13T19:21:09.8949771-05:00" testType="13cdc9d9-ddb5-4fa4-a97d-d965ccfc6d4b" outcome="Passed" testListId="8c84fa94-04c1-424b-9868-57a2d4851a1d" relativeResultsDirectory="cbddd186-6259-420d-8473-31229f55e0ef" />
    <UnitTestResult executionId="e6fa5d60-d20f-47c5-b85a-28fcc6f1d888" testId="51b3bdfe-37b0-573a-c0a6-34682db350ae" testName="Server.Tests.Network.MobilePacketTests.TestMobileIncoming(changes: Version6000, hairItemId: 0, hairHue: 0, facialHairItemId: 0, facialHairHue: 0)" computerName="Z590P" duration="00:00:00.0000615" startTime="2025-11-13T19:21:09.9044231-05:00" endTime="2025-11-13T19:21:09.9044617-05:00" testType="13cdc9d9-ddb5-4fa4-a97d-d965ccfc6d4b" outcome="Passed" testListId="8c84fa94-04c1-424b-9868-57a2d4851a1d" relativeResultsDirectory="e6fa5d60-d20f-47c5-b85a-28fcc6f1d888" />
    <UnitTestResult executionId="f5568a4b-77dc-49dd-8fb4-b10919a0292b" testId="3a78fd32-1556-3715-7d52-8b11f0dc35ef" testName="Server.Tests.Network.CombatPacketTests.TestChangeCombatant" computerName="Z590P" duration="00:00:00.0002582" startTime="2025-11-13T19:21:08.7564216-05:00" endTime="2025-11-13T19:21:08.7570358-05:00" testType="13cdc9d9-ddb5-4fa4-a97d-d965ccfc6d4b" outcome="Passed" testListId="8c84fa94-04c1-424b-9868-57a2d4851a1d" relativeResultsDirectory="f5568a4b-77dc-49dd-8fb4-b10919a0292b" />
    <UnitTestResult executionId="24126fa2-ad58-4266-a864-77336f33df99" testId="bb972fa7-4ccb-8892-d48e-4480de87ad8f" testName="Server.Tests.DecimalSerializationTests.TestSerializeDecimal(value: 123.46)" computerName="Z590P" duration="00:00:00.0000073" startTime="2025-11-13T19:21:08.6878866-05:00" endTime="2025-11-13T19:21:08.6880033-05:00" testType="13cdc9d9-ddb5-4fa4-a97d-d965ccfc6d4b" outcome="Passed" testListId="8c84fa94-04c1-424b-9868-57a2d4851a1d" relativeResultsDirectory="24126fa2-ad58-4266-a864-77336f33df99" />
    <UnitTestResult executionId="3f33c6a3-2d8b-42d9-b0b6-52babb3725a8" testId="6e2aadc5-35c9-bbdf-f82e-8c2a1c16a68a" testName="Server.Tests.Network.MobilePacketTests.TestMobileAnimation(action: 200, frameCount: 5, repeatCount: 1, reverse: False, repeat: False, delay: 5)" computerName="Z590P" duration="00:00:00.0004010" startTime="2025-11-13T19:21:09.9467517-05:00" endTime="2025-11-13T19:21:09.9467971-05:00" testType="13cdc9d9-ddb5-4fa4-a97d-d965ccfc6d4b" outcome="Passed" testListId="8c84fa94-04c1-424b-9868-57a2d4851a1d" relativeResultsDirectory="3f33c6a3-2d8b-42d9-b0b6-52babb3725a8" />
    <UnitTestResult executionId="b19b1391-0a88-43ae-b371-87e25043e73e" testId="68a3d7e8-ce8f-1ab4-8728-650244644368" testName="Server.Tests.Network.CombatPacketTests.TestSetWarMode(warmode: False)" computerName="Z590P" duration="00:00:00.0002245" startTime="2025-11-13T19:21:08.7561354-05:00" endTime="2025-11-13T19:21:08.7562237-05:00" testType="13cdc9d9-ddb5-4fa4-a97d-d965ccfc6d4b" outcome="Passed" testListId="8c84fa94-04c1-424b-9868-57a2d4851a1d" relativeResultsDirectory="b19b1391-0a88-43ae-b371-87e25043e73e" />
    <UnitTestResult executionId="9ae71934-ce4a-44d5-952e-b0ed26fab19e" testId="738d5bbd-3702-e4f6-6ff4-1c64efc939d5" testName="Server.Tests.Network.MobilePacketTests.TestMobileUpdate(changes: None, solidHueOverride: 0)" computerName="Z590P" duration="00:00:00.0002951" startTime="2025-11-13T19:21:09.9424697-05:00" endTime="2025-11-13T19:21:09.9426791-05:00" testType="13cdc9d9-ddb5-4fa4-a97d-d965ccfc6d4b" outcome="Passed" testListId="8c84fa94-04c1-424b-9868-57a2d4851a1d" relativeResultsDirectory="9ae71934-ce4a-44d5-952e-b0ed26fab19e" />
    <UnitTestResult executionId="c531df31-ea4f-4760-b64c-6649b92b5847" testId="3acf93e0-8960-231a-f898-6337fbb7ae20" testName="Server.Tests.Network.PlayerPacketTests.TestChangeUpdateRange(range: 0)" computerName="Z590P" duration="00:00:00.0003088" startTime="2025-11-13T19:21:09.8929015-05:00" endTime="2025-11-13T19:21:09.8931130-05:00" testType="13cdc9d9-ddb5-4fa4-a97d-d965ccfc6d4b" outcome="Passed" testListId="8c84fa94-04c1-424b-9868-57a2d4851a1d" relativeResultsDirectory="c531df31-ea4f-4760-b64c-6649b92b5847" />
    <UnitTestResult executionId="4f016b54-78cf-4160-95cc-c8d17a2097e7" testId="4def0afd-2531-8bd7-bc63-c40617745d59" testName="Server.Tests.DecimalSerializationTests.TestSerializeDecimal(value: 2)" computerName="Z590P" duration="00:00:00.0000031" startTime="2025-11-13T19:21:08.6895049-05:00" endTime="2025-11-13T19:21:08.6895490-05:00" testType="13cdc9d9-ddb5-4fa4-a97d-d965ccfc6d4b" outcome="Passed" testListId="8c84fa94-04c1-424b-9868-57a2d4851a1d" relativeResultsDirectory="4f016b54-78cf-4160-95cc-c8d17a2097e7" />
    <UnitTestResult executionId="fa75d984-934d-4af2-97a4-f9e7a8be7389" testId="fea0592c-881a-dcad-fa93-ff2f5b91e3cf" testName="Server.Tests.Network.VendorBuyPacketTests.TestVendorBuyContent(protocolChanges: None)" computerName="Z590P" duration="00:00:00.0007848" startTime="2025-11-13T19:21:09.8794826-05:00" endTime="2025-11-13T19:21:09.8795246-05:00" testType="13cdc9d9-ddb5-4fa4-a97d-d965ccfc6d4b" outcome="Passed" testListId="8c84fa94-04c1-424b-9868-57a2d4851a1d" relativeResultsDirectory="fa75d984-934d-4af2-97a4-f9e7a8be7389" />
    <UnitTestResult executionId="e47f9b94-3ff7-4c76-b02f-0e221f1f0b95" testId="fa312217-0870-57ea-a885-30085937f4ce" testName="Server.Tests.Network.AccountPacketTests.TestSupportedFeatures(protocolChanges: Version6000)" computerName="Z590P" duration="00:00:00.0001840" startTime="2025-11-13T19:21:10.0137285-05:00" endTime="2025-11-13T19:21:10.0138602-05:00" testType="13cdc9d9-ddb5-4fa4-a97d-d965ccfc6d4b" outcome="Passed" testListId="8c84fa94-04c1-424b-9868-57a2d4851a1d" relativeResultsDirectory="e47f9b94-3ff7-4c76-b02f-0e221f1f0b95" />
    <UnitTestResult executionId="9560b7bf-3ecd-4ea5-956b-a03129b02599" testId="d9e5fc33-6bd3-adce-d677-114f94e7db9e" testName="Server.Tests.Network.PollGroupTests.TestPollGroup" computerName="Z590P" duration="00:00:01.1874334" startTime="2025-11-13T19:21:08.6992022-05:00" endTime="2025-11-13T19:21:09.8597661-05:00" testType="13cdc9d9-ddb5-4fa4-a97d-d965ccfc6d4b" outcome="Passed" testListId="8c84fa94-04c1-424b-9868-57a2d4851a1d" relativeResultsDirectory="9560b7bf-3ecd-4ea5-956b-a03129b02599" />
    <UnitTestResult executionId="80d038c0-c1bb-4f97-97ec-6e643f67faa9" testId="57d5eaa2-3988-5fa4-5c9c-44bd7c808285" testName="Server.Tests.Network.EffectPackets.TestParticleEffect" computerName="Z590P" duration="00:00:00.0004150" startTime="2025-11-13T19:21:08.7590235-05:00" endTime="2025-11-13T19:21:08.7593762-05:00" testType="13cdc9d9-ddb5-4fa4-a97d-d965ccfc6d4b" outcome="Passed" testListId="8c84fa94-04c1-424b-9868-57a2d4851a1d" relativeResultsDirectory="80d038c0-c1bb-4f97-97ec-6e643f67faa9" />
    <UnitTestResult executionId="bcaa4fd9-5815-4abe-be0e-dc4a779ddcd6" testId="a24443e7-9c5e-7f6b-b1d6-8855f169a12d" testName="Server.Tests.WorldLocationTests.TestWorldLocationTryFormatFails(mapName: null)" computerName="Z590P" duration="00:00:00.0000653" startTime="2025-11-13T19:21:11.7664726-05:00" endTime="2025-11-13T19:21:11.7664887-05:00" testType="13cdc9d9-ddb5-4fa4-a97d-d965ccfc6d4b" outcome="Passed" testListId="8c84fa94-04c1-424b-9868-57a2d4851a1d" relativeResultsDirectory="bcaa4fd9-5815-4abe-be0e-dc4a779ddcd6" />
    <UnitTestResult executionId="ec51a3e5-38b7-41c1-a46e-46ebb4bfff44" testId="017397cd-68b5-4ca8-2a1c-02eca87310ac" testName="Server.Tests.Network.PlayerPacketTests.TestSequence(num: 255)" computerName="Z590P" duration="00:00:00.0001321" startTime="2025-11-13T19:21:09.8892261-05:00" endTime="2025-11-13T19:21:09.8892653-05:00" testType="13cdc9d9-ddb5-4fa4-a97d-d965ccfc6d4b" outcome="Passed" testListId="8c84fa94-04c1-424b-9868-57a2d4851a1d" relativeResultsDirectory="ec51a3e5-38b7-41c1-a46e-46ebb4bfff44" />
    <UnitTestResult executionId="758f867c-206a-47a2-80c6-45da90076f93" testId="f562a71e-0115-fc8d-e1e6-ed76455f20ae" testName="Server.Tests.IPAddressTests.TestIPvCIDR(cidr: &quot;192.168.100.254&quot;, addr: &quot;192.168.100.1&quot;, cidrLength: 16, shouldMatch: True)" computerName="Z590P" duration="00:00:00.0000052" startTime="2025-11-13T19:21:08.6916882-05:00" endTime="2025-11-13T19:21:08.6917428-05:00" testType="13cdc9d9-ddb5-4fa4-a97d-d965ccfc6d4b" outcome="Passed" testListId="8c84fa94-04c1-424b-9868-57a2d4851a1d" relativeResultsDirectory="758f867c-206a-47a2-80c6-45da90076f93" />
    <UnitTestResult executionId="a5a4107a-aafd-47f2-ac89-292bf1f86a10" testId="131c8993-4a9f-6aa7-ebe3-180213dd8445" testName="Server.Tests.Network.EquipmentPacketTests.TestEquipUpdate" computerName="Z590P" duration="00:00:00.0004107" startTime="2025-11-13T19:21:10.0027871-05:00" endTime="2025-11-13T19:21:10.0031065-05:00" testType="13cdc9d9-ddb5-4fa4-a97d-d965ccfc6d4b" outcome="Passed" testListId="8c84fa94-04c1-424b-9868-57a2d4851a1d" relativeResultsDirectory="a5a4107a-aafd-47f2-ac89-292bf1f86a10" />
    <UnitTestResult executionId="109211cb-dbf0-4d60-a435-2d648178b06d" testId="f07f27be-da7d-639f-1bc2-4bdf5f7ed309" testName="Server.Tests.Network.EffectPackets.TestScreenEffect(screenType: FadeInOut)" computerName="Z590P" duration="00:00:00.0922831" startTime="2025-11-13T19:21:08.6722121-05:00" endTime="2025-11-13T19:21:08.7526057-05:00" testType="13cdc9d9-ddb5-4fa4-a97d-d965ccfc6d4b" outcome="Passed" testListId="8c84fa94-04c1-424b-9868-57a2d4851a1d" relativeResultsDirectory="109211cb-dbf0-4d60-a435-2d648178b06d" />
    <UnitTestResult executionId="acecc1f2-7623-4759-902f-8234991cb6ab" testId="c2911f1f-b315-9789-6a78-1e970ce21cfc" testName="Server.Tests.Network.PlayerPacketTests.TestSeasonChange(season: 1, playSound: False)" computerName="Z590P" duration="00:00:00.0001778" startTime="2025-11-13T19:21:09.8902469-05:00" endTime="2025-11-13T19:21:09.8903481-05:00" testType="13cdc9d9-ddb5-4fa4-a97d-d965ccfc6d4b" outcome="Passed" testListId="8c84fa94-04c1-424b-9868-57a2d4851a1d" relativeResultsDirectory="acecc1f2-7623-4759-902f-8234991cb6ab" />
    <UnitTestResult executionId="0c7aa267-9035-4ffc-8eed-d628907daa10" testId="e532e3a9-baad-62bd-b1e5-6f7f381c8dc5" testName="Server.Tests.ActivatorExtensionsTests.TestZeroParamsActivator" computerName="Z590P" duration="00:00:00.0001576" startTime="2025-11-13T19:21:08.7078335-05:00" endTime="2025-11-13T19:21:08.7078802-05:00" testType="13cdc9d9-ddb5-4fa4-a97d-d965ccfc6d4b" outcome="Passed" testListId="8c84fa94-04c1-424b-9868-57a2d4851a1d" relativeResultsDirectory="0c7aa267-9035-4ffc-8eed-d628907daa10" />
    <UnitTestResult executionId="39d3ff6b-826c-4439-b432-f60e5eaca44d" testId="c15493f4-fa74-6fbc-0f08-8cf359c93a8f" testName="Server.Tests.Network.MobilePacketTests.TestMobileStam" computerName="Z590P" duration="00:00:00.0002250" startTime="2025-11-13T19:21:09.9419041-05:00" endTime="2025-11-13T19:21:09.9420326-05:00" testType="13cdc9d9-ddb5-4fa4-a97d-d965ccfc6d4b" outcome="Passed" testListId="8c84fa94-04c1-424b-9868-57a2d4851a1d" relativeResultsDirectory="39d3ff6b-826c-4439-b432-f60e5eaca44d" />
    <UnitTestResult executionId="92bfb311-709a-482a-9cc0-2773828d909f" testId="f43dc58a-f8d3-1bea-5c15-022ee2efe06b" testName="Server.Tests.Network.AccountPacketTests.TestPopupMessage" computerName="Z590P" duration="00:00:00.0002627" startTime="2025-11-13T19:21:10.0162524-05:00" endTime="2025-11-13T19:21:10.0164326-05:00" testType="13cdc9d9-ddb5-4fa4-a97d-d965ccfc6d4b" outcome="Passed" testListId="8c84fa94-04c1-424b-9868-57a2d4851a1d" relativeResultsDirectory="92bfb311-709a-482a-9cc0-2773828d909f" />
    <UnitTestResult executionId="844be9d4-bbd1-421b-ab64-b08315aa6aae" testId="6c9ad032-ad95-7cd4-6dda-6ede4eca0a82" testName="Server.Tests.Network.PlayerPacketTests.TestWeather(type: 1, density: 2, temp: 3)" computerName="Z590P" duration="00:00:00.0001765" startTime="2025-11-13T19:21:09.8866049-05:00" endTime="2025-11-13T19:21:09.8866425-05:00" testType="13cdc9d9-ddb5-4fa4-a97d-d965ccfc6d4b" outcome="Passed" testListId="8c84fa94-04c1-424b-9868-57a2d4851a1d" relativeResultsDirectory="844be9d4-bbd1-421b-ab64-b08315aa6aae" />
    <UnitTestResult executionId="e875b191-acdb-42ba-b9c9-085abadb07f5" testId="2f0d967f-112a-4a10-c830-7e552cb73214" testName="Server.Tests.TimerTests.TestVariousTimes(ticks: 32767, expectedTicks: 32768)" computerName="Z590P" duration="00:00:00.0000811" startTime="2025-11-13T19:21:11.7316760-05:00" endTime="2025-11-13T19:21:11.7316887-05:00" testType="13cdc9d9-ddb5-4fa4-a97d-d965ccfc6d4b" outcome="Passed" testListId="8c84fa94-04c1-424b-9868-57a2d4851a1d" relativeResultsDirectory="e875b191-acdb-42ba-b9c9-085abadb07f5" />
    <UnitTestResult executionId="390bdee4-d414-4afa-8ff2-65286c59d1c6" testId="cf512cbb-9b8c-7916-2678-4627f7b6d4cd" testName="Server.Tests.ContainerTests.TestFindItemsByType(itemType: typeof(Server.Item))" computerName="Z590P" duration="00:00:00.0001683" startTime="2025-11-13T19:21:11.7628743-05:00" endTime="2025-11-13T19:21:11.7630602-05:00" testType="13cdc9d9-ddb5-4fa4-a97d-d965ccfc6d4b" outcome="Passed" testListId="8c84fa94-04c1-424b-9868-57a2d4851a1d" relativeResultsDirectory="390bdee4-d414-4afa-8ff2-65286c59d1c6" />
    <UnitTestResult executionId="3e7fcd11-62c3-4ba7-bbc2-f8e03da6035d" testId="d4e6f203-ee4b-e709-2f3d-0af396c30e2f" testName="Server.Tests.Network.PlayerPacketTests.TestDisplayProfile(serial: 4096, header: null, body: null, footer: null)" computerName="Z590P" duration="00:00:00.0001732" startTime="2025-11-13T19:21:09.8882022-05:00" endTime="2025-11-13T19:21:09.8883094-05:00" testType="13cdc9d9-ddb5-4fa4-a97d-d965ccfc6d4b" outcome="Passed" testListId="8c84fa94-04c1-424b-9868-57a2d4851a1d" relativeResultsDirectory="3e7fcd11-62c3-4ba7-bbc2-f8e03da6035d" />
    <UnitTestResult executionId="ea1e7ee0-7896-4215-93c9-60a4b47e13cb" testId="7c119898-089b-0ceb-e880-7b595efb281d" testName="Server.Tests.Network.CombatPacketTests.TestSetWarMode(warmode: True)" computerName="Z590P" duration="00:00:00.0003933" startTime="2025-11-13T19:21:08.7543630-05:00" endTime="2025-11-13T19:21:08.7552573-05:00" testType="13cdc9d9-ddb5-4fa4-a97d-d965ccfc6d4b" outcome="Passed" testListId="8c84fa94-04c1-424b-9868-57a2d4851a1d" relativeResultsDirectory="ea1e7ee0-7896-4215-93c9-60a4b47e13cb" />
    <UnitTestResult executionId="74a2e5e1-6dfb-4402-b77b-b81684501b2b" testId="56c09661-1388-318e-c64f-4995be204845" testName="Server.Tests.ValueLinkListTests.TestAddingElementsFirst" computerName="Z590P" duration="00:00:00.0002901" startTime="2025-11-13T19:21:08.7004682-05:00" endTime="2025-11-13T19:21:08.7005133-05:00" testType="13cdc9d9-ddb5-4fa4-a97d-d965ccfc6d4b" outcome="Passed" testListId="8c84fa94-04c1-424b-9868-57a2d4851a1d" relativeResultsDirectory="74a2e5e1-6dfb-4402-b77b-b81684501b2b" />
    <UnitTestResult executionId="2dcc4bf9-839d-4ccf-bd02-eed4630dfb3a" testId="681c22d4-31c2-ee7e-3df0-d235713a6980" testName="Server.Tests.Network.SecureTradePacketTests.TestCloseSecureTrade" computerName="Z590P" duration="00:00:00.0003333" startTime="2025-11-13T19:21:09.8814636-05:00" endTime="2025-11-13T19:21:09.8817504-05:00" testType="13cdc9d9-ddb5-4fa4-a97d-d965ccfc6d4b" outcome="Passed" testListId="8c84fa94-04c1-424b-9868-57a2d4851a1d" relativeResultsDirectory="2dcc4bf9-839d-4ccf-bd02-eed4630dfb3a" />
    <UnitTestResult executionId="c7b98b53-bd5e-479c-9cef-f7883e85bba1" testId="7ac82548-debc-c712-67ec-9e26ff80676c" testName="Server.Tests.Network.DamagePacketTests.TestDamage(inputAmount: -5)" computerName="Z590P" duration="00:00:00.0001898" startTime="2025-11-13T19:21:10.0050524-05:00" endTime="2025-11-13T19:21:10.0050905-05:00" testType="13cdc9d9-ddb5-4fa4-a97d-d965ccfc6d4b" outcome="Passed" testListId="8c84fa94-04c1-424b-9868-57a2d4851a1d" relativeResultsDirectory="c7b98b53-bd5e-479c-9cef-f7883e85bba1" />
    <UnitTestResult executionId="59e3ea14-735a-436b-b67d-d5d4d4711a38" testId="9b278e60-3f53-fe96-7367-93c81eaff274" testName="Server.Tests.ContainerTests.TestFindItemsByType(itemType: typeof(Server.Items.Container))" computerName="Z590P" duration="00:00:00.0000693" startTime="2025-11-13T19:21:11.7630976-05:00" endTime="2025-11-13T19:21:11.7631119-05:00" testType="13cdc9d9-ddb5-4fa4-a97d-d965ccfc6d4b" outcome="Passed" testListId="8c84fa94-04c1-424b-9868-57a2d4851a1d" relativeResultsDirectory="59e3ea14-735a-436b-b67d-d5d4d4711a38" />
    <UnitTestResult executionId="7a2a554d-ec31-4564-9ce3-34b39072c9b6" testId="306cbecf-1ebc-e834-1419-1b720e5e30c3" testName="Server.Tests.TestStringHelpers.TestIsNullOrDefault(value: &quot;&quot;, defaultValue: &quot;default value&quot;, expected: &quot;default value&quot;)" computerName="Z590P" duration="00:00:00.0000030" startTime="2025-11-13T19:21:11.3932625-05:00" endTime="2025-11-13T19:21:11.3932983-05:00" testType="13cdc9d9-ddb5-4fa4-a97d-d965ccfc6d4b" outcome="Passed" testListId="8c84fa94-04c1-424b-9868-57a2d4851a1d" relativeResultsDirectory="7a2a554d-ec31-4564-9ce3-34b39072c9b6" />
    <UnitTestResult executionId="acd494b9-ab62-41db-b233-32a726fd7962" testId="67ac588e-7a86-da18-ab94-427efd6ad398" testName="Server.Tests.Network.ContainerPacketTests.TestContainerContent6017" computerName="Z590P" duration="00:00:00.0020808" startTime="2025-11-13T19:21:10.0056959-05:00" endTime="2025-11-13T19:21:10.0075848-05:00" testType="13cdc9d9-ddb5-4fa4-a97d-d965ccfc6d4b" outcome="Passed" testListId="8c84fa94-04c1-424b-9868-57a2d4851a1d" relativeResultsDirectory="acd494b9-ab62-41db-b233-32a726fd7962" />
    <UnitTestResult executionId="9b2cbd33-1116-48d8-a6a3-aa823d44715a" testId="052fdd9c-2eed-4816-b1df-b6780f27fd4c" testName="Server.Tests.Network.MapPatchesTests.TestMapChange(mapName: &quot;Felucca&quot;)" computerName="Z590P" duration="00:00:00.0006232" startTime="2025-11-13T19:21:09.9563317-05:00" endTime="2025-11-13T19:21:09.9568572-05:00" testType="13cdc9d9-ddb5-4fa4-a97d-d965ccfc6d4b" outcome="Passed" testListId="8c84fa94-04c1-424b-9868-57a2d4851a1d" relativeResultsDirectory="9b2cbd33-1116-48d8-a6a3-aa823d44715a" />
    <UnitTestResult executionId="0da60627-789e-4c95-87f7-b8c84bbc861e" testId="67281cce-6679-a419-3866-3028476110c5" testName="Server.Tests.TestStringHelpers.TestWrap(sentence: &quot;Something ThatIsVeryLongAndShouldBe broken up&quot;, perLine: 10, maxLines: 6, customExpected: [&quot;Something&quot;, &quot;ThatIsVery&quot;, &quot;LongAndSho&quot;, &quot;uldBe&quot;, &quot;broken up&quot;])" computerName="Z590P" duration="00:00:00.0000106" startTime="2025-11-13T19:21:11.3981195-05:00" endTime="2025-11-13T19:21:11.3981776-05:00" testType="13cdc9d9-ddb5-4fa4-a97d-d965ccfc6d4b" outcome="Passed" testListId="8c84fa94-04c1-424b-9868-57a2d4851a1d" relativeResultsDirectory="0da60627-789e-4c95-87f7-b8c84bbc861e" />
    <UnitTestResult executionId="b6857b66-4560-4eca-9cf4-9896b6e9c5ba" testId="51c7d19d-5516-64d6-0533-373aee657a07" testName="Server.Tests.TestStringHelpers.TestRemove(original: &quot;we are testing removing spaces&quot;, separator: &quot; &quot;, removed: &quot;wearetestingremovingspaces&quot;, comparison: Ordinal)" computerName="Z590P" duration="00:00:00.0002619" startTime="2025-11-13T19:21:11.3990562-05:00" endTime="2025-11-13T19:21:11.3991137-05:00" testType="13cdc9d9-ddb5-4fa4-a97d-d965ccfc6d4b" outcome="Passed" testListId="8c84fa94-04c1-424b-9868-57a2d4851a1d" relativeResultsDirectory="b6857b66-4560-4eca-9cf4-9896b6e9c5ba" />
    <UnitTestResult executionId="0f7033ac-e7d1-44cb-8dd7-6383d76466e5" testId="9ebbbaa4-1aae-8940-7930-8028a5fbbd22" testName="Server.Tests.IPAddressTests.TestIPvCIDR(cidr: &quot;192.168.50.4&quot;, addr: &quot;192.168.50.9&quot;, cidrLength: 30, shouldMatch: False)" computerName="Z590P" duration="00:00:00.0000056" startTime="2025-11-13T19:21:08.6932476-05:00" endTime="2025-11-13T19:21:08.6932889-05:00" testType="13cdc9d9-ddb5-4fa4-a97d-d965ccfc6d4b" outcome="Passed" testListId="8c84fa94-04c1-424b-9868-57a2d4851a1d" relativeResultsDirectory="0f7033ac-e7d1-44cb-8dd7-6383d76466e5" />
    <UnitTestResult executionId="96775180-1de3-48bb-a250-3945026d5575" testId="849c0655-c4ed-1c1e-e355-dae262de7699" testName="Server.Tests.HexStringConverterTest.TestGetBytes(input: &quot;ABCDEF1234&quot;, bytes: [171, 205, 239, 18, 52])" computerName="Z590P" duration="00:00:00.0006924" startTime="2025-11-13T19:21:08.7056877-05:00" endTime="2025-11-13T19:21:08.7075991-05:00" testType="13cdc9d9-ddb5-4fa4-a97d-d965ccfc6d4b" outcome="Passed" testListId="8c84fa94-04c1-424b-9868-57a2d4851a1d" relativeResultsDirectory="96775180-1de3-48bb-a250-3945026d5575" />
    <UnitTestResult executionId="24de958b-7154-4cb6-81d0-3bf70c637bec" testId="669c6fc2-66c0-b78e-c7fe-5c2b332a1d81" testName="Server.Tests.Network.SecureTradePacketTests.TestSecureTradeEquip6017" computerName="Z590P" duration="00:00:00.0006576" startTime="2025-11-13T19:21:09.8819791-05:00" endTime="2025-11-13T19:21:09.8824509-05:00" testType="13cdc9d9-ddb5-4fa4-a97d-d965ccfc6d4b" outcome="Passed" testListId="8c84fa94-04c1-424b-9868-57a2d4851a1d" relativeResultsDirectory="24de958b-7154-4cb6-81d0-3bf70c637bec" />
    <UnitTestResult executionId="a61b4f8d-6619-44c0-a13c-308ce839a1a2" testId="ed867aac-45ec-d25d-31c6-271e43109ebb" testName="Server.Tests.Network.PlayerPacketTests.TestLiftRej(reason: TryToSteal)" computerName="Z590P" duration="00:00:00.0001296" startTime="2025-11-13T19:21:09.8863659-05:00" endTime="2025-11-13T19:21:09.8864016-05:00" testType="13cdc9d9-ddb5-4fa4-a97d-d965ccfc6d4b" outcome="Passed" testListId="8c84fa94-04c1-424b-9868-57a2d4851a1d" relativeResultsDirectory="a61b4f8d-6619-44c0-a13c-308ce839a1a2" />
    <UnitTestResult executionId="56536cbc-05b8-469c-b260-c3b91751302d" testId="37ec6c1a-3af8-16ae-626b-f0022d417aec" testName="Server.Tests.IPAddressTests.TestIPvCIDR(cidr: &quot;::1234:5678&quot;, addr: &quot;::1235:FFFF&quot;, cidrLength: 109, shouldMatch: True)" computerName="Z590P" duration="00:00:00.0000083" startTime="2025-11-13T19:21:08.6901088-05:00" endTime="2025-11-13T19:21:08.6902991-05:00" testType="13cdc9d9-ddb5-4fa4-a97d-d965ccfc6d4b" outcome="Passed" testListId="8c84fa94-04c1-424b-9868-57a2d4851a1d" relativeResultsDirectory="56536cbc-05b8-469c-b260-c3b91751302d" />
    <UnitTestResult executionId="1ec7655d-585a-4d39-b587-08e77269be22" testId="477ef087-acb3-5f2e-2a5b-b75dae7c222d" testName="Server.Tests.Network.PlayerPacketTests.TestPingAck(ping: 10)" computerName="Z590P" duration="00:00:00.0000473" startTime="2025-11-13T19:21:09.8861265-05:00" endTime="2025-11-13T19:21:09.8861633-05:00" testType="13cdc9d9-ddb5-4fa4-a97d-d965ccfc6d4b" outcome="Passed" testListId="8c84fa94-04c1-424b-9868-57a2d4851a1d" relativeResultsDirectory="1ec7655d-585a-4d39-b587-08e77269be22" />
    <UnitTestResult executionId="b9e23763-ce9c-4d65-bcaf-1ee8c941537a" testId="320fa73c-98b8-e659-328b-05a9ce2e7a18" testName="Server.Tests.Network.MobilePacketTests.TestMobileStatusExtendedSelf(changes: Version70610, version: &quot;7.0.61.0&quot;, clientFlags: TerMur, expansion: HS, mobileStatusVersion: 6)" computerName="Z590P" duration="00:00:00.0286472" startTime="2025-11-13T19:21:09.9082791-05:00" endTime="2025-11-13T19:21:09.9362500-05:00" testType="13cdc9d9-ddb5-4fa4-a97d-d965ccfc6d4b" outcome="Passed" testListId="8c84fa94-04c1-424b-9868-57a2d4851a1d" relativeResultsDirectory="b9e23763-ce9c-4d65-bcaf-1ee8c941537a" />
    <UnitTestResult executionId="59fbaa08-c3e3-4a26-975c-2b17f2ab17ac" testId="cbe20268-9fec-25b2-fd0a-4963fec0dcdc" testName="Server.Tests.Network.DamagePacketTests.TestDamage(inputAmount: 1024)" computerName="Z590P" duration="00:00:00.0000927" startTime="2025-11-13T19:21:10.0053217-05:00" endTime="2025-11-13T19:21:10.0053582-05:00" testType="13cdc9d9-ddb5-4fa4-a97d-d965ccfc6d4b" outcome="Passed" testListId="8c84fa94-04c1-424b-9868-57a2d4851a1d" relativeResultsDirectory="59fbaa08-c3e3-4a26-975c-2b17f2ab17ac" />
    <UnitTestResult executionId="88e23ec8-b282-474b-928c-7e36f2d4f18d" testId="b35478b1-a9bb-9e75-635b-6b26ca5957b2" testName="Server.Tests.Network.MobilePacketTests.TestMobileName(name: &quot;Kamron&quot;)" computerName="Z590P" duration="00:00:00.0001342" startTime="2025-11-13T19:21:09.9372479-05:00" endTime="2025-11-13T19:21:09.9373157-05:00" testType="13cdc9d9-ddb5-4fa4-a97d-d965ccfc6d4b" outcome="Passed" testListId="8c84fa94-04c1-424b-9868-57a2d4851a1d" relativeResultsDirectory="88e23ec8-b282-474b-928c-7e36f2d4f18d" />
    <UnitTestResult executionId="5e2eb7ea-b897-4b99-9e36-bdbe94e186ab" testId="9cbfde80-d5bf-0cde-5c71-2211425a33ab" testName="Server.Tests.Network.AccountPacketTests.TestLoginComplete" computerName="Z590P" duration="00:00:00.0002231" startTime="2025-11-13T19:21:10.0139571-05:00" endTime="2025-11-13T19:21:10.0141037-05:00" testType="13cdc9d9-ddb5-4fa4-a97d-d965ccfc6d4b" outcome="Passed" testListId="8c84fa94-04c1-424b-9868-57a2d4851a1d" relativeResultsDirectory="5e2eb7ea-b897-4b99-9e36-bdbe94e186ab" />
    <UnitTestResult executionId="ef9580c1-6d23-4d13-94c7-e214854b72e6" testId="9a0481bf-4931-16dd-3f58-bc018df379d0" testName="Server.Tests.TestStringHelpers.TestWrap(sentence: &quot;this is a sentence that will probably wrap around &quot;···, perLine: 10, maxLines: 6, customExpected: [])" computerName="Z590P" duration="00:00:00.0001770" startTime="2025-11-13T19:21:11.3973986-05:00" endTime="2025-11-13T19:21:11.3975160-05:00" testType="13cdc9d9-ddb5-4fa4-a97d-d965ccfc6d4b" outcome="Passed" testListId="8c84fa94-04c1-424b-9868-57a2d4851a1d" relativeResultsDirectory="ef9580c1-6d23-4d13-94c7-e214854b72e6" />
    <UnitTestResult executionId="3d290e90-098a-4488-b2f0-6e1a00804dee" testId="b8f53cb0-69aa-698b-0ca3-ccfd3aa02719" testName="Server.Tests.Network.EquipmentPacketTests.TestDisplayEquipmentInfo(name: &quot;Some Crafter&quot;, unidentified: False)" computerName="Z590P" duration="00:00:00.0009744" startTime="2025-11-13T19:21:10.0013599-05:00" endTime="2025-11-13T19:21:10.0023048-05:00" testType="13cdc9d9-ddb5-4fa4-a97d-d965ccfc6d4b" outcome="Passed" testListId="8c84fa94-04c1-424b-9868-57a2d4851a1d" relativeResultsDirectory="3d290e90-098a-4488-b2f0-6e1a00804dee" />
    <UnitTestResult executionId="db330faa-2b13-4bb9-a85b-47c244be4e86" testId="d5e4b7fc-465e-bddb-d832-f1a7125e2def" testName="Server.Tests.VirtualSerialTests.TestNewVirtualGetsAndRollover" computerName="Z590P" duration="00:00:01.3629343" startTime="2025-11-13T19:21:10.0316036-05:00" endTime="2025-11-13T19:21:11.3925524-05:00" testType="13cdc9d9-ddb5-4fa4-a97d-d965ccfc6d4b" outcome="Passed" testListId="8c84fa94-04c1-424b-9868-57a2d4851a1d" relativeResultsDirectory="db330faa-2b13-4bb9-a85b-47c244be4e86" />
    <UnitTestResult executionId="fe8a6c17-3b1d-4a10-94f6-46883832b114" testId="2b1beadf-4579-8660-8f7d-c440c89937c0" testName="Server.Tests.ValueLinkListTests.TestThrowsIfModifiedWhileIteratingNested" computerName="Z590P" duration="00:00:00.0006277" startTime="2025-11-13T19:21:08.6964929-05:00" endTime="2025-11-13T19:21:08.6974208-05:00" testType="13cdc9d9-ddb5-4fa4-a97d-d965ccfc6d4b" outcome="Passed" testListId="8c84fa94-04c1-424b-9868-57a2d4851a1d" relativeResultsDirectory="fe8a6c17-3b1d-4a10-94f6-46883832b114" />
    <UnitTestResult executionId="03fed5d9-029d-4611-8ebb-798fe958119a" testId="19a338d8-63c2-2a96-5f43-626b08e4aa0b" testName="Server.Tests.Network.PlayerPacketTests.TestLaunchBrowser(uri: &quot;&quot;)" computerName="Z590P" duration="00:00:00.0000569" startTime="2025-11-13T19:21:09.8850514-05:00" endTime="2025-11-13T19:21:09.8850892-05:00" testType="13cdc9d9-ddb5-4fa4-a97d-d965ccfc6d4b" outcome="Passed" testListId="8c84fa94-04c1-424b-9868-57a2d4851a1d" relativeResultsDirectory="03fed5d9-029d-4611-8ebb-798fe958119a" />
    <UnitTestResult executionId="919e8e60-076c-4742-a7d1-358366a8de82" testId="1f5d710f-2000-e9c9-a99c-5ad9e99bdec9" testName="Server.Tests.Network.MovementPacketTests.TestSpeedControl(speedControl: 1)" computerName="Z590P" duration="00:00:00.0001446" startTime="2025-11-13T19:21:09.8952220-05:00" endTime="2025-11-13T19:21:09.8952648-05:00" testType="13cdc9d9-ddb5-4fa4-a97d-d965ccfc6d4b" outcome="Passed" testListId="8c84fa94-04c1-424b-9868-57a2d4851a1d" relativeResultsDirectory="919e8e60-076c-4742-a7d1-358366a8de82" />
    <UnitTestResult executionId="7b2846b3-ede6-43b9-9d02-3fe58e69f06f" testId="7ca88e15-768a-feaa-83f5-02038c5589ff" testName="Server.Tests.Network.MobilePacketTests.TestMobileName(name: null)" computerName="Z590P" duration="00:00:00.0001057" startTime="2025-11-13T19:21:09.9374361-05:00" endTime="2025-11-13T19:21:09.9374917-05:00" testType="13cdc9d9-ddb5-4fa4-a97d-d965ccfc6d4b" outcome="Passed" testListId="8c84fa94-04c1-424b-9868-57a2d4851a1d" relativeResultsDirectory="7b2846b3-ede6-43b9-9d02-3fe58e69f06f" />
    <UnitTestResult executionId="da0268ea-6de0-4f00-ad01-347814d645f7" testId="883f4243-fe52-f553-6017-87d259b48497" testName="Server.Tests.Network.MobilePacketTests.TestMobileAttributes" computerName="Z590P" duration="00:00:00.0003300" startTime="2025-11-13T19:21:09.9403131-05:00" endTime="2025-11-13T19:21:09.9403711-05:00" testType="13cdc9d9-ddb5-4fa4-a97d-d965ccfc6d4b" outcome="Passed" testListId="8c84fa94-04c1-424b-9868-57a2d4851a1d" relativeResultsDirectory="da0268ea-6de0-4f00-ad01-347814d645f7" />
    <UnitTestResult executionId="93689e72-2862-4e88-83b3-d60ce23604b8" testId="656ae2e9-41a1-2d6b-4e9a-fe6b72d00df3" testName="Server.Tests.Buffers.ValueStringBuilderTests.TestAppendInt32(value: 9876)" computerName="Z590P" duration="00:00:00.0003263" startTime="2025-11-13T19:21:10.0286789-05:00" endTime="2025-11-13T19:21:10.0287117-05:00" testType="13cdc9d9-ddb5-4fa4-a97d-d965ccfc6d4b" outcome="Passed" testListId="8c84fa94-04c1-424b-9868-57a2d4851a1d" relativeResultsDirectory="93689e72-2862-4e88-83b3-d60ce23604b8" />
    <UnitTestResult executionId="56254b99-6780-4a8f-b9ca-9bc7bc34191a" testId="fb44adf7-5e73-866c-2139-e14b29500605" testName="Server.Tests.Network.MobilePacketTests.TestMobileManaN" computerName="Z590P" duration="00:00:00.0003427" startTime="2025-11-13T19:21:09.9481416-05:00" endTime="2025-11-13T19:21:09.9481763-05:00" testType="13cdc9d9-ddb5-4fa4-a97d-d965ccfc6d4b" outcome="Passed" testListId="8c84fa94-04c1-424b-9868-57a2d4851a1d" relativeResultsDirectory="56254b99-6780-4a8f-b9ca-9bc7bc34191a" />
    <UnitTestResult executionId="01d827e7-c301-4244-be45-7980660810c1" testId="8be2d558-c4be-690e-b0ba-93f86f03918d" testName="Server.Tests.Network.MessageTests+UnicodePromptTests.TestUnicodePrompt" computerName="Z590P" duration="00:00:00.0733420" startTime="2025-11-13T19:21:08.7057218-05:00" endTime="2025-11-13T19:21:08.7525697-05:00" testType="13cdc9d9-ddb5-4fa4-a97d-d965ccfc6d4b" outcome="Passed" testListId="8c84fa94-04c1-424b-9868-57a2d4851a1d" relativeResultsDirectory="01d827e7-c301-4244-be45-7980660810c1" />
    <UnitTestResult executionId="37292683-182f-42ba-b4a0-a68252d8ac5e" testId="ce146898-36d6-f629-c3e6-bfb9c2d33848" testName="Server.Tests.FirewallEntryTests.TestCidrPatternIpFirewallEntry(cidr: &quot;::ffff:10.25.3.250/112&quot;, startIp: &quot;10.25.0.0&quot;, endIp: &quot;10.25.255.255&quot;)" computerName="Z590P" duration="00:00:00.0000048" startTime="2025-11-13T19:21:08.6928461-05:00" endTime="2025-11-13T19:21:08.6929132-05:00" testType="13cdc9d9-ddb5-4fa4-a97d-d965ccfc6d4b" outcome="Passed" testListId="8c84fa94-04c1-424b-9868-57a2d4851a1d" relativeResultsDirectory="37292683-182f-42ba-b4a0-a68252d8ac5e" />
    <UnitTestResult executionId="7d7411ba-00b0-49b8-af5e-79ef15e181bb" testId="ab62dfed-7bd7-5a73-f437-a62766b01281" testName="Server.Tests.Tests.Maps.MapSelectionTests.TestFormatFeluccaOnlyMapSelection" computerName="Z590P" duration="00:00:00.0000628" startTime="2025-11-13T19:21:08.7412659-05:00" endTime="2025-11-13T19:21:08.7413136-05:00" testType="13cdc9d9-ddb5-4fa4-a97d-d965ccfc6d4b" outcome="Passed" testListId="8c84fa94-04c1-424b-9868-57a2d4851a1d" relativeResultsDirectory="7d7411ba-00b0-49b8-af5e-79ef15e181bb" />
    <UnitTestResult executionId="b7e1a703-3240-450f-afd9-fd7392c838a9" testId="ab73119a-7ef1-d10a-df8a-1b88b0bc5ddd" testName="Server.Tests.Network.PipeTests.TestWriteReadMatches" computerName="Z590P" duration="00:00:00.0001199" startTime="2025-11-13T19:21:08.7395267-05:00" endTime="2025-11-13T19:21:08.7395699-05:00" testType="13cdc9d9-ddb5-4fa4-a97d-d965ccfc6d4b" outcome="Passed" testListId="8c84fa94-04c1-424b-9868-57a2d4851a1d" relativeResultsDirectory="b7e1a703-3240-450f-afd9-fd7392c838a9" />
    <UnitTestResult executionId="f06ecb7f-0bdd-44fc-8e81-fa5f7023aa1c" testId="5e3d6ed2-61fe-0d93-338c-550ff7990184" testName="Server.Tests.OrderedSetTests.TestOrderedSet" computerName="Z590P" duration="00:00:00.0067418" startTime="2025-11-13T19:21:08.6723129-05:00" endTime="2025-11-13T19:21:08.6765143-05:00" testType="13cdc9d9-ddb5-4fa4-a97d-d965ccfc6d4b" outcome="Passed" testListId="8c84fa94-04c1-424b-9868-57a2d4851a1d" relativeResultsDirectory="f06ecb7f-0bdd-44fc-8e81-fa5f7023aa1c" />
    <UnitTestResult executionId="a55d8cad-b886-406a-9aa7-56e51a1c0d86" testId="4efdf23b-5ff1-960d-3552-b67d42c9a1f0" testName="Server.Tests.FirewallTests.Firewall_CacheInvalidation_WorksOnUpdate" computerName="Z590P" duration="00:00:00.0022762" startTime="2025-11-13T19:21:08.6973614-05:00" endTime="2025-11-13T19:21:08.7008180-05:00" testType="13cdc9d9-ddb5-4fa4-a97d-d965ccfc6d4b" outcome="Passed" testListId="8c84fa94-04c1-424b-9868-57a2d4851a1d" relativeResultsDirectory="a55d8cad-b886-406a-9aa7-56e51a1c0d86" />
    <UnitTestResult executionId="3770f9d4-78fc-44f4-9a81-2fe11840a5fe" testId="924e1774-d790-4523-302d-b41153517a64" testName="Server.Tests.IPAddressTests.TestIPvCIDR(cidr: &quot;::1234:5678&quot;, addr: &quot;1234:5677::&quot;, cidrLength: 64, shouldMatch: False)" computerName="Z590P" duration="00:00:00.0067051" startTime="2025-11-13T19:21:08.6729968-05:00" endTime="2025-11-13T19:21:08.6765973-05:00" testType="13cdc9d9-ddb5-4fa4-a97d-d965ccfc6d4b" outcome="Passed" testListId="8c84fa94-04c1-424b-9868-57a2d4851a1d" relativeResultsDirectory="3770f9d4-78fc-44f4-9a81-2fe11840a5fe" />
    <UnitTestResult executionId="623fe09a-0e8e-405e-9330-b41b17a00a26" testId="f4e5188f-87d8-718f-407f-ea6f804c51b1" testName="Server.Tests.Network.PipeTests.TestSizeMatchesPageSize" computerName="Z590P" duration="00:00:00.0001832" startTime="2025-11-13T19:21:08.7393687-05:00" endTime="2025-11-13T19:21:08.7394167-05:00" testType="13cdc9d9-ddb5-4fa4-a97d-d965ccfc6d4b" outcome="Passed" testListId="8c84fa94-04c1-424b-9868-57a2d4851a1d" relativeResultsDirectory="623fe09a-0e8e-405e-9330-b41b17a00a26" />
    <UnitTestResult executionId="0fc7c3be-85e1-49ef-9e92-201bbfd56c7f" testId="9563dcad-fc59-78cc-b189-2aa038eb0f1a" testName="Server.Tests.Network.MessageTests.TestObjectHelpResponse" computerName="Z590P" duration="00:00:00.0003394" startTime="2025-11-13T19:21:08.7593050-05:00" endTime="2025-11-13T19:21:08.7597485-05:00" testType="13cdc9d9-ddb5-4fa4-a97d-d965ccfc6d4b" outcome="Passed" testListId="8c84fa94-04c1-424b-9868-57a2d4851a1d" relativeResultsDirectory="0fc7c3be-85e1-49ef-9e92-201bbfd56c7f" />
    <UnitTestResult executionId="4c3d1757-3126-4e70-b895-8d634bb69869" testId="09d5b7f6-82f5-88e6-3b82-2b453dc44f6d" testName="Server.Tests.ActivatorExtensionsTests.TestAllParamsNullOptionalActivator" computerName="Z590P" duration="00:00:00.0000976" startTime="2025-11-13T19:21:08.7074884-05:00" endTime="2025-11-13T19:21:08.7075503-05:00" testType="13cdc9d9-ddb5-4fa4-a97d-d965ccfc6d4b" outcome="Passed" testListId="8c84fa94-04c1-424b-9868-57a2d4851a1d" relativeResultsDirectory="4c3d1757-3126-4e70-b895-8d634bb69869" />
    <UnitTestResult executionId="862173f5-2808-4e0c-9d36-87167c3cc7a7" testId="6dc4b916-e20a-4584-1143-3f7e91502117" testName="Server.Tests.Network.MessageTests.TestMessageLocalizedAffix" computerName="Z590P" duration="00:00:00.0007433" startTime="2025-11-13T19:21:08.7550527-05:00" endTime="2025-11-13T19:21:08.7574465-05:00" testType="13cdc9d9-ddb5-4fa4-a97d-d965ccfc6d4b" outcome="Passed" testListId="8c84fa94-04c1-424b-9868-57a2d4851a1d" relativeResultsDirectory="862173f5-2808-4e0c-9d36-87167c3cc7a7" />
    <UnitTestResult executionId="0fa92b05-3fff-405d-8b43-bc68890f4547" testId="13dcd15e-374b-cfc7-1b0b-0972c3c473cc" testName="Server.Tests.Rectangle2DTests.TestRectangle2DToString" computerName="Z590P" duration="00:00:00.0037249" startTime="2025-11-13T19:21:08.7035055-05:00" endTime="2025-11-13T19:21:08.7047008-05:00" testType="13cdc9d9-ddb5-4fa4-a97d-d965ccfc6d4b" outcome="Passed" testListId="8c84fa94-04c1-424b-9868-57a2d4851a1d" relativeResultsDirectory="0fa92b05-3fff-405d-8b43-bc68890f4547" />
    <UnitTestResult executionId="1134ae92-8165-4caf-8015-f10f127702c2" testId="a252bd4c-0a9c-008e-0661-4369ba260591" testName="Server.Tests.Network.MenuPacketTests.TestDisplayContextMenu(newHaven: True, newPacket: True)" computerName="Z590P" duration="00:00:00.0002736" startTime="2025-11-13T19:21:09.9522703-05:00" endTime="2025-11-13T19:21:09.9524756-05:00" testType="13cdc9d9-ddb5-4fa4-a97d-d965ccfc6d4b" outcome="Passed" testListId="8c84fa94-04c1-424b-9868-57a2d4851a1d" relativeResultsDirectory="1134ae92-8165-4caf-8015-f10f127702c2" />
    <UnitTestResult executionId="d33b2b7a-aa88-4871-8f53-7fd6634c83de" testId="eedddcd2-f3ca-756b-10f0-fbdb80488f5d" testName="Server.Tests.Network.AccountPacketTests.TestCharacterList70130" computerName="Z590P" duration="00:00:00.0005145" startTime="2025-11-13T19:21:10.0134786-05:00" endTime="2025-11-13T19:21:10.0135190-05:00" testType="13cdc9d9-ddb5-4fa4-a97d-d965ccfc6d4b" outcome="Passed" testListId="8c84fa94-04c1-424b-9868-57a2d4851a1d" relativeResultsDirectory="d33b2b7a-aa88-4871-8f53-7fd6634c83de" />
    <UnitTestResult executionId="0755c64b-8d2e-4e0a-9d09-2e320e6fcb25" testId="aebb053a-449b-35de-61d5-582229c5c600" testName="Server.Tests.IPAddressTests.TestIPvCIDR(cidr: &quot;::ffff:192.168.100.254&quot;, addr: &quot;192.168.50.1&quot;, cidrLength: 104, shouldMatch: True)" computerName="Z590P" duration="00:00:00.0000655" startTime="2025-11-13T19:21:08.6892601-05:00" endTime="2025-11-13T19:21:08.6899090-05:00" testType="13cdc9d9-ddb5-4fa4-a97d-d965ccfc6d4b" outcome="Passed" testListId="8c84fa94-04c1-424b-9868-57a2d4851a1d" relativeResultsDirectory="0755c64b-8d2e-4e0a-9d09-2e320e6fcb25" />
    <UnitTestResult executionId="66f0cbc0-a6f4-4efb-a30c-12727b8defec" testId="75773540-d51c-3db5-0110-6f38b1dc4c81" testName="Server.Tests.TestStringHelpers.TestCapitalize(original: &quot;harry the fireman&quot;, capitalized: &quot;Harry the Fireman&quot;)" computerName="Z590P" duration="00:00:00.0002479" startTime="2025-11-13T19:21:11.3982805-05:00" endTime="2025-11-13T19:21:11.3983196-05:00" testType="13cdc9d9-ddb5-4fa4-a97d-d965ccfc6d4b" outcome="Passed" testListId="8c84fa94-04c1-424b-9868-57a2d4851a1d" relativeResultsDirectory="66f0cbc0-a6f4-4efb-a30c-12727b8defec" />
    <UnitTestResult executionId="e58a8d15-53f2-4003-96ce-5dd64176f977" testId="4b832b7b-9fbb-9aa6-f232-cf4bb3d4f93f" testName="Server.Tests.Network.PlayerPacketTests.TestDragEffect(srcSerial: 4096, srcX: 1000, srcY: 100, srcZ: 10, trgSerial: 8192, trgX: 1125, trgY: 125, trgZ: 5, itemId: 900, hue: 1024, amount: 25)" computerName="Z590P" duration="00:00:00.0004775" startTime="2025-11-13T19:21:09.8904619-05:00" endTime="2025-11-13T19:21:09.8908490-05:00" testType="13cdc9d9-ddb5-4fa4-a97d-d965ccfc6d4b" outcome="Passed" testListId="8c84fa94-04c1-424b-9868-57a2d4851a1d" relativeResultsDirectory="e58a8d15-53f2-4003-96ce-5dd64176f977" />
    <UnitTestResult executionId="8926fcb6-073f-4e61-842b-fb7f9135f10d" testId="e522a69b-58d5-08c4-1931-f65040800824" testName="Server.Tests.Network.ContainerPacketTests.TestDisplaySpellbook" computerName="Z590P" duration="00:00:00.0002394" startTime="2025-11-13T19:21:10.0098230-05:00" endTime="2025-11-13T19:21:10.0098578-05:00" testType="13cdc9d9-ddb5-4fa4-a97d-d965ccfc6d4b" outcome="Passed" testListId="8c84fa94-04c1-424b-9868-57a2d4851a1d" relativeResultsDirectory="8926fcb6-073f-4e61-842b-fb7f9135f10d" />
    <UnitTestResult executionId="f6522d28-4f96-4576-a876-cb6d57903ea4" testId="8b3e4236-9c6d-caa4-5f36-e7a0bbbb2d4b" testName="Server.Tests.Network.MobilePacketTests.TestMobileStamN" computerName="Z590P" duration="00:00:00.0003927" startTime="2025-11-13T19:21:09.9391292-05:00" endTime="2025-11-13T19:21:09.9393207-05:00" testType="13cdc9d9-ddb5-4fa4-a97d-d965ccfc6d4b" outcome="Passed" testListId="8c84fa94-04c1-424b-9868-57a2d4851a1d" relativeResultsDirectory="f6522d28-4f96-4576-a876-cb6d57903ea4" />
    <UnitTestResult executionId="0869116a-21a8-406b-9b3f-3e509dc0dc8b" testId="98e6aff2-6c35-9736-612a-841f88f0405d" testName="Server.Tests.Network.MobilePacketTests.TestMobileIncoming(changes: Version70331, hairItemId: 10, hairHue: 1024, facialHairItemId: 0, facialHairHue: 0)" computerName="Z590P" duration="00:00:00.0000688" startTime="2025-11-13T19:21:09.9028962-05:00" endTime="2025-11-13T19:21:09.9029492-05:00" testType="13cdc9d9-ddb5-4fa4-a97d-d965ccfc6d4b" outcome="Passed" testListId="8c84fa94-04c1-424b-9868-57a2d4851a1d" relativeResultsDirectory="0869116a-21a8-406b-9b3f-3e509dc0dc8b" />
    <UnitTestResult executionId="31b5f425-1bf8-4cb4-a4fb-f5228a37de72" testId="b8fcc5b1-5deb-09ac-85b7-8554e177c8b9" testName="Server.Tests.Network.MapPatchesTests.TestMapPatches" computerName="Z590P" duration="00:00:00.0021128" startTime="2025-11-13T19:21:09.9541438-05:00" endTime="2025-11-13T19:21:09.9561958-05:00" testType="13cdc9d9-ddb5-4fa4-a97d-d965ccfc6d4b" outcome="Passed" testListId="8c84fa94-04c1-424b-9868-57a2d4851a1d" relativeResultsDirectory="31b5f425-1bf8-4cb4-a4fb-f5228a37de72" />
    <UnitTestResult executionId="a5a78000-0329-4482-856c-11e5ea76530d" testId="b98ca862-86c6-b759-c791-21b8ad99fa30" testName="Server.Tests.Network.EffectPackets.TestBoltEffect" computerName="Z590P" duration="00:00:00.0007694" startTime="2025-11-13T19:21:08.7569604-05:00" endTime="2025-11-13T19:21:08.7588348-05:00" testType="13cdc9d9-ddb5-4fa4-a97d-d965ccfc6d4b" outcome="Passed" testListId="8c84fa94-04c1-424b-9868-57a2d4851a1d" relativeResultsDirectory="a5a78000-0329-4482-856c-11e5ea76530d" />
    <UnitTestResult executionId="75a87e68-2de7-45d6-a9f7-3399e19bbceb" testId="910677c9-7be8-f7c5-aab0-7af6e4109c33" testName="Server.Tests.Network.EquipmentPacketTests.TestDisplayEquipmentInfo(name: &quot;&quot;, unidentified: True)" computerName="Z590P" duration="00:00:00.0000643" startTime="2025-11-13T19:21:10.0026577-05:00" endTime="2025-11-13T19:21:10.0026938-05:00" testType="13cdc9d9-ddb5-4fa4-a97d-d965ccfc6d4b" outcome="Passed" testListId="8c84fa94-04c1-424b-9868-57a2d4851a1d" relativeResultsDirectory="75a87e68-2de7-45d6-a9f7-3399e19bbceb" />
    <UnitTestResult executionId="9880c658-66aa-4437-a326-5d4903b11431" testId="adee80b4-4759-62a5-2d3e-92736767e47f" testName="Server.Tests.ContainerTests.TestEnumerateItemsByTypeWhenModified(itemType: typeof(Server.Items.Container))" computerName="Z590P" duration="00:00:00.0008770" startTime="2025-11-13T19:21:11.7616131-05:00" endTime="2025-11-13T19:21:11.7624992-05:00" testType="13cdc9d9-ddb5-4fa4-a97d-d965ccfc6d4b" outcome="Passed" testListId="8c84fa94-04c1-424b-9868-57a2d4851a1d" relativeResultsDirectory="9880c658-66aa-4437-a326-5d4903b11431" />
    <UnitTestResult executionId="a3b54ba4-cde8-4060-bb2e-082d7e9e3f0a" testId="46a36226-86bf-d468-3fce-2eac13c144da" testName="Server.Tests.Network.PipeTests.TestWriteReadsWrap" computerName="Z590P" duration="00:00:00.0790335" startTime="2025-11-13T19:21:08.6722913-05:00" endTime="2025-11-13T19:21:08.7392159-05:00" testType="13cdc9d9-ddb5-4fa4-a97d-d965ccfc6d4b" outcome="Passed" testListId="8c84fa94-04c1-424b-9868-57a2d4851a1d" relativeResultsDirectory="a3b54ba4-cde8-4060-bb2e-082d7e9e3f0a" />
    <UnitTestResult executionId="05477f92-f895-47e2-b950-91dffc34300e" testId="4273a8c3-5c46-75fc-775c-5b7038379640" testName="Server.Tests.Network.DamagePacketTests.TestDamagePacketOld(inputAmount: -5)" computerName="Z590P" duration="00:00:00.0003588" startTime="2025-11-13T19:21:10.0032326-05:00" endTime="2025-11-13T19:21:10.0035446-05:00" testType="13cdc9d9-ddb5-4fa4-a97d-d965ccfc6d4b" outcome="Passed" testListId="8c84fa94-04c1-424b-9868-57a2d4851a1d" relativeResultsDirectory="05477f92-f895-47e2-b950-91dffc34300e" />
    <UnitTestResult executionId="e2da748b-f2bc-4591-a163-2a0f0a559589" testId="923edc56-3078-10f9-766c-dd3967feb5e9" testName="Server.Tests.Tests.Buffers.STArrayPoolTests.CachesOnlyUpToCPUCountPerBucket" computerName="Z590P" duration="00:00:00.0065864" startTime="2025-11-13T19:21:10.0284159-05:00" endTime="2025-11-13T19:21:10.0284496-05:00" testType="13cdc9d9-ddb5-4fa4-a97d-d965ccfc6d4b" outcome="Passed" testListId="8c84fa94-04c1-424b-9868-57a2d4851a1d" relativeResultsDirectory="e2da748b-f2bc-4591-a163-2a0f0a559589" />
    <UnitTestResult executionId="41321c58-a2d9-4d41-9333-1b0325a9795f" testId="58789978-f880-4162-1117-60dddf7d4c05" testName="Server.Tests.IPAddressTests.TestIPAddressToUInt128(ipString: &quot;192.168.1.1&quot;, upper: 0, lower: 281473913979137)" computerName="Z590P" duration="00:00:00.0001459" startTime="2025-11-13T19:21:08.6983650-05:00" endTime="2025-11-13T19:21:08.6985414-05:00" testType="13cdc9d9-ddb5-4fa4-a97d-d965ccfc6d4b" outcome="Passed" testListId="8c84fa94-04c1-424b-9868-57a2d4851a1d" relativeResultsDirectory="41321c58-a2d9-4d41-9333-1b0325a9795f" />
    <UnitTestResult executionId="9ecc9ddd-5c5d-4910-a5a1-5bac35d3091b" testId="5a5751e2-1040-f9f7-eaeb-5e581c45b95f" testName="Server.Tests.Network.PlayerPacketTests.TestPlayMusic(music: ValoriaShips)" computerName="Z590P" duration="00:00:00.0000552" startTime="2025-11-13T19:21:09.8879767-05:00" endTime="2025-11-13T19:21:09.8880110-05:00" testType="13cdc9d9-ddb5-4fa4-a97d-d965ccfc6d4b" outcome="Passed" testListId="8c84fa94-04c1-424b-9868-57a2d4851a1d" relativeResultsDirectory="9ecc9ddd-5c5d-4910-a5a1-5bac35d3091b" />
    <UnitTestResult executionId="89c39b56-a6b4-4690-b99a-562f4df3abc1" testId="ced3fea2-7c55-6ad4-85f1-ee56ebc96851" testName="Server.Tests.Network.MessageTests.TestUnicodeMessage" computerName="Z590P" duration="00:00:00.0002576" startTime="2025-11-13T19:21:08.7576173-05:00" endTime="2025-11-13T19:21:08.7578284-05:00" testType="13cdc9d9-ddb5-4fa4-a97d-d965ccfc6d4b" outcome="Passed" testListId="8c84fa94-04c1-424b-9868-57a2d4851a1d" relativeResultsDirectory="89c39b56-a6b4-4690-b99a-562f4df3abc1" />
    <UnitTestResult executionId="e55e9f11-8025-4752-8d20-eb282029c15d" testId="67b2f21c-7bea-b665-3a83-3aebcf5fb507" testName="Server.Tests.Network.MobilePacketTests.TestMobileStatusExtendedSelf(changes: Version502b, version: &quot;5.0.2b&quot;, clientFlags: Malas, expansion: ML, mobileStatusVersion: 5)" computerName="Z590P" duration="00:00:00.0004408" startTime="2025-11-13T19:21:09.9363739-05:00" endTime="2025-11-13T19:21:09.9367479-05:00" testType="13cdc9d9-ddb5-4fa4-a97d-d965ccfc6d4b" outcome="Passed" testListId="8c84fa94-04c1-424b-9868-57a2d4851a1d" relativeResultsDirectory="e55e9f11-8025-4752-8d20-eb282029c15d" />
    <UnitTestResult executionId="eb05f5b4-6385-4b86-98d6-df5aca251602" testId="e4bb5984-a658-7348-6c3e-78c7f7a8ab98" testName="Server.Tests.Network.PlayerPacketTests.TestSequence(num: 10)" computerName="Z590P" duration="00:00:00.0000515" startTime="2025-11-13T19:21:09.8893365-05:00" endTime="2025-11-13T19:21:09.8893746-05:00" testType="13cdc9d9-ddb5-4fa4-a97d-d965ccfc6d4b" outcome="Passed" testListId="8c84fa94-04c1-424b-9868-57a2d4851a1d" relativeResultsDirectory="eb05f5b4-6385-4b86-98d6-df5aca251602" />
    <UnitTestResult executionId="2aa640b2-3b38-49ee-9f47-f774b7e14a8d" testId="1c9d8689-6e2d-a888-aa1b-f02ca605c4f2" testName="Server.Tests.WorldLocationTests.TestWorldLocationTryFormatSucceeds(mapName: &quot;Some super long map name that nobody should be usi&quot;···)" computerName="Z590P" duration="00:00:00.0002524" startTime="2025-11-13T19:21:11.7665256-05:00" endTime="2025-11-13T19:21:11.7668473-05:00" testType="13cdc9d9-ddb5-4fa4-a97d-d965ccfc6d4b" outcome="Passed" testListId="8c84fa94-04c1-424b-9868-57a2d4851a1d" relativeResultsDirectory="2aa640b2-3b38-49ee-9f47-f774b7e14a8d" />
    <UnitTestResult executionId="28f4817b-c467-4efd-9e76-b617050d1004" testId="d54e8ef1-6c16-77de-24fa-1557fb3230a3" testName="Server.Tests.ValueLinkListTests.TestRemoveAllBefore" computerName="Z590P" duration="00:00:00.0002290" startTime="2025-11-13T19:21:08.7011015-05:00" endTime="2025-11-13T19:21:08.7011611-05:00" testType="13cdc9d9-ddb5-4fa4-a97d-d965ccfc6d4b" outcome="Passed" testListId="8c84fa94-04c1-424b-9868-57a2d4851a1d" relativeResultsDirectory="28f4817b-c467-4efd-9e76-b617050d1004" />
    <UnitTestResult executionId="d4680538-095e-4c1d-beff-a64443703143" testId="11b620bd-3ca4-0234-7bc0-1bb2d651e84b" testName="Server.Tests.Buffers.ValueStringBuilderTests.TestRemove(original: &quot;Admin Kamron&quot;, removed: &quot;Admin ron&quot;, startIndex: 6, length: 3)" computerName="Z590P" duration="00:00:00.0000064" startTime="2025-11-13T19:21:10.0301150-05:00" endTime="2025-11-13T19:21:10.0301915-05:00" testType="13cdc9d9-ddb5-4fa4-a97d-d965ccfc6d4b" outcome="Passed" testListId="8c84fa94-04c1-424b-9868-57a2d4851a1d" relativeResultsDirectory="d4680538-095e-4c1d-beff-a64443703143" />
    <UnitTestResult executionId="9281633d-cb22-4afb-b4ae-775ed31445b0" testId="1fd2ebb5-44d0-2a9b-bb88-814941e037c7" testName="Server.Tests.Network.PlayerPacketTests.TestDisplayPaperdoll(m: 4132, title: &quot;Test Title&quot;, warmode: True, canLift: True)" computerName="Z590P" duration="00:00:00.0000562" startTime="2025-11-13T19:21:09.8876429-05:00" endTime="2025-11-13T19:21:09.8876789-05:00" testType="13cdc9d9-ddb5-4fa4-a97d-d965ccfc6d4b" outcome="Passed" testListId="8c84fa94-04c1-424b-9868-57a2d4851a1d" relativeResultsDirectory="9281633d-cb22-4afb-b4ae-775ed31445b0" />
    <UnitTestResult executionId="a4ce3c75-3c8b-4006-b97f-fc5b7b7b1a99" testId="b06867a1-7b47-24da-5153-83c7b5f13448" testName="Server.Tests.Point2DTests.TestPoint2DTryParse" computerName="Z590P" duration="00:00:00.0027849" startTime="2025-11-13T19:21:08.7069236-05:00" endTime="2025-11-13T19:21:08.7133330-05:00" testType="13cdc9d9-ddb5-4fa4-a97d-d965ccfc6d4b" outcome="Passed" testListId="8c84fa94-04c1-424b-9868-57a2d4851a1d" relativeResultsDirectory="a4ce3c75-3c8b-4006-b97f-fc5b7b7b1a99" />
    <UnitTestResult executionId="1d2f808e-c6dc-4bbb-9f6c-0c41c83a0e0a" testId="e44ae791-00e5-e0d5-dee2-77874e528fa8" testName="Server.Tests.TimerTests.TestVariousTimes(ticks: 134217729, expectedTicks: 134217736)" computerName="Z590P" duration="00:00:00.3325956" startTime="2025-11-13T19:21:11.4001966-05:00" endTime="2025-11-13T19:21:11.7313161-05:00" testType="13cdc9d9-ddb5-4fa4-a97d-d965ccfc6d4b" outcome="Passed" testListId="8c84fa94-04c1-424b-9868-57a2d4851a1d" relativeResultsDirectory="1d2f808e-c6dc-4bbb-9f6c-0c41c83a0e0a" />
    <UnitTestResult executionId="07aeae4f-cf28-42d0-988b-8a472f3f6327" testId="80755f90-0f55-572b-6d84-533104514828" testName="Server.Tests.Network.ContainerPacketTests.TestContainerDisplayHS" computerName="Z590P" duration="00:00:00.0003214" startTime="2025-11-13T19:21:10.0094684-05:00" endTime="2025-11-13T19:21:10.0095152-05:00" testType="13cdc9d9-ddb5-4fa4-a97d-d965ccfc6d4b" outcome="Passed" testListId="8c84fa94-04c1-424b-9868-57a2d4851a1d" relativeResultsDirectory="07aeae4f-cf28-42d0-988b-8a472f3f6327" />
    <UnitTestResult executionId="9daef3f1-3aad-4941-958c-971e66523f6d" testId="cee3422a-15fa-f3a6-a36e-2c98607965b4" testName="Server.Tests.Network.AccountPacketTests.TestPlayServerAck" computerName="Z590P" duration="00:00:00.0008766" startTime="2025-11-13T19:21:10.0185340-05:00" endTime="2025-11-13T19:21:10.0185861-05:00" testType="13cdc9d9-ddb5-4fa4-a97d-d965ccfc6d4b" outcome="Passed" testListId="8c84fa94-04c1-424b-9868-57a2d4851a1d" relativeResultsDirectory="9daef3f1-3aad-4941-958c-971e66523f6d" />
    <UnitTestResult executionId="d7a833e0-6dff-4293-8ea7-aa6889bc6ae8" testId="ae03ba1f-c9d2-e047-6b04-ee6a6da713e8" testName="Server.Tests.Point2DTests.TestPoint2DToString" computerName="Z590P" duration="00:00:00.0003238" startTime="2025-11-13T19:21:08.7138895-05:00" endTime="2025-11-13T19:21:08.7139307-05:00" testType="13cdc9d9-ddb5-4fa4-a97d-d965ccfc6d4b" outcome="Passed" testListId="8c84fa94-04c1-424b-9868-57a2d4851a1d" relativeResultsDirectory="d7a833e0-6dff-4293-8ea7-aa6889bc6ae8" />
    <UnitTestResult executionId="8a4cf40f-63aa-461b-9351-3f41a842a71e" testId="f8e3de60-e416-de8c-8c63-0854f240b2f6" testName="Server.Tests.Network.MobilePacketTests.TestMobileAnimation(action: 10, frameCount: 100, repeatCount: 25, reverse: True, repeat: False, delay: 0)" computerName="Z590P" duration="00:00:00.0002655" startTime="2025-11-13T19:21:09.9468923-05:00" endTime="2025-11-13T19:21:09.9470983-05:00" testType="13cdc9d9-ddb5-4fa4-a97d-d965ccfc6d4b" outcome="Passed" testListId="8c84fa94-04c1-424b-9868-57a2d4851a1d" relativeResultsDirectory="8a4cf40f-63aa-461b-9351-3f41a842a71e" />
    <UnitTestResult executionId="a6389a29-0352-40ab-aeff-8a8283d73856" testId="9cb306f1-c3a2-7661-5331-b37d39f37c28" testName="Server.Tests.ValueLinkListTests.TestVersionIncrements" computerName="Z590P" duration="00:00:00.0006493" startTime="2025-11-13T19:21:08.6975531-05:00" endTime="2025-11-13T19:21:08.6989589-05:00" testType="13cdc9d9-ddb5-4fa4-a97d-d965ccfc6d4b" outcome="Passed" testListId="8c84fa94-04c1-424b-9868-57a2d4851a1d" relativeResultsDirectory="a6389a29-0352-40ab-aeff-8a8283d73856" />
    <UnitTestResult executionId="1e5c81f6-d659-4920-8519-bb34dfc8aa2f" testId="3449aa82-3f1e-4294-5e46-bfc81ca9f329" testName="Server.Tests.Network.PlayerPacketTests.TestWeather(type: 4, density: 5, temp: 6)" computerName="Z590P" duration="00:00:00.0000604" startTime="2025-11-13T19:21:09.8867113-05:00" endTime="2025-11-13T19:21:09.8867485-05:00" testType="13cdc9d9-ddb5-4fa4-a97d-d965ccfc6d4b" outcome="Passed" testListId="8c84fa94-04c1-424b-9868-57a2d4851a1d" relativeResultsDirectory="1e5c81f6-d659-4920-8519-bb34dfc8aa2f" />
    <UnitTestResult executionId="60b2006a-8274-4ea3-a2bc-89160510a01e" testId="f429d75e-7816-5a63-9d5b-8f4c73d7a74e" testName="Server.Tests.Network.ClientVersionTests.TestCCAndECStringCtor(ccVersion: &quot;7.0.45.65&quot;, ecVersion: &quot;67.0.33&quot;, equal: False, comparison: 1)" computerName="Z590P" duration="00:00:00.0000066" startTime="2025-11-13T19:21:10.0196903-05:00" endTime="2025-11-13T19:21:10.0197235-05:00" testType="13cdc9d9-ddb5-4fa4-a97d-d965ccfc6d4b" outcome="Passed" testListId="8c84fa94-04c1-424b-9868-57a2d4851a1d" relativeResultsDirectory="60b2006a-8274-4ea3-a2bc-89160510a01e" />
    <UnitTestResult executionId="1fea89de-cd13-4cb3-bc1d-d6b5d79c07bd" testId="889da6a6-6136-9388-988d-b147840a45bd" testName="Server.Tests.Network.VendorBuyPacketTests.TestVendorBuyList" computerName="Z590P" duration="00:00:00.0006777" startTime="2025-11-13T19:21:09.8807186-05:00" endTime="2025-11-13T19:21:09.8813213-05:00" testType="13cdc9d9-ddb5-4fa4-a97d-d965ccfc6d4b" outcome="Passed" testListId="8c84fa94-04c1-424b-9868-57a2d4851a1d" relativeResultsDirectory="1fea89de-cd13-4cb3-bc1d-d6b5d79c07bd" />
    <UnitTestResult executionId="20327eb4-5427-4c49-8515-0cb598c115d3" testId="533d2bb6-5732-99d5-a6fe-d14307a2217c" testName="Server.Tests.Network.ClientVersionTests.TestCCAndECStringCtor(ccVersion: &quot;6.0.0.0&quot;, ecVersion: &quot;67.0.33&quot;, equal: False, comparison: -1)" computerName="Z590P" duration="00:00:00.0002159" startTime="2025-11-13T19:21:10.0192782-05:00" endTime="2025-11-13T19:21:10.0194396-05:00" testType="13cdc9d9-ddb5-4fa4-a97d-d965ccfc6d4b" outcome="Passed" testListId="8c84fa94-04c1-424b-9868-57a2d4851a1d" relativeResultsDirectory="20327eb4-5427-4c49-8515-0cb598c115d3" />
    <UnitTestResult executionId="e1bf58c6-c84e-4b76-92c4-053d4584d738" testId="ad1d7575-fdce-d1c2-fe5b-5d8f43a48224" testName="Server.Tests.Network.ItemPacketTests.TestWorldItemHSPacket" computerName="Z590P" duration="00:00:00.0003879" startTime="2025-11-13T19:21:09.9597264-05:00" endTime="2025-11-13T19:21:09.9600317-05:00" testType="13cdc9d9-ddb5-4fa4-a97d-d965ccfc6d4b" outcome="Passed" testListId="8c84fa94-04c1-424b-9868-57a2d4851a1d" relativeResultsDirectory="e1bf58c6-c84e-4b76-92c4-053d4584d738" />
    <UnitTestResult executionId="01b97798-ec05-42fd-a485-a516fd6fefd2" testId="f36a39b1-a951-eda6-dce7-99a41dcabe0f" testName="Server.Tests.Tests.Maps.MapSelectionTests.TestCommaSeparatedList(flags: Felucca | Trammel, expected: &quot;Felucca, Trammel&quot;)" computerName="Z590P" duration="00:00:00.0030245" startTime="2025-11-13T19:21:08.7064428-05:00" endTime="2025-11-13T19:21:08.7135121-05:00" testType="13cdc9d9-ddb5-4fa4-a97d-d965ccfc6d4b" outcome="Passed" testListId="8c84fa94-04c1-424b-9868-57a2d4851a1d" relativeResultsDirectory="01b97798-ec05-42fd-a485-a516fd6fefd2" />
    <UnitTestResult executionId="38cbdaab-e2fb-4921-b5c3-f39a259a7b13" testId="34df37bc-11a0-3943-50ba-798f5d94a86b" testName="Server.Tests.Point3DTests.TestPoint3DRegressions(text: &quot;(709, 2236, -2)&quot;, x: 709, y: 2236, z: -2)" computerName="Z590P" duration="00:00:00.0001265" startTime="2025-11-13T19:21:08.6956456-05:00" endTime="2025-11-13T19:21:08.6956927-05:00" testType="13cdc9d9-ddb5-4fa4-a97d-d965ccfc6d4b" outcome="Passed" testListId="8c84fa94-04c1-424b-9868-57a2d4851a1d" relativeResultsDirectory="38cbdaab-e2fb-4921-b5c3-f39a259a7b13" />
    <UnitTestResult executionId="eef961e6-841f-45dc-b2d9-26f692b9228a" testId="282984fb-7c92-cb2b-f1de-655389bfc667" testName="Server.Tests.Network.PlayerPacketTests.TestLogoutAck" computerName="Z590P" duration="00:00:00.0002400" startTime="2025-11-13T19:21:09.8909664-05:00" endTime="2025-11-13T19:21:09.8911488-05:00" testType="13cdc9d9-ddb5-4fa4-a97d-d965ccfc6d4b" outcome="Passed" testListId="8c84fa94-04c1-424b-9868-57a2d4851a1d" relativeResultsDirectory="eef961e6-841f-45dc-b2d9-26f692b9228a" />
    <UnitTestResult executionId="bfe40b85-4fc4-4302-9cb9-799c6be0efed" testId="fc01f37c-cfb8-6deb-eedd-7dafbba23322" testName="Server.Tests.Network.MobilePacketTests.TestYellowBar(isBlessed: False, isYellowHealth: False)" computerName="Z590P" duration="00:00:00.0000753" startTime="2025-11-13T19:21:09.9461131-05:00" endTime="2025-11-13T19:21:09.9461545-05:00" testType="13cdc9d9-ddb5-4fa4-a97d-d965ccfc6d4b" outcome="Passed" testListId="8c84fa94-04c1-424b-9868-57a2d4851a1d" relativeResultsDirectory="bfe40b85-4fc4-4302-9cb9-799c6be0efed" />
    <UnitTestResult executionId="3e742899-c809-4332-82e2-41df19e28283" testId="b2e5fed2-cfe3-bd23-6efe-f9a718b65835" testName="Server.Tests.Network.GumpPacketTests.TestDisplaySignGump" computerName="Z590P" duration="00:00:00.0004630" startTime="2025-11-13T19:21:10.0005154-05:00" endTime="2025-11-13T19:21:10.0008615-05:00" testType="13cdc9d9-ddb5-4fa4-a97d-d965ccfc6d4b" outcome="Passed" testListId="8c84fa94-04c1-424b-9868-57a2d4851a1d" relativeResultsDirectory="3e742899-c809-4332-82e2-41df19e28283" />
    <UnitTestResult executionId="b1e4fd85-d7de-4035-8597-aff9c5d3e8cf" testId="9148008f-63b3-228d-f734-c955298590d0" testName="Server.Tests.FirewallEntryTests.TestSingleIpFirewallEntry(ip: &quot;::ffff:192.168.1.1&quot;, startAndEndIp: &quot;192.168.1.1&quot;)" computerName="Z590P" duration="00:00:00.0000104" startTime="2025-11-13T19:21:08.6986025-05:00" endTime="2025-11-13T19:21:08.6986679-05:00" testType="13cdc9d9-ddb5-4fa4-a97d-d965ccfc6d4b" outcome="Passed" testListId="8c84fa94-04c1-424b-9868-57a2d4851a1d" relativeResultsDirectory="b1e4fd85-d7de-4035-8597-aff9c5d3e8cf" />
    <UnitTestResult executionId="b82ae6c6-89c5-491a-8ec7-db149de13f2c" testId="732c14b6-e4df-83dc-b3ba-e138a258bc1b" testName="Server.Tests.Tests.Buffers.STArrayPoolTests.ValidMinimumLengths(requestedLength: 0, expectedLength: 0)" computerName="Z590P" duration="00:00:00.0000041" startTime="2025-11-13T19:21:10.0280028-05:00" endTime="2025-11-13T19:21:10.0280375-05:00" testType="13cdc9d9-ddb5-4fa4-a97d-d965ccfc6d4b" outcome="Passed" testListId="8c84fa94-04c1-424b-9868-57a2d4851a1d" relativeResultsDirectory="b82ae6c6-89c5-491a-8ec7-db149de13f2c" />
    <UnitTestResult executionId="525802f3-45b3-41d5-90ae-be0236925ef4" testId="959070ac-5870-c129-d94d-c3bd608690d5" testName="Server.Tests.Network.ItemPacketTests.TestWorldItemSAPacket" computerName="Z590P" duration="00:00:00.0006724" startTime="2025-11-13T19:21:09.9590117-05:00" endTime="2025-11-13T19:21:09.9596026-05:00" testType="13cdc9d9-ddb5-4fa4-a97d-d965ccfc6d4b" outcome="Passed" testListId="8c84fa94-04c1-424b-9868-57a2d4851a1d" relativeResultsDirectory="525802f3-45b3-41d5-90ae-be0236925ef4" />
    <UnitTestResult executionId="b69f4be9-59a5-42d0-a297-10df2a6df7ea" testId="f486e568-09fc-108a-67f5-61ca590778f7" testName="Server.Tests.Network.ClientVersionTests.TestCCAndECCtor(ccMaj: 7, ccMin: 0, ccRev: 45, ccPatch: 65, ecMaj: 67, ecMin: 0, ecRev: 33, ecPatch: 0, equal: False, comparison: 1)" computerName="Z590P" duration="00:00:00.0006713" startTime="2025-11-13T19:21:10.0198108-05:00" endTime="2025-11-13T19:21:10.0203543-05:00" testType="13cdc9d9-ddb5-4fa4-a97d-d965ccfc6d4b" outcome="Passed" testListId="8c84fa94-04c1-424b-9868-57a2d4851a1d" relativeResultsDirectory="b69f4be9-59a5-42d0-a297-10df2a6df7ea" />
    <UnitTestResult executionId="bb0fde1f-d4b9-4a6d-a39c-cde7944ac598" testId="b368b7fc-cedc-9561-9503-8041521d7ea5" testName="Server.Tests.Network.PlayerPacketTests.TestDisplayPaperdoll(m: 4132, title: &quot;Test Title&quot;, warmode: False, canLift: True)" computerName="Z590P" duration="00:00:00.0001876" startTime="2025-11-13T19:21:09.8875402-05:00" endTime="2025-11-13T19:21:09.8875756-05:00" testType="13cdc9d9-ddb5-4fa4-a97d-d965ccfc6d4b" outcome="Passed" testListId="8c84fa94-04c1-424b-9868-57a2d4851a1d" relativeResultsDirectory="bb0fde1f-d4b9-4a6d-a39c-cde7944ac598" />
    <UnitTestResult executionId="aaae6115-3fd1-467d-93c6-9fb64b1070e6" testId="06d5136c-e860-8e69-953b-8b956e895b16" testName="Server.Tests.SerialTests.TestSerialTryFormatDefault" computerName="Z590P" duration="00:00:00.0189445" startTime="2025-11-13T19:21:08.6731797-05:00" endTime="2025-11-13T19:21:08.7057510-05:00" testType="13cdc9d9-ddb5-4fa4-a97d-d965ccfc6d4b" outcome="Passed" testListId="8c84fa94-04c1-424b-9868-57a2d4851a1d" relativeResultsDirectory="aaae6115-3fd1-467d-93c6-9fb64b1070e6" />
    <UnitTestResult executionId="af4149c2-2677-44c4-811e-41f40f6187f8" testId="5b0e5d50-7433-bc88-da58-2b1b4a00e7e4" testName="Server.Tests.Network.MobilePacketTests.TestYellowBar(isBlessed: False, isYellowHealth: True)" computerName="Z590P" duration="00:00:00.0003652" startTime="2025-11-13T19:21:09.9457315-05:00" endTime="2025-11-13T19:21:09.9457705-05:00" testType="13cdc9d9-ddb5-4fa4-a97d-d965ccfc6d4b" outcome="Passed" testListId="8c84fa94-04c1-424b-9868-57a2d4851a1d" relativeResultsDirectory="af4149c2-2677-44c4-811e-41f40f6187f8" />
    <UnitTestResult executionId="c88e27f6-fcce-4b55-b2e4-fdafda9f9d0a" testId="8e73e2ea-7b0f-0e74-7b39-bd9d70ddac7b" testName="Server.Tests.TestStringHelpers.TestCapitalize(original: &quot;this is not capitalized&quot;, capitalized: &quot;This Is Not Capitalized&quot;)" computerName="Z590P" duration="00:00:00.0000857" startTime="2025-11-13T19:21:11.3984095-05:00" endTime="2025-11-13T19:21:11.3984551-05:00" testType="13cdc9d9-ddb5-4fa4-a97d-d965ccfc6d4b" outcome="Passed" testListId="8c84fa94-04c1-424b-9868-57a2d4851a1d" relativeResultsDirectory="c88e27f6-fcce-4b55-b2e4-fdafda9f9d0a" />
    <UnitTestResult executionId="f2b5a468-9b68-4716-92a3-e1b934894ff9" testId="a8959f63-7a2d-3a7e-cd64-f7a024a4a42c" testName="Server.Tests.IPAddressTests.TestIPvCIDR(cidr: &quot;192.168.50.1&quot;, addr: &quot;192.168.50.1&quot;, cidrLength: 32, shouldMatch: True)" computerName="Z590P" duration="00:00:00.0000077" startTime="2025-11-13T19:21:08.6928271-05:00" endTime="2025-11-13T19:21:08.6929855-05:00" testType="13cdc9d9-ddb5-4fa4-a97d-d965ccfc6d4b" outcome="Passed" testListId="8c84fa94-04c1-424b-9868-57a2d4851a1d" relativeResultsDirectory="f2b5a468-9b68-4716-92a3-e1b934894ff9" />
    <UnitTestResult executionId="156b70d8-395c-442d-b1b9-22b2c9c02d5e" testId="1736b9e0-e283-0290-41cb-15a97f67c6c6" testName="Server.Tests.WorldLocationTests.TestWorldLocationTryFormatSucceeds(mapName: &quot;Internal Map&quot;)" computerName="Z590P" duration="00:00:00.0000945" startTime="2025-11-13T19:21:11.7677461-05:00" endTime="2025-11-13T19:21:11.7677652-05:00" testType="13cdc9d9-ddb5-4fa4-a97d-d965ccfc6d4b" outcome="Passed" testListId="8c84fa94-04c1-424b-9868-57a2d4851a1d" relativeResultsDirectory="156b70d8-395c-442d-b1b9-22b2c9c02d5e" />
    <UnitTestResult executionId="0cf9450d-d4ad-4a9d-998d-1f39c3c20062" testId="db16c782-72d5-1915-5d37-c13998565644" testName="Server.Tests.Network.ContainerPacketTests.TestSpellbookContent" computerName="Z590P" duration="00:00:00.0006847" startTime="2025-11-13T19:21:10.0055744-05:00" endTime="2025-11-13T19:21:10.0056081-05:00" testType="13cdc9d9-ddb5-4fa4-a97d-d965ccfc6d4b" outcome="Passed" testListId="8c84fa94-04c1-424b-9868-57a2d4851a1d" relativeResultsDirectory="0cf9450d-d4ad-4a9d-998d-1f39c3c20062" />
    <UnitTestResult executionId="a50447fb-0eca-4e58-a244-cf29e2a72c4a" testId="277c6147-a911-f534-0dfe-4583dd48ec29" testName="Server.Tests.Network.PlayerPacketTests.TestLaunchBrowser(uri: &quot;This is a URL, I promise&quot;)" computerName="Z590P" duration="00:00:00.0001325" startTime="2025-11-13T19:21:09.8849349-05:00" endTime="2025-11-13T19:21:09.8849779-05:00" testType="13cdc9d9-ddb5-4fa4-a97d-d965ccfc6d4b" outcome="Passed" testListId="8c84fa94-04c1-424b-9868-57a2d4851a1d" relativeResultsDirectory="a50447fb-0eca-4e58-a244-cf29e2a72c4a" />
    <UnitTestResult executionId="1d46f0d8-a13d-4629-a414-36f0db281d0b" testId="d9cdf707-d205-f262-b584-108942cd2121" testName="Server.Tests.LocalizationEntryTests.TestClilocAsParameter" computerName="Z590P" duration="00:00:00.0065916" startTime="2025-11-13T19:21:11.7521469-05:00" endTime="2025-11-13T19:21:11.7586951-05:00" testType="13cdc9d9-ddb5-4fa4-a97d-d965ccfc6d4b" outcome="Passed" testListId="8c84fa94-04c1-424b-9868-57a2d4851a1d" relativeResultsDirectory="1d46f0d8-a13d-4629-a414-36f0db281d0b" />
    <UnitTestResult executionId="6ec96f6e-d92d-4b25-b4b6-040199f9e617" testId="bf1f403a-c1fb-4f0e-3dd6-27cc0ed0ae2b" testName="Server.Tests.Network.MobilePacketTests.TestMobileIncoming(changes: Version7000, hairItemId: 10, hairHue: 1024, facialHairItemId: 0, facialHairHue: 0)" computerName="Z590P" duration="00:00:00.0000694" startTime="2025-11-13T19:21:09.9043000-05:00" endTime="2025-11-13T19:21:09.9043430-05:00" testType="13cdc9d9-ddb5-4fa4-a97d-d965ccfc6d4b" outcome="Passed" testListId="8c84fa94-04c1-424b-9868-57a2d4851a1d" relativeResultsDirectory="6ec96f6e-d92d-4b25-b4b6-040199f9e617" />
    <UnitTestResult executionId="d348a1d3-a09e-48c9-a2ba-493d56238c38" testId="08f4d369-9454-1a4b-7464-18ede227f830" testName="Server.Tests.Network.MobilePacketTests.TestMobileIncoming(changes: Version70331, hairItemId: 10, hairHue: 1024, facialHairItemId: 11, facialHairHue: 2048)" computerName="Z590P" duration="00:00:00.0002693" startTime="2025-11-13T19:21:09.9024797-05:00" endTime="2025-11-13T19:21:09.9026565-05:00" testType="13cdc9d9-ddb5-4fa4-a97d-d965ccfc6d4b" outcome="Passed" testListId="8c84fa94-04c1-424b-9868-57a2d4851a1d" relativeResultsDirectory="d348a1d3-a09e-48c9-a2ba-493d56238c38" />
    <UnitTestResult executionId="d983a17d-7535-4a9a-aa74-a2f58534d1a3" testId="1487c170-5e16-59cc-0721-d4f4909f32ea" testName="Server.Tests.Network.GumpPacketTests.TestGumpPacketAdmin" computerName="Z590P" duration="00:00:00.0084423" startTime="2025-11-13T19:21:09.9926842-05:00" endTime="2025-11-13T19:21:10.0003497-05:00" testType="13cdc9d9-ddb5-4fa4-a97d-d965ccfc6d4b" outcome="Passed" testListId="8c84fa94-04c1-424b-9868-57a2d4851a1d" relativeResultsDirectory="d983a17d-7535-4a9a-aa74-a2f58534d1a3" />
    <UnitTestResult executionId="2fdf9d54-0aa7-4206-9616-8c03d7eede94" testId="73f3a58f-1ef6-eb2b-e2ba-de28d199ad32" testName="Server.Tests.Network.AccountPacketTests.TestChangeCharacter" computerName="Z590P" duration="00:00:00.0004341" startTime="2025-11-13T19:21:10.0165316-05:00" endTime="2025-11-13T19:21:10.0168955-05:00" testType="13cdc9d9-ddb5-4fa4-a97d-d965ccfc6d4b" outcome="Passed" testListId="8c84fa94-04c1-424b-9868-57a2d4851a1d" relativeResultsDirectory="2fdf9d54-0aa7-4206-9616-8c03d7eede94" />
    <UnitTestResult executionId="1abdb55c-180d-422f-a393-ecdccbb308b1" testId="e46e8289-1bbc-f5da-4faa-b5eb98ebe4d4" testName="Server.Tests.IPAddressTests.TestIPvCIDR(cidr: &quot;1234:5678:9ABC:1234:5678:9ABC:1234:5678&quot;, addr: &quot;1234:5677:0:0:0:0:0:0&quot;, cidrLength: 64, shouldMatch: False)" computerName="Z590P" duration="00:00:00.0000083" startTime="2025-11-13T19:21:08.6925110-05:00" endTime="2025-11-13T19:21:08.6926639-05:00" testType="13cdc9d9-ddb5-4fa4-a97d-d965ccfc6d4b" outcome="Passed" testListId="8c84fa94-04c1-424b-9868-57a2d4851a1d" relativeResultsDirectory="1abdb55c-180d-422f-a393-ecdccbb308b1" />
    <UnitTestResult executionId="2dc86e8d-e6cc-43cd-97a5-add46b04a015" testId="18d73259-7cd1-de09-aa3e-01a96f730be3" testName="Server.Tests.Network.PlayerPacketTests.TestDisplayPaperdoll(m: 4132, title: &quot;Test Title&quot;, warmode: True, canLift: False)" computerName="Z590P" duration="00:00:00.0003063" startTime="2025-11-13T19:21:09.8874199-05:00" endTime="2025-11-13T19:21:09.8874671-05:00" testType="13cdc9d9-ddb5-4fa4-a97d-d965ccfc6d4b" outcome="Passed" testListId="8c84fa94-04c1-424b-9868-57a2d4851a1d" relativeResultsDirectory="2dc86e8d-e6cc-43cd-97a5-add46b04a015" />
    <UnitTestResult executionId="f5b037f7-1385-4c67-845f-c453db312860" testId="ae97e749-a4ca-f76f-0459-cab3d903c5c6" testName="Server.Tests.Network.MobilePacketTests.TestHealthbarPoison(pName: &quot;Lethal&quot;)" computerName="Z590P" duration="00:00:00.0001553" startTime="2025-11-13T19:21:09.9387019-05:00" endTime="2025-11-13T19:21:09.9387925-05:00" testType="13cdc9d9-ddb5-4fa4-a97d-d965ccfc6d4b" outcome="Passed" testListId="8c84fa94-04c1-424b-9868-57a2d4851a1d" relativeResultsDirectory="f5b037f7-1385-4c67-845f-c453db312860" />
    <UnitTestResult executionId="f8cb674f-49a4-417e-9b78-a41c0561ed33" testId="88a79e7f-cfb2-9983-a771-d110025289db" testName="Server.Tests.FirewallTests.Firewall_CacheHandlesMultipleUpdates" computerName="Z590P" duration="00:00:00.0003004" startTime="2025-11-13T19:21:08.7147438-05:00" endTime="2025-11-13T19:21:08.7148181-05:00" testType="13cdc9d9-ddb5-4fa4-a97d-d965ccfc6d4b" outcome="Passed" testListId="8c84fa94-04c1-424b-9868-57a2d4851a1d" relativeResultsDirectory="f8cb674f-49a4-417e-9b78-a41c0561ed33" />
    <UnitTestResult executionId="71f4faca-c008-4922-9cee-3a7e3684abe5" testId="3e108145-541d-ba97-1052-135253b776f6" testName="Server.Tests.DecimalSerializationTests.TestSerializeDecimal(value: 10000)" computerName="Z590P" duration="00:00:00.0000036" startTime="2025-11-13T19:21:08.6893411-05:00" endTime="2025-11-13T19:21:08.6894063-05:00" testType="13cdc9d9-ddb5-4fa4-a97d-d965ccfc6d4b" outcome="Passed" testListId="8c84fa94-04c1-424b-9868-57a2d4851a1d" relativeResultsDirectory="71f4faca-c008-4922-9cee-3a7e3684abe5" />
    <UnitTestResult executionId="21fead7d-4bdc-4f67-8883-6669452845a0" testId="8b7d83c6-cc23-d49d-b536-20836b16d4ce" testName="Server.Tests.IPAddressTests.TestIPvCIDR(cidr: &quot;::ffff:192.168.100.254&quot;, addr: &quot;192.168.50.1&quot;, cidrLength: 120, shouldMatch: False)" computerName="Z590P" duration="00:00:00.0000079" startTime="2025-11-13T19:21:08.6938472-05:00" endTime="2025-11-13T19:21:08.6938990-05:00" testType="13cdc9d9-ddb5-4fa4-a97d-d965ccfc6d4b" outcome="Passed" testListId="8c84fa94-04c1-424b-9868-57a2d4851a1d" relativeResultsDirectory="21fead7d-4bdc-4f67-8883-6669452845a0" />
    <UnitTestResult executionId="775af497-5846-441b-ab43-b7e4b69502fa" testId="d799b501-b4ce-9e8c-b1fa-a12ce75714dd" testName="Server.Tests.Point3DTests.TestPoint3DToString" computerName="Z590P" duration="00:00:00.0085923" startTime="2025-11-13T19:21:08.6966740-05:00" endTime="2025-11-13T19:21:08.7045830-05:00" testType="13cdc9d9-ddb5-4fa4-a97d-d965ccfc6d4b" outcome="Passed" testListId="8c84fa94-04c1-424b-9868-57a2d4851a1d" relativeResultsDirectory="775af497-5846-441b-ab43-b7e4b69502fa" />
    <UnitTestResult executionId="384cb290-b23a-4af3-818b-c04d3509b487" testId="28fa66bb-7909-eabb-a256-0c015e9aedfb" testName="Server.Tests.Rectangle2DTests.TestRectangle2DTryFormatFails" computerName="Z590P" duration="00:00:00.0002434" startTime="2025-11-13T19:21:08.7050311-05:00" endTime="2025-11-13T19:21:08.7062151-05:00" testType="13cdc9d9-ddb5-4fa4-a97d-d965ccfc6d4b" outcome="Passed" testListId="8c84fa94-04c1-424b-9868-57a2d4851a1d" relativeResultsDirectory="384cb290-b23a-4af3-818b-c04d3509b487" />
    <UnitTestResult executionId="6cf9866b-6a7a-4723-b62d-b1ddc7eba565" testId="3137f2b7-3633-e4fb-9907-4daaf15859de" testName="Server.Tests.Network.PlayerPacketTests.TestLaunchBrowser(uri: &quot;https://www.modernuo.com&quot;)" computerName="Z590P" duration="00:00:00.0003174" startTime="2025-11-13T19:21:09.8845868-05:00" endTime="2025-11-13T19:21:09.8848423-05:00" testType="13cdc9d9-ddb5-4fa4-a97d-d965ccfc6d4b" outcome="Passed" testListId="8c84fa94-04c1-424b-9868-57a2d4851a1d" relativeResultsDirectory="6cf9866b-6a7a-4723-b62d-b1ddc7eba565" />
    <UnitTestResult executionId="8072f25d-2cdd-4852-b937-1392b10f1a02" testId="48a6dbf5-ee75-0782-8827-741590a08f33" testName="Server.Tests.Network.AccountPacketTests.TestCharacterListUpdate" computerName="Z590P" duration="00:00:00.0004435" startTime="2025-11-13T19:21:10.0169941-05:00" endTime="2025-11-13T19:21:10.0173608-05:00" testType="13cdc9d9-ddb5-4fa4-a97d-d965ccfc6d4b" outcome="Passed" testListId="8c84fa94-04c1-424b-9868-57a2d4851a1d" relativeResultsDirectory="8072f25d-2cdd-4852-b937-1392b10f1a02" />
    <UnitTestResult executionId="4a3f18ae-4538-453a-8025-9865a4001f32" testId="69628d8c-555b-4de1-64ea-cbd84c84882c" testName="Server.Tests.Network.MovementPacketTests.TestMovementRej" computerName="Z590P" duration="00:00:00.0004323" startTime="2025-11-13T19:21:09.8937969-05:00" endTime="2025-11-13T19:21:09.8941955-05:00" testType="13cdc9d9-ddb5-4fa4-a97d-d965ccfc6d4b" outcome="Passed" testListId="8c84fa94-04c1-424b-9868-57a2d4851a1d" relativeResultsDirectory="4a3f18ae-4538-453a-8025-9865a4001f32" />
    <UnitTestResult executionId="eb262100-ecd3-47c2-9da1-8b398e5ca015" testId="7d9ee9cb-03c3-82e2-0409-842391347997" testName="Server.Tests.Network.MobilePacketTests.TestYellowBar(isBlessed: True, isYellowHealth: False)" computerName="Z590P" duration="00:00:00.0001178" startTime="2025-11-13T19:21:09.9462365-05:00" endTime="2025-11-13T19:21:09.9462854-05:00" testType="13cdc9d9-ddb5-4fa4-a97d-d965ccfc6d4b" outcome="Passed" testListId="8c84fa94-04c1-424b-9868-57a2d4851a1d" relativeResultsDirectory="eb262100-ecd3-47c2-9da1-8b398e5ca015" />
[...]
[19:21:08 INF] Client: (error): Connected. [2039 Online] &lt;s:Server.Network.NetState&gt;&#xD;
[19:21:08 INF] Client: (error): Connected. [2040 Online] &lt;s:Server.Network.NetState&gt;&#xD;
[19:21:08 INF] Client: (error): Connected. [2041 Online] &lt;s:Server.Network.NetState&gt;&#xD;
[19:21:08 INF] Client: (error): Connected. [2042 Online] &lt;s:Server.Network.NetState&gt;&#xD;
[19:21:08 INF] Client: (error): Connected. [2043 Online] &lt;s:Server.Network.NetState&gt;&#xD;
[19:21:08 INF] Client: (error): Connected. [2044 Online] &lt;s:Server.Network.NetState&gt;&#xD;
[19:21:08 INF] Client: (error): Connected. [2045 Online] &lt;s:Server.Network.NetState&gt;&#xD;
[19:21:08 INF] Client: (error): Connected. [2046 Online] &lt;s:Server.Network.NetState&gt;&#xD;
[19:21:08 INF] Client: (error): Connected. [2047 Online] &lt;s:Server.Network.NetState&gt;&#xD;
[19:21:08 INF] Client: (error): Connected. [2048 Online] &lt;s:Server.Network.NetState&gt;&#xD;
[19:21:08 INF] Client: (error): Connected. [2049 Online] &lt;s:Server.Network.NetState&gt;&#xD;
[19:21:08 INF] Client: (error): Connected. [2050 Online] &lt;s:Server.Network.NetState&gt;&#xD;
[19:21:08 INF] Client: (error): Connected. [2051 Online] &lt;s:Server.Network.NetState&gt;&#xD;
[19:21:08 INF] Client: (error): Connected. [2052 Online] &lt;s:Server.Network.NetState&gt;&#xD;
[19:21:08 INF] Client: (error): Connected. [2053 Online] &lt;s:Server.Network.NetState&gt;&#xD;
[19:21:08 INF] Client: (error): Connected. [2054 Online] &lt;s:Server.Network.NetState&gt;&#xD;
[19:21:08 INF] Client: (error): Connected. [2055 Online] &lt;s:Server.Network.NetState&gt;&#xD;
[19:21:08 INF] Client: (error): Connected. [2056 Online] &lt;s:Server.Network.NetState&gt;&#xD;
[19:21:08 INF] Client: (error): Connected. [2057 Online] &lt;s:Server.Network.NetState&gt;&#xD;
[19:21:08 INF] Client: (error): Connected. [2058 Online] &lt;s:Server.Network.NetState&gt;&#xD;
[19:21:08 INF] Client: (error): Connected. [2059 Online] &lt;s:Server.Network.NetState&gt;&#xD;
[19:21:08 INF] Client: (error): Connected. [2060 Online] &lt;s:Server.Network.NetState&gt;&#xD;
[19:21:08 INF] Client: (error): Connected. [2061 Online] &lt;s:Server.Network.NetState&gt;&#xD;
[19:21:08 INF] Client: (error): Connected. [2062 Online] &lt;s:Server.Network.NetState&gt;&#xD;
[19:21:08 INF] Client: (error): Connected. [2063 Online] &lt;s:Server.Network.NetState&gt;&#xD;
[19:21:08 INF] Client: (error): Connected. [2064 Online] &lt;s:Server.Network.NetState&gt;&#xD;
[19:21:08 INF] Client: (error): Connected. [2065 Online] &lt;s:Server.Network.NetState&gt;&#xD;
[19:21:08 INF] Client: (error): Connected. [2066 Online] &lt;s:Server.Network.NetState&gt;&#xD;
[19:21:09 INF] Loading world &lt;s:Server.World&gt;&#xD;
[19:21:09 INF] Loading world done (0 items, 0 mobiles) (0.00 seconds) &lt;s:Server.World&gt;&#xD;
[19:21:09 INF] Client: (error): Connected. [2067 Online] &lt;s:Server.Network.NetState&gt;&#xD;
[19:21:09 INF] Client: (error): Connected. [2068 Online] &lt;s:Server.Network.NetState&gt;&#xD;
[19:21:09 INF] Client: (error): Connected. [2069 Online] &lt;s:Server.Network.NetState&gt;&#xD;
[19:21:09 INF] Client: (error): Connected. [2070 Online] &lt;s:Server.Network.NetState&gt;&#xD;
[19:21:09 INF] Client: (error): Connected. [2071 Online] &lt;s:Server.Network.NetState&gt;&#xD;
[19:21:09 INF] Client: (error): Connected. [2072 Online] &lt;s:Server.Network.NetState&gt;&#xD;
[19:21:09 INF] Client: (error): Connected. [2073 Online] &lt;s:Server.Network.NetState&gt;&#xD;
[19:21:09 INF] Client: (error): Connected. [2074 Online] &lt;s:Server.Network.NetState&gt;&#xD;
[19:21:09 INF] Client: (error): Connected. [2075 Online] &lt;s:Server.Network.NetState&gt;&#xD;
[19:21:09 INF] Client: (error): Connected. [2076 Online] &lt;s:Server.Network.NetState&gt;&#xD;
[19:21:09 INF] Client: (error): Connected. [2077 Online] &lt;s:Server.Network.NetState&gt;&#xD;
[19:21:09 INF] Client: (error): Connected. [2078 Online] &lt;s:Server.Network.NetState&gt;&#xD;
[19:21:09 INF] Client: (error): Connected. [2079 Online] &lt;s:Server.Network.NetState&gt;&#xD;
[19:21:09 INF] Client: (error): Connected. [2080 Online] &lt;s:Server.Network.NetState&gt;&#xD;
[19:21:09 INF] Client: (error): Connected. [2081 Online] &lt;s:Server.Network.NetState&gt;&#xD;
[19:21:09 INF] Client: (error): Connected. [2082 Online] &lt;s:Server.Network.NetState&gt;&#xD;
[19:21:09 INF] Client: (error): Connected. [2083 Online] &lt;s:Server.Network.NetState&gt;&#xD;
[19:21:09 INF] Client: (error): Connected. [2084 Online] &lt;s:Server.Network.NetState&gt;&#xD;
[19:21:09 INF] Client: (error): Connected. [2085 Online] &lt;s:Server.Network.NetState&gt;&#xD;
[19:21:09 INF] Client: (error): Connected. [2086 Online] &lt;s:Server.Network.NetState&gt;&#xD;
[19:21:09 INF] Client: (error): Connected. [2087 Online] &lt;s:Server.Network.NetState&gt;&#xD;
[19:21:09 INF] Client: (error): Connected. [2088 Online] &lt;s:Server.Network.NetState&gt;&#xD;
[19:21:09 INF] Client: (error): Connected. [2089 Online] &lt;s:Server.Network.NetState&gt;&#xD;
[19:21:09 INF] Client: (error): Connected. [2090 Online] &lt;s:Server.Network.NetState&gt;&#xD;
[19:21:09 INF] Client: (error): Connected. [2091 Online] &lt;s:Server.Network.NetState&gt;&#xD;
[19:21:09 INF] Client: (error): Connected. [2092 Online] &lt;s:Server.Network.NetState&gt;&#xD;
[19:21:09 INF] Client: (error): Connected. [2093 Online] &lt;s:Server.Network.NetState&gt;&#xD;
[19:21:09 INF] Client: (error): Connected. [2094 Online] &lt;s:Server.Network.NetState&gt;&#xD;
[19:21:09 INF] Client: (error): Connected. [2095 Online] &lt;s:Server.Network.NetState&gt;&#xD;
[19:21:09 INF] Client: (error): Connected. [2096 Online] &lt;s:Server.Network.NetState&gt;&#xD;
[19:21:09 INF] Client: (error): Connected. [2097 Online] &lt;s:Server.Network.NetState&gt;&#xD;
[19:21:09 INF] Client: (error): Connected. [2098 Online] &lt;s:Server.Network.NetState&gt;&#xD;
[19:21:09 INF] Client: (error): Connected. [2099 Online] &lt;s:Server.Network.NetState&gt;&#xD;
[19:21:09 INF] Client: (error): Connected. [2100 Online] &lt;s:Server.Network.NetState&gt;&#xD;
[19:21:09 INF] Client: (error): Connected. [2101 Online] &lt;s:Server.Network.NetState&gt;&#xD;
[19:21:09 INF] Client: (error): Connected. [2102 Online] &lt;s:Server.Network.NetState&gt;&#xD;
[19:21:09 INF] Client: (error): Connected. [2103 Online] &lt;s:Server.Network.NetState&gt;&#xD;
[19:21:09 INF] Client: (error): Connected. [2104 Online] &lt;s:Server.Network.NetState&gt;&#xD;
[19:21:09 INF] Client: (error): Connected. [2105 Online] &lt;s:Server.Network.NetState&gt;&#xD;
[19:21:09 INF] Client: (error): Connected. [2106 Online] &lt;s:Server.Network.NetState&gt;&#xD;
[19:21:09 INF] Client: (error): Connected. [2107 Online] &lt;s:Server.Network.NetState&gt;&#xD;
[19:21:09 INF] Client: (error): Connected. [2108 Online] &lt;s:Server.Network.NetState&gt;&#xD;
[19:21:09 INF] Client: (error): Connected. [2109 Online] &lt;s:Server.Network.NetState&gt;&#xD;
[19:21:09 INF] Client: (error): Connected. [2110 Online] &lt;s:Server.Network.NetState&gt;&#xD;
[19:21:09 INF] Client: (error): Connected. [2111 Online] &lt;s:Server.Network.NetState&gt;&#xD;
[19:21:09 INF] Client: (error): Connected. [2112 Online] &lt;s:Server.Network.NetState&gt;&#xD;
[19:21:09 INF] Client: (error): Connected. [2113 Online] &lt;s:Server.Network.NetState&gt;&#xD;
[19:21:09 INF] Client: (error): Connected. [2114 Online] &lt;s:Server.Network.NetState&gt;&#xD;
[19:21:09 INF] Client: (error): Connected. [2115 Online] &lt;s:Server.Network.NetState&gt;&#xD;
[19:21:09 INF] Client: (error): Connected. [2116 Online] &lt;s:Server.Network.NetState&gt;&#xD;
[19:21:09 INF] Client: (error): Connected. [2117 Online] &lt;s:Server.Network.NetState&gt;&#xD;
[19:21:09 INF] Client: (error): Connected. [2118 Online] &lt;s:Server.Network.NetState&gt;&#xD;
[19:21:09 INF] Client: (error): Connected. [2119 Online] &lt;s:Server.Network.NetState&gt;&#xD;
[19:21:09 INF] Client: (error): Connected. [2120 Online] &lt;s:Server.Network.NetState&gt;&#xD;
[19:21:09 INF] Client: (error): Connected. [2121 Online] &lt;s:Server.Network.NetState&gt;&#xD;
[19:21:09 INF] Client: (error): Connected. [2122 Online] &lt;s:Server.Network.NetState&gt;&#xD;
[19:21:09 INF] Client: (error): Connected. [2123 Online] &lt;s:Server.Network.NetState&gt;&#xD;
[19:21:09 INF] Client: (error): Connected. [2124 Online] &lt;s:Server.Network.NetState&gt;&#xD;
[19:21:09 INF] Client: (error): Connected. [2125 Online] &lt;s:Server.Network.NetState&gt;&#xD;
[19:21:09 INF] Client: (error): Connected. [2126 Online] &lt;s:Server.Network.NetState&gt;&#xD;
[19:21:09 INF] Client: (error): Connected. [2127 Online] &lt;s:Server.Network.NetState&gt;&#xD;
[19:21:09 INF] Client: (error): Connected. [2128 Online] &lt;s:Server.Network.NetState&gt;&#xD;
[19:21:09 INF] Client: (error): Connected. [2129 Online] &lt;s:Server.Network.NetState&gt;&#xD;
[19:21:09 INF] Client: (error): Connected. [2130 Online] &lt;s:Server.Network.NetState&gt;&#xD;
[19:21:09 INF] Client: (error): Connected. [2131 Online] &lt;s:Server.Network.NetState&gt;&#xD;
[19:21:09 INF] Client: (error): Connected. [2132 Online] &lt;s:Server.Network.NetState&gt;&#xD;
[19:21:09 INF] Client: (error): Connected. [2133 Online] &lt;s:Server.Network.NetState&gt;&#xD;
[19:21:09 INF] Client: (error): Connected. [2134 Online] &lt;s:Server.Network.NetState&gt;&#xD;
[19:21:09 INF] Client: (error): Connected. [2135 Online] &lt;s:Server.Network.NetState&gt;&#xD;
[19:21:09 INF] Client: (error): Connected. [2136 Online] &lt;s:Server.Network.NetState&gt;&#xD;
[19:21:09 INF] Client: (error): Connected. [2137 Online] &lt;s:Server.Network.NetState&gt;&#xD;
[19:21:09 INF] Client: (error): Connected. [2138 Online] &lt;s:Server.Network.NetState&gt;&#xD;
[19:21:09 INF] Client: (error): Connected. [2139 Online] &lt;s:Server.Network.NetState&gt;&#xD;
[19:21:09 INF] Client: (error): Connected. [2140 Online] &lt;s:Server.Network.NetState&gt;&#xD;
[19:21:09 INF] Client: (error): Connected. [2141 Online] &lt;s:Server.Network.NetState&gt;&#xD;
[19:21:09 INF] Client: (error): Connected. [2142 Online] &lt;s:Server.Network.NetState&gt;&#xD;
[19:21:09 INF] Client: (error): Connected. [2143 Online] &lt;s:Server.Network.NetState&gt;&#xD;
[19:21:09 INF] Client: (error): Connected. [2144 Online] &lt;s:Server.Network.NetState&gt;&#xD;
[19:21:09 INF] Client: (error): Connected. [2145 Online] &lt;s:Server.Network.NetState&gt;&#xD;
[19:21:09 INF] Client: (error): Connected. [2146 Online] &lt;s:Server.Network.NetState&gt;&#xD;
[19:21:09 INF] Client: (error): Connected. [2147 Online] &lt;s:Server.Network.NetState&gt;&#xD;
[19:21:09 INF] Client: (error): Connected. [2148 Online] &lt;s:Server.Network.NetState&gt;&#xD;
[19:21:09 INF] Client: (error): Connected. [2149 Online] &lt;s:Server.Network.NetState&gt;&#xD;
[19:21:09 INF] Client: (error): Connected. [2150 Online] &lt;s:Server.Network.NetState&gt;&#xD;
[19:21:09 INF] Client: (error): Connected. [2151 Online] &lt;s:Server.Network.NetState&gt;&#xD;
[19:21:09 INF] Client: (error): Connected. [2152 Online] &lt;s:Server.Network.NetState&gt;&#xD;
[19:21:09 INF] Client: (error): Connected. [2153 Online] &lt;s:Server.Network.NetState&gt;&#xD;
[19:21:09 INF] Client: (error): Connected. [2154 Online] &lt;s:Server.Network.NetState&gt;&#xD;
[19:21:09 INF] Client: (error): Connected. [2155 Online] &lt;s:Server.Network.NetState&gt;&#xD;
[19:21:09 INF] Client: (error): Connected. [2156 Online] &lt;s:Server.Network.NetState&gt;&#xD;
[19:21:09 INF] Client: (error): Connected. [2157 Online] &lt;s:Server.Network.NetState&gt;&#xD;
[19:21:09 INF] Client: (error): Connected. [2158 Online] &lt;s:Server.Network.NetState&gt;&#xD;
[19:21:09 INF] Client: (error): Connected. [2159 Online] &lt;s:Server.Network.NetState&gt;&#xD;
[19:21:09 INF] Client: (error): Connected. [2160 Online] &lt;s:Server.Network.NetState&gt;&#xD;
[19:21:09 INF] Client: (error): Connected. [2161 Online] &lt;s:Server.Network.NetState&gt;&#xD;
[19:21:09 INF] Client: (error): Connected. [2162 Online] &lt;s:Server.Network.NetState&gt;&#xD;
[19:21:09 INF] Client: (error): Connected. [2163 Online] &lt;s:Server.Network.NetState&gt;&#xD;
[19:21:09 INF] Client: (error): Connected. [2164 Online] &lt;s:Server.Network.NetState&gt;&#xD;
[19:21:09 INF] Client: (error): Connected. [2165 Online] &lt;s:Server.Network.NetState&gt;&#xD;
[19:21:09 INF] Client: (error): Connected. [2166 Online] &lt;s:Server.Network.NetState&gt;&#xD;
[19:21:09 INF] Client: (error): Connected. [2167 Online] &lt;s:Server.Network.NetState&gt;&#xD;
[19:21:09 INF] Client: (error): Connected. [2168 Online] &lt;s:Server.Network.NetState&gt;&#xD;
[19:21:09 INF] Client: (error): Connected. [2169 Online] &lt;s:Server.Network.NetState&gt;&#xD;
[19:21:09 INF] Client: (error): Connected. [2170 Online] &lt;s:Server.Network.NetState&gt;&#xD;
[19:21:09 INF] Client: (error): Connected. [2171 Online] &lt;s:Server.Network.NetState&gt;&#xD;
[19:21:09 INF] Client: (error): Connected. [2172 Online] &lt;s:Server.Network.NetState&gt;&#xD;
[19:21:09 INF] Client: (error): Connected. [2173 Online] &lt;s:Server.Network.NetState&gt;&#xD;
[19:21:09 INF] Client: (error): Connected. [2174 Online] &lt;s:Server.Network.NetState&gt;&#xD;
[19:21:09 INF] Client: (error): Connected. [2175 Online] &lt;s:Server.Network.NetState&gt;&#xD;
[19:21:09 INF] Client: (error): Connected. [2176 Online] &lt;s:Server.Network.NetState&gt;&#xD;
[19:21:09 INF] Client: (error): Connected. [2177 Online] &lt;s:Server.Network.NetState&gt;&#xD;
[19:21:09 INF] Client: (error): Connected. [2178 Online] &lt;s:Server.Network.NetState&gt;&#xD;
[19:21:09 INF] Client: (error): Connected. [2179 Online] &lt;s:Server.Network.NetState&gt;&#xD;
[19:21:09 WRN] map0.mul was not found. &lt;s:Server.TileMatrix&gt;&#xD;
[19:21:09 WRN] staidx0.mul was not found. &lt;s:Server.TileMatrix&gt;&#xD;
[19:21:09 WRN] statics0.mul was not found. &lt;s:Server.TileMatrix&gt;&#xD;
[19:21:09 WRN] map1.mul was not found. &lt;s:Server.TileMatrix&gt;&#xD;
[19:21:09 WRN] staidx1.mul was not found. &lt;s:Server.TileMatrix&gt;&#xD;
[19:21:09 WRN] statics1.mul was not found. &lt;s:Server.TileMatrix&gt;&#xD;
[19:21:09 WRN] map2.mul was not found. &lt;s:Server.TileMatrix&gt;&#xD;
[19:21:09 WRN] staidx2.mul was not found. &lt;s:Server.TileMatrix&gt;&#xD;
[19:21:09 WRN] statics2.mul was not found. &lt;s:Server.TileMatrix&gt;&#xD;
[19:21:09 WRN] map3.mul was not found. &lt;s:Server.TileMatrix&gt;&#xD;
[19:21:09 WRN] staidx3.mul was not found. &lt;s:Server.TileMatrix&gt;&#xD;
[19:21:09 WRN] statics3.mul was not found. &lt;s:Server.TileMatrix&gt;&#xD;
[19:21:09 INF] Client: (error): Connected. [2180 Online] &lt;s:Server.Network.NetState&gt;&#xD;
[19:21:09 INF] Client: (error): Connected. [2181 Online] &lt;s:Server.Network.NetState&gt;&#xD;
[19:21:09 WRN] 0x00001024: Amount changed for non-stackable item '10'. (Item) &lt;s:Server.Item&gt;&#xD;
[19:21:09 INF] Client: (error): Connected. [2182 Online] &lt;s:Server.Network.NetState&gt;&#xD;
[19:21:09 WRN] 0x00001024: Amount changed for non-stackable item '10'. (Item) &lt;s:Server.Item&gt;&#xD;
[19:21:09 INF] Client: (error): Connected. [2183 Online] &lt;s:Server.Network.NetState&gt;&#xD;
[19:21:09 WRN] 0x00001024: Amount changed for non-stackable item '10'. (Item) &lt;s:Server.Item&gt;&#xD;
[19:21:09 INF] Client: (error): Connected. [2184 Online] &lt;s:Server.Network.NetState&gt;&#xD;
[19:21:09 INF] Client: (error): Connected. [2185 Online] &lt;s:Server.Network.NetState&gt;&#xD;
[19:21:09 INF] Client: (error): Connected. [2186 Online] &lt;s:Server.Network.NetState&gt;&#xD;
[19:21:10 INF] Client: (error): Connected. [2187 Online] &lt;s:Server.Network.NetState&gt;&#xD;
[19:21:10 INF] Client: (error): Connected. [2188 Online] &lt;s:Server.Network.NetState&gt;&#xD;
[19:21:10 INF] Client: (error): Connected. [2189 Online] &lt;s:Server.Network.NetState&gt;&#xD;
[19:21:10 INF] Client: (error): Connected. [2190 Online] &lt;s:Server.Network.NetState&gt;&#xD;
[19:21:10 INF] Client: (error): Connected. [2191 Online] &lt;s:Server.Network.NetState&gt;&#xD;
[19:21:10 INF] Client: (error): Connected. [2192 Online] &lt;s:Server.Network.NetState&gt;&#xD;
[19:21:10 INF] Client: (error): Connected. [2193 Online] &lt;s:Server.Network.NetState&gt;&#xD;
[19:21:10 INF] Client: (error): Connected. [2194 Online] &lt;s:Server.Network.NetState&gt;&#xD;
[19:21:10 INF] Client: (error): Connected. [2195 Online] &lt;s:Server.Network.NetState&gt;&#xD;
[19:21:10 INF] Client: (error): Connected. [2196 Online] &lt;s:Server.Network.NetState&gt;&#xD;
[19:21:10 INF] Client: (error): Connected. [2197 Online] &lt;s:Server.Network.NetState&gt;&#xD;
[19:21:10 INF] Client: (error): Connected. [2198 Online] &lt;s:Server.Network.NetState&gt;&#xD;
[19:21:10 INF] Client: (error): Connected. [2199 Online] &lt;s:Server.Network.NetState&gt;&#xD;
[19:21:10 INF] Client: (error): Connected. [2200 Online] &lt;s:Server.Network.NetState&gt;&#xD;
[19:21:10 INF] Client: (error): Connected. [2201 Online] &lt;s:Server.Network.NetState&gt;&#xD;
[19:21:10 INF] Client: (error): Connected. [2202 Online] &lt;s:Server.Network.NetState&gt;&#xD;
Warning: ContainerContentUpdate on item with !(parent is Item)&#xD;
[19:21:10 INF] Client: (error): Connected. [2203 Online] &lt;s:Server.Network.NetState&gt;&#xD;
[19:21:10 WRN] ContainerContentUpdate on Item Item (0x00001024) where parent is not an Item &lt;s:Server.Network.OutgoingContainerPackets&gt;&#xD;
[19:21:10 INF] Client: (error): Connected. [2204 Online] &lt;s:Server.Network.NetState&gt;&#xD;
[19:21:10 INF] Client: (error): Connected. [2205 Online] &lt;s:Server.Network.NetState&gt;&#xD;
[19:21:10 INF] Client: (error): Connected. [2206 Online] &lt;s:Server.Network.NetState&gt;&#xD;
Warning: ContainerContentUpdate on item with !(parent is Item)&#xD;
[19:21:10 INF] Client: (error): Connected. [2207 Online] &lt;s:Server.Network.NetState&gt;&#xD;
[19:21:10 WRN] ContainerContentUpdate on Item Item (0x00001024) where parent is not an Item &lt;s:Server.Network.OutgoingContainerPackets&gt;&#xD;
[19:21:10 INF] Client: (error): Connected. [2208 Online] &lt;s:Server.Network.NetState&gt;&#xD;
[19:21:10 INF] Client: (error): Connected. [2209 Online] &lt;s:Server.Network.NetState&gt;&#xD;
[19:21:10 INF] Client: (error): Connected. [2210 Online] &lt;s:Server.Network.NetState&gt;&#xD;
[19:21:10 INF] Client: (error): Connected. [2211 Online] &lt;s:Server.Network.NetState&gt;&#xD;
[19:21:10 INF] Client: (error): Connected. [2212 Online] &lt;s:Server.Network.NetState&gt;&#xD;
[19:21:10 INF] Client: (error): Connected. [2213 Online] &lt;s:Server.Network.NetState&gt;&#xD;
[19:21:10 INF] Client: (error): Connected. [2214 Online] &lt;s:Server.Network.NetState&gt;&#xD;
[19:21:10 INF] Client: (error): Connected. [2215 Online] &lt;s:Server.Network.NetState&gt;&#xD;
[19:21:10 INF] Client: (error): Connected. [2216 Online] &lt;s:Server.Network.NetState&gt;&#xD;
[19:21:10 INF] Client: (error): Connected. [2217 Online] &lt;s:Server.Network.NetState&gt;&#xD;
[19:21:10 INF] Client: (error): Connected. [2218 Online] &lt;s:Server.Network.NetState&gt;&#xD;
[19:21:10 INF] Client: (error): Connected. [2219 Online] &lt;s:Server.Network.NetState&gt;&#xD;
[19:21:10 INF] Client: (error): Connected. [2220 Online] &lt;s:Server.Network.NetState&gt;&#xD;
[19:21:10 INF] Client: (error): Connected. [2221 Online] &lt;s:Server.Network.NetState&gt;&#xD;
[19:21:10 INF] Client: (error): Connected. [2222 Online] &lt;s:Server.Network.NetState&gt;&#xD;
[19:21:10 INF] Client: (error): Connected. [2223 Online] &lt;s:Server.Network.NetState&gt;&#xD;
[19:21:10 INF] Client: (error): Connected. [2224 Online] &lt;s:Server.Network.NetState&gt;&#xD;
[19:21:11 INF] Client: (error): Connected. [2225 Online] &lt;s:Server.Network.NetState&gt;&#xD;
[19:21:11 INF] Client: (error): Connected. [2226 Online] &lt;s:Server.Network.NetState&gt;&#xD;
[xUnit.net 00:00:03.83]   Finished:    Server.Tests&#xD;
</StdOut>
    </Output>
  </ResultSummary>
</TestRun>