<?xml version="1.0" encoding="utf-8"?>
<TestRun id="d80f550c-a487-4a51-8363-af302b66d3aa" name="USER-002@Z590P 2025-11-09 10:00:21" runUser="Z590P\USER-002" xmlns="http://microsoft.com/schemas/VisualStudio/TeamTest/2010">
  <Times creation="2025-11-09T10:00:21.5394102-05:00" queuing="2025-11-09T10:00:21.5394104-05:00" start="2025-11-09T10:00:20.0098393-05:00" finish="2025-11-09T10:00:24.7492538-05:00" />
  <TestSettings name="default" id="308a9a27-629f-42bb-9ae0-82fc3eaa5054">
    <Deployment runDeploymentRoot="USER-002_Z590P_2025-11-09_10_00_21" />
  </TestSettings>
  <Results>
    <UnitTestResult executionId="7e9543e9-16a7-40a4-89b7-4271f7d9cb38" testId="4def0afd-2531-8bd7-bc63-c40617745d59" testName="Server.Tests.DecimalSerializationTests.TestSerializeDecimal(value: 2)" computerName="Z590P" duration="00:00:00.0000037" startTime="2025-11-09T10:00:21.5284657-05:00" endTime="2025-11-09T10:00:21.5285125-05:00" testType="13cdc9d9-ddb5-4fa4-a97d-d965ccfc6d4b" outcome="Passed" testListId="8c84fa94-04c1-424b-9868-57a2d4851a1d" relativeResultsDirectory="7e9543e9-16a7-40a4-89b7-4271f7d9cb38" />
    <UnitTestResult executionId="dbc7460e-e326-4425-9607-830eb4603745" testId="477ef087-acb3-5f2e-2a5b-b75dae7c222d" testName="Server.Tests.Network.PlayerPacketTests.TestPingAck(ping: 10)" computerName="Z590P" duration="00:00:00.0000499" startTime="2025-11-09T10:00:22.7461090-05:00" endTime="2025-11-09T10:00:22.7461469-05:00" testType="13cdc9d9-ddb5-4fa4-a97d-d965ccfc6d4b" outcome="Passed" testListId="8c84fa94-04c1-424b-9868-57a2d4851a1d" relativeResultsDirectory="dbc7460e-e326-4425-9607-830eb4603745" />
    <UnitTestResult executionId="f0b62d21-670f-45be-a473-26dea9829a7c" testId="923edc56-3078-10f9-766c-dd3967feb5e9" testName="Server.Tests.Tests.Buffers.STArrayPoolTests.CachesOnlyUpToCPUCountPerBucket" computerName="Z590P" duration="00:00:00.0083116" startTime="2025-11-09T10:00:22.9135039-05:00" endTime="2025-11-09T10:00:22.9135372-05:00" testType="13cdc9d9-ddb5-4fa4-a97d-d965ccfc6d4b" outcome="Passed" testListId="8c84fa94-04c1-424b-9868-57a2d4851a1d" relativeResultsDirectory="f0b62d21-670f-45be-a473-26dea9829a7c" />
    <UnitTestResult executionId="bf7a5402-51de-446f-8a2c-3e95545040c9" testId="664daf29-cb86-9f37-1c77-3a69b4c89ae3" testName="Server.Tests.Network.PlayerPacketTests.TestPingAck(ping: 0)" computerName="Z590P" duration="00:00:00.0001421" startTime="2025-11-09T10:00:22.7459855-05:00" endTime="2025-11-09T10:00:22.7460306-05:00" testType="13cdc9d9-ddb5-4fa4-a97d-d965ccfc6d4b" outcome="Passed" testListId="8c84fa94-04c1-424b-9868-57a2d4851a1d" relativeResultsDirectory="bf7a5402-51de-446f-8a2c-3e95545040c9" />
    <UnitTestResult executionId="6dc7f709-93a5-491f-ab2b-12a2003a3513" testId="8f49c8ef-3947-2b64-3794-94f2f7af9f93" testName="Server.Tests.VirtualHairPacketTests.TestSendRemoveVirtualHair" computerName="Z590P" duration="00:00:00.0004020" startTime="2025-11-09T10:00:24.6355703-05:00" endTime="2025-11-09T10:00:24.6359711-05:00" testType="13cdc9d9-ddb5-4fa4-a97d-d965ccfc6d4b" outcome="Passed" testListId="8c84fa94-04c1-424b-9868-57a2d4851a1d" relativeResultsDirectory="6dc7f709-93a5-491f-ab2b-12a2003a3513" />
    <UnitTestResult executionId="c0ce370c-3034-46d4-9b62-5607b9419b6b" testId="8a0f6405-90e1-2d34-7145-4e32e9f7a42b" testName="Server.Tests.Network.GumpPacketTests.TestGumpPacketNameChange" computerName="Z590P" duration="00:00:00.0396445" startTime="2025-11-09T10:00:22.8304472-05:00" endTime="2025-11-09T10:00:22.8700940-05:00" testType="13cdc9d9-ddb5-4fa4-a97d-d965ccfc6d4b" outcome="Passed" testListId="8c84fa94-04c1-424b-9868-57a2d4851a1d" relativeResultsDirectory="c0ce370c-3034-46d4-9b62-5607b9419b6b" />
    <UnitTestResult executionId="ae93556a-0690-4f9d-aecd-9b10552aef38" testId="51c7d19d-5516-64d6-0533-373aee657a07" testName="Server.Tests.TestStringHelpers.TestRemove(original: &quot;we are testing removing spaces&quot;, separator: &quot; &quot;, removed: &quot;wearetestingremovingspaces&quot;, comparison: Ordinal)" computerName="Z590P" duration="00:00:00.0002500" startTime="2025-11-09T10:00:24.2765526-05:00" endTime="2025-11-09T10:00:24.2765936-05:00" testType="13cdc9d9-ddb5-4fa4-a97d-d965ccfc6d4b" outcome="Passed" testListId="8c84fa94-04c1-424b-9868-57a2d4851a1d" relativeResultsDirectory="ae93556a-0690-4f9d-aecd-9b10552aef38" />
    <UnitTestResult executionId="5b9d3085-7de1-410c-8fde-92797f4ae71a" testId="91811fec-b525-e526-5329-bde6ea4f70b1" testName="Server.Tests.Buffers.ValueStringBuilderTests.TestAppendInt32(value: 8)" computerName="Z590P" duration="00:00:00.0000020" startTime="2025-11-09T10:00:22.9146975-05:00" endTime="2025-11-09T10:00:22.9147390-05:00" testType="13cdc9d9-ddb5-4fa4-a97d-d965ccfc6d4b" outcome="Passed" testListId="8c84fa94-04c1-424b-9868-57a2d4851a1d" relativeResultsDirectory="5b9d3085-7de1-410c-8fde-92797f4ae71a" />
    <UnitTestResult executionId="5ea5154e-ed78-45c9-887e-a675082b4db8" testId="d3c15c72-8909-8613-4edd-ffb6742b9167" testName="Server.Tests.Network.MobilePacketTests.TestNewMobileAnimation(action: 10, frameCount: 100, delay: 20)" computerName="Z590P" duration="00:00:00.0003439" startTime="2025-11-09T10:00:22.7684572-05:00" endTime="2025-11-09T10:00:22.7686539-05:00" testType="13cdc9d9-ddb5-4fa4-a97d-d965ccfc6d4b" outcome="Passed" testListId="8c84fa94-04c1-424b-9868-57a2d4851a1d" relativeResultsDirectory="5ea5154e-ed78-45c9-887e-a675082b4db8" />
    <UnitTestResult executionId="0729cab4-91fc-425e-a2d5-723f08d6cc4e" testId="aacaea7f-014a-8655-dd6b-72f5268a3781" testName="Server.Tests.TextDefinitionTests.TestTextDefinitionToString(a1: 10345, a2: &quot;Hello&quot;, expected: &quot;#10345&quot;)" computerName="Z590P" duration="00:00:00.0000054" startTime="2025-11-09T10:00:21.5455736-05:00" endTime="2025-11-09T10:00:21.5456702-05:00" testType="13cdc9d9-ddb5-4fa4-a97d-d965ccfc6d4b" outcome="Passed" testListId="8c84fa94-04c1-424b-9868-57a2d4851a1d" relativeResultsDirectory="0729cab4-91fc-425e-a2d5-723f08d6cc4e" />
    <UnitTestResult executionId="7afc4f7d-4c16-423d-b98f-1fb5c83654c3" testId="eb16d797-0f43-bfd4-6aea-b8779dc6234c" testName="Server.Tests.Point3DTests.TestPoint3DTryParse" computerName="Z590P" duration="00:00:00.0027970" startTime="2025-11-09T10:00:21.5478382-05:00" endTime="2025-11-09T10:00:21.5495020-05:00" testType="13cdc9d9-ddb5-4fa4-a97d-d965ccfc6d4b" outcome="Passed" testListId="8c84fa94-04c1-424b-9868-57a2d4851a1d" relativeResultsDirectory="7afc4f7d-4c16-423d-b98f-1fb5c83654c3" />
    <UnitTestResult executionId="3aadd74c-d1ed-4dba-aaf1-df5549e7a7ca" testId="2653b071-6e65-b98d-a64a-0265e7273a93" testName="Server.Tests.Network.SecureTradePacketTests.TestUpdateSecureTrade(first: False, second: True)" computerName="Z590P" duration="00:00:00.0001648" startTime="2025-11-09T10:00:22.7443002-05:00" endTime="2025-11-09T10:00:22.7443384-05:00" testType="13cdc9d9-ddb5-4fa4-a97d-d965ccfc6d4b" outcome="Passed" testListId="8c84fa94-04c1-424b-9868-57a2d4851a1d" relativeResultsDirectory="3aadd74c-d1ed-4dba-aaf1-df5549e7a7ca" />
    <UnitTestResult executionId="a8042879-7fb4-4d16-a35d-74267fdc955a" testId="8c682144-1f0a-ed5c-cb28-19d592c1032f" testName="Server.Tests.Rectangle3DTests.TestRectangle3DTryFormatSucceeds" computerName="Z590P" duration="00:00:00.0011070" startTime="2025-11-09T10:00:21.5266372-05:00" endTime="2025-11-09T10:00:21.5341995-05:00" testType="13cdc9d9-ddb5-4fa4-a97d-d965ccfc6d4b" outcome="Passed" testListId="8c84fa94-04c1-424b-9868-57a2d4851a1d" relativeResultsDirectory="a8042879-7fb4-4d16-a35d-74267fdc955a" />
    <UnitTestResult executionId="7f79db67-7817-4f8c-a323-ff65f507b318" testId="445f3fd3-f1ca-487d-517d-ff3c5f134312" testName="Server.Tests.Network.DamagePacketTests.TestDamage(inputAmount: 100000)" computerName="Z590P" duration="00:00:00.0000565" startTime="2025-11-09T10:00:22.8841669-05:00" endTime="2025-11-09T10:00:22.8842016-05:00" testType="13cdc9d9-ddb5-4fa4-a97d-d965ccfc6d4b" outcome="Passed" testListId="8c84fa94-04c1-424b-9868-57a2d4851a1d" relativeResultsDirectory="7f79db67-7817-4f8c-a323-ff65f507b318" />
    <UnitTestResult executionId="3b84c5e5-6c0c-45cc-b6be-ef0384616d2b" testId="3e108145-541d-ba97-1052-135253b776f6" testName="Server.Tests.DecimalSerializationTests.TestSerializeDecimal(value: 10000)" computerName="Z590P" duration="00:00:00.0000041" startTime="2025-11-09T10:00:21.5282891-05:00" endTime="2025-11-09T10:00:21.5283510-05:00" testType="13cdc9d9-ddb5-4fa4-a97d-d965ccfc6d4b" outcome="Passed" testListId="8c84fa94-04c1-424b-9868-57a2d4851a1d" relativeResultsDirectory="3b84c5e5-6c0c-45cc-b6be-ef0384616d2b" />
    <UnitTestResult executionId="68474b38-c152-4b0a-87a1-0fdebd37aa48" testId="dcc19f6c-16c5-7e9d-a7d9-265dd2bbe9e5" testName="Server.Tests.Network.VendorBuyPacketTests.TestDisplayBuyList(protocolChanges: HighSeas)" computerName="Z590P" duration="00:00:00.0001563" startTime="2025-11-09T10:00:22.7402564-05:00" endTime="2025-11-09T10:00:22.7402943-05:00" testType="13cdc9d9-ddb5-4fa4-a97d-d965ccfc6d4b" outcome="Passed" testListId="8c84fa94-04c1-424b-9868-57a2d4851a1d" relativeResultsDirectory="68474b38-c152-4b0a-87a1-0fdebd37aa48" />
    <UnitTestResult executionId="b83a0a53-e309-49b1-8e18-a886bbd42df6" testId="9e41b08d-ad49-8add-7e14-6038124eb019" testName="Server.Tests.Network.AccountPacketTests.TestAccountLoginRej" computerName="Z590P" duration="00:00:00.0003677" startTime="2025-11-09T10:00:22.8994478-05:00" endTime="2025-11-09T10:00:22.8997169-05:00" testType="13cdc9d9-ddb5-4fa4-a97d-d965ccfc6d4b" outcome="Passed" testListId="8c84fa94-04c1-424b-9868-57a2d4851a1d" relativeResultsDirectory="b83a0a53-e309-49b1-8e18-a886bbd42df6" />
    <UnitTestResult executionId="2ea51456-ff3e-4020-ac77-84c5f8b95460" testId="8f689994-fcfe-1ac4-a02c-6ed212f42ff5" testName="Server.Tests.Network.EffectPackets.TestScreenEffect(screenType: DarkFlash)" computerName="Z590P" duration="00:00:00.0002770" startTime="2025-11-09T10:00:21.5982427-05:00" endTime="2025-11-09T10:00:21.5983892-05:00" testType="13cdc9d9-ddb5-4fa4-a97d-d965ccfc6d4b" outcome="Passed" testListId="8c84fa94-04c1-424b-9868-57a2d4851a1d" relativeResultsDirectory="2ea51456-ff3e-4020-ac77-84c5f8b95460" />
    <UnitTestResult executionId="ec535e61-636c-40e9-a77d-60e3c69d71c5" testId="4ee96f60-5e83-6226-8a81-5b4d345717d6" testName="Server.Tests.Network.EffectPackets.TestSoundEffect(soundID: 10, x: 1000, y: 10, z: 5)" computerName="Z590P" duration="00:00:00.0003884" startTime="2025-11-09T10:00:21.6014377-05:00" endTime="2025-11-09T10:00:21.6017636-05:00" testType="13cdc9d9-ddb5-4fa4-a97d-d965ccfc6d4b" outcome="Passed" testListId="8c84fa94-04c1-424b-9868-57a2d4851a1d" relativeResultsDirectory="ec535e61-636c-40e9-a77d-60e3c69d71c5" />
    <UnitTestResult executionId="80f06481-6b3f-4bb3-a328-35030bd87a9f" testId="924e1774-d790-4523-302d-b41153517a64" testName="Server.Tests.IPAddressTests.TestIPvCIDR(cidr: &quot;::1234:5678&quot;, addr: &quot;1234:5677::&quot;, cidrLength: 64, shouldMatch: False)" computerName="Z590P" duration="00:00:00.0165418" startTime="2025-11-09T10:00:21.5087222-05:00" endTime="2025-11-09T10:00:21.5161534-05:00" testType="13cdc9d9-ddb5-4fa4-a97d-d965ccfc6d4b" outcome="Passed" testListId="8c84fa94-04c1-424b-9868-57a2d4851a1d" relativeResultsDirectory="80f06481-6b3f-4bb3-a328-35030bd87a9f" />
    <UnitTestResult executionId="38f61daf-aaa9-4f52-aea6-f3c288e8848d" testId="ab62dfed-7bd7-5a73-f437-a62766b01281" testName="Server.Tests.Tests.Maps.MapSelectionTests.TestFormatFeluccaOnlyMapSelection" computerName="Z590P" duration="00:00:00.0000597" startTime="2025-11-09T10:00:21.5764608-05:00" endTime="2025-11-09T10:00:21.5765066-05:00" testType="13cdc9d9-ddb5-4fa4-a97d-d965ccfc6d4b" outcome="Passed" testListId="8c84fa94-04c1-424b-9868-57a2d4851a1d" relativeResultsDirectory="38f61daf-aaa9-4f52-aea6-f3c288e8848d" />
    <UnitTestResult executionId="bb47e921-b736-445a-9e11-613b88680a99" testId="674e405a-83f6-5844-0af5-9c5b8aa5c56d" testName="Server.Tests.ValueLinkListTests.TestThrowsIfModifiedWhileIterating" computerName="Z590P" duration="00:00:00.0001448" startTime="2025-11-09T10:00:21.5388638-05:00" endTime="2025-11-09T10:00:21.5389074-05:00" testType="13cdc9d9-ddb5-4fa4-a97d-d965ccfc6d4b" outcome="Passed" testListId="8c84fa94-04c1-424b-9868-57a2d4851a1d" relativeResultsDirectory="bb47e921-b736-445a-9e11-613b88680a99" />
    <UnitTestResult executionId="e0824980-ef9b-4404-a770-6e5e38d57561" testId="95ffbe7d-049d-945a-d6cb-26ee90efd163" testName="Server.Tests.Point2DTests.TestPoint2DTryFormatFails" computerName="Z590P" duration="00:00:00.0003812" startTime="2025-11-09T10:00:21.5267550-05:00" endTime="2025-11-09T10:00:21.5310407-05:00" testType="13cdc9d9-ddb5-4fa4-a97d-d965ccfc6d4b" outcome="Passed" testListId="8c84fa94-04c1-424b-9868-57a2d4851a1d" relativeResultsDirectory="e0824980-ef9b-4404-a770-6e5e38d57561" />
    <UnitTestResult executionId="03b1bf64-efa2-4e0f-9b12-35ba8266bafe" testId="46a36226-86bf-d468-3fce-2eac13c144da" testName="Server.Tests.Network.PipeTests.TestWriteReadsWrap" computerName="Z590P" duration="00:00:00.0676064" startTime="2025-11-09T10:00:21.5357796-05:00" endTime="2025-11-09T10:00:21.5836421-05:00" testType="13cdc9d9-ddb5-4fa4-a97d-d965ccfc6d4b" outcome="Passed" testListId="8c84fa94-04c1-424b-9868-57a2d4851a1d" relativeResultsDirectory="03b1bf64-efa2-4e0f-9b12-35ba8266bafe" />
    <UnitTestResult executionId="8e5e0216-c8f6-4509-bf43-3e72f3d3d03c" testId="19e81e13-e592-2a30-96da-9c69b34d888c" testName="Server.Tests.Network.MobilePacketTests.TestHealthbarPoison(pName: &quot;Lesser&quot;)" computerName="Z590P" duration="00:00:00.0000693" startTime="2025-11-09T10:00:22.8072957-05:00" endTime="2025-11-09T10:00:22.8073765-05:00" testType="13cdc9d9-ddb5-4fa4-a97d-d965ccfc6d4b" outcome="Passed" testListId="8c84fa94-04c1-424b-9868-57a2d4851a1d" relativeResultsDirectory="8e5e0216-c8f6-4509-bf43-3e72f3d3d03c" />
    <UnitTestResult executionId="73a28f4a-8ff4-47a4-923a-21749cd20f50" testId="b2e5fed2-cfe3-bd23-6efe-f9a718b65835" testName="Server.Tests.Network.GumpPacketTests.TestDisplaySignGump" computerName="Z590P" duration="00:00:00.0004115" startTime="2025-11-09T10:00:22.8789292-05:00" endTime="2025-11-09T10:00:22.8792014-05:00" testType="13cdc9d9-ddb5-4fa4-a97d-d965ccfc6d4b" outcome="Passed" testListId="8c84fa94-04c1-424b-9868-57a2d4851a1d" relativeResultsDirectory="73a28f4a-8ff4-47a4-923a-21749cd20f50" />
    <UnitTestResult executionId="ceff1ba8-e1d0-4102-a86c-060ebebef180" testId="61c0f58b-511c-cc9a-cd1f-a86640d66a2f" testName="Server.Tests.Network.EffectPackets.TestHuedEffect" computerName="Z590P" duration="00:00:00.0006053" startTime="2025-11-09T10:00:21.5985118-05:00" endTime="2025-11-09T10:00:21.5998096-05:00" testType="13cdc9d9-ddb5-4fa4-a97d-d965ccfc6d4b" outcome="Passed" testListId="8c84fa94-04c1-424b-9868-57a2d4851a1d" relativeResultsDirectory="ceff1ba8-e1d0-4102-a86c-060ebebef180" />
    <UnitTestResult executionId="0bc44e34-a991-4f8b-bcfd-c03e906ccedb" testId="07c9dfcd-37fd-5d5d-11cb-323269f7196c" testName="Server.Tests.Buffers.ValueStringBuilderTests.TestRemove(original: &quot;Admin Kamron&quot;, removed: &quot;Admin&quot;, startIndex: 5, length: 7)" computerName="Z590P" duration="00:00:00.0001708" startTime="2025-11-09T10:00:22.9151234-05:00" endTime="2025-11-09T10:00:22.9151777-05:00" testType="13cdc9d9-ddb5-4fa4-a97d-d965ccfc6d4b" outcome="Passed" testListId="8c84fa94-04c1-424b-9868-57a2d4851a1d" relativeResultsDirectory="0bc44e34-a991-4f8b-bcfd-c03e906ccedb" />
    <UnitTestResult executionId="4767611a-85af-4695-be28-16e0bcf0a25c" testId="fffe64d5-052e-fcec-8c48-ee7aa8aa7328" testName="Server.Tests.Network.AccountPacketTests.TestLoginConfirm" computerName="Z590P" duration="00:00:00.0018325" startTime="2025-11-09T10:00:22.8953940-05:00" endTime="2025-11-09T10:00:22.8966930-05:00" testType="13cdc9d9-ddb5-4fa4-a97d-d965ccfc6d4b" outcome="Passed" testListId="8c84fa94-04c1-424b-9868-57a2d4851a1d" relativeResultsDirectory="4767611a-85af-4695-be28-16e0bcf0a25c" />
    <UnitTestResult executionId="672a9ba0-11c2-46e4-a8da-7b03056eafb1" testId="524771f1-c53f-da44-b029-5407f3a693d3" testName="Server.Tests.Network.MobilePacketTests.TestMobileIncoming(changes: Version70331, hairItemId: 0, hairHue: 0, facialHairItemId: 0, facialHairHue: 0)" computerName="Z590P" duration="00:00:00.0000974" startTime="2025-11-09T10:00:22.7645195-05:00" endTime="2025-11-09T10:00:22.7645681-05:00" testType="13cdc9d9-ddb5-4fa4-a97d-d965ccfc6d4b" outcome="Passed" testListId="8c84fa94-04c1-424b-9868-57a2d4851a1d" relativeResultsDirectory="672a9ba0-11c2-46e4-a8da-7b03056eafb1" />
    <UnitTestResult executionId="ecd09caa-49d9-49ac-be1f-35b976fc3d93" testId="6598e080-81c5-317e-b58a-fefa899fd324" testName="Server.Tests.TestStringHelpers.TestIsNullOrDefault(value: null, defaultValue: &quot;default value&quot;, expected: &quot;default value&quot;)" computerName="Z590P" duration="00:00:00.0001335" startTime="2025-11-09T10:00:24.2716180-05:00" endTime="2025-11-09T10:00:24.2716755-05:00" testType="13cdc9d9-ddb5-4fa4-a97d-d965ccfc6d4b" outcome="Passed" testListId="8c84fa94-04c1-424b-9868-57a2d4851a1d" relativeResultsDirectory="ecd09caa-49d9-49ac-be1f-35b976fc3d93" />
    <UnitTestResult executionId="02fbbd71-63f9-4c8d-b9dd-83030ee95d39" testId="fea0592c-881a-dcad-fa93-ff2f5b91e3cf" testName="Server.Tests.Network.VendorBuyPacketTests.TestVendorBuyContent(protocolChanges: None)" computerName="Z590P" duration="00:00:00.0008225" startTime="2025-11-09T10:00:22.7382268-05:00" endTime="2025-11-09T10:00:22.7389859-05:00" testType="13cdc9d9-ddb5-4fa4-a97d-d965ccfc6d4b" outcome="Passed" testListId="8c84fa94-04c1-424b-9868-57a2d4851a1d" relativeResultsDirectory="02fbbd71-63f9-4c8d-b9dd-83030ee95d39" />
    <UnitTestResult executionId="15a231be-abe9-41a9-aae5-276fdad312ae" testId="6c9ad032-ad95-7cd4-6dda-6ede4eca0a82" testName="Server.Tests.Network.PlayerPacketTests.TestWeather(type: 1, density: 2, temp: 3)" computerName="Z590P" duration="00:00:00.0001852" startTime="2025-11-09T10:00:22.7466340-05:00" endTime="2025-11-09T10:00:22.7466759-05:00" testType="13cdc9d9-ddb5-4fa4-a97d-d965ccfc6d4b" outcome="Passed" testListId="8c84fa94-04c1-424b-9868-57a2d4851a1d" relativeResultsDirectory="15a231be-abe9-41a9-aae5-276fdad312ae" />
    <UnitTestResult executionId="cc01017b-0b7c-4089-afe3-d52ad4ee3132" testId="577c166c-e6e1-e38e-eb3a-2861cf5bd4b2" testName="Server.Tests.IPAddressTests.TestIPAddressToUInt128(ipString: &quot;4cce:1490:4577:d72f:693e:b42e:3465:f3db&quot;, upper: 5534383601958246191, lower: 7583696933079086043)" computerName="Z590P" duration="00:00:00.0002621" startTime="2025-11-09T10:00:21.5369908-05:00" endTime="2025-11-09T10:00:21.5370333-05:00" testType="13cdc9d9-ddb5-4fa4-a97d-d965ccfc6d4b" outcome="Passed" testListId="8c84fa94-04c1-424b-9868-57a2d4851a1d" relativeResultsDirectory="cc01017b-0b7c-4089-afe3-d52ad4ee3132" />
    <UnitTestResult executionId="6c22cd4b-d4bb-4011-acbc-b0547e3ff871" testId="d78121a3-7e42-2756-b14c-bd53312c1561" testName="Server.Tests.Network.PlayerPacketTests.TestServerChange(x: 100, y: 1000, z: 1, mapID: 0)" computerName="Z590P" duration="00:00:00.0003385" startTime="2025-11-09T10:00:22.7530309-05:00" endTime="2025-11-09T10:00:22.7530762-05:00" testType="13cdc9d9-ddb5-4fa4-a97d-d965ccfc6d4b" outcome="Passed" testListId="8c84fa94-04c1-424b-9868-57a2d4851a1d" relativeResultsDirectory="6c22cd4b-d4bb-4011-acbc-b0547e3ff871" />
    <UnitTestResult executionId="69d16271-c106-4d51-8968-836e74e6e3f9" testId="dcdaa0db-db69-24f6-01f6-358dff668d2d" testName="Server.Tests.Network.PlayerPacketTests.TestDisplayProfile(serial: 4096, header: &quot;This is a header&quot;, body: &quot;This is a body&quot;, footer: &quot;This is a footer&quot;)" computerName="Z590P" duration="00:00:00.0003303" startTime="2025-11-09T10:00:22.7485870-05:00" endTime="2025-11-09T10:00:22.7486303-05:00" testType="13cdc9d9-ddb5-4fa4-a97d-d965ccfc6d4b" outcome="Passed" testListId="8c84fa94-04c1-424b-9868-57a2d4851a1d" relativeResultsDirectory="69d16271-c106-4d51-8968-836e74e6e3f9" />
    <UnitTestResult executionId="efa81a6a-eb39-408a-ab59-18c0acc629fe" testId="656ae2e9-41a1-2d6b-4e9a-fe6b72d00df3" testName="Server.Tests.Buffers.ValueStringBuilderTests.TestAppendInt32(value: 9876)" computerName="Z590P" duration="00:00:00.0004530" startTime="2025-11-09T10:00:22.9137639-05:00" endTime="2025-11-09T10:00:22.9137968-05:00" testType="13cdc9d9-ddb5-4fa4-a97d-d965ccfc6d4b" outcome="Passed" testListId="8c84fa94-04c1-424b-9868-57a2d4851a1d" relativeResultsDirectory="efa81a6a-eb39-408a-ab59-18c0acc629fe" />
    <UnitTestResult executionId="d4cd226f-3f2c-4806-882d-273fc2bf12bd" testId="f36a39b1-a951-eda6-dce7-99a41dcabe0f" testName="Server.Tests.Tests.Maps.MapSelectionTests.TestCommaSeparatedList(flags: Felucca | Trammel, expected: &quot;Felucca, Trammel&quot;)" computerName="Z590P" duration="00:00:00.0033429" startTime="2025-11-09T10:00:21.5470938-05:00" endTime="2025-11-09T10:00:21.5499192-05:00" testType="13cdc9d9-ddb5-4fa4-a97d-d965ccfc6d4b" outcome="Passed" testListId="8c84fa94-04c1-424b-9868-57a2d4851a1d" relativeResultsDirectory="d4cd226f-3f2c-4806-882d-273fc2bf12bd" />
    <UnitTestResult executionId="e6f57c68-5159-4435-8ef8-dd6530d06df1" testId="87442dcb-c1ea-8729-0c19-d34e8ec9e042" testName="Server.Tests.TestStringHelpers.TestWrap(sentence: &quot;An Unnamed House&quot;, perLine: 10, maxLines: 6, customExpected: [])" computerName="Z590P" duration="00:00:00.0000067" startTime="2025-11-09T10:00:24.2753951-05:00" endTime="2025-11-09T10:00:24.2754315-05:00" testType="13cdc9d9-ddb5-4fa4-a97d-d965ccfc6d4b" outcome="Passed" testListId="8c84fa94-04c1-424b-9868-57a2d4851a1d" relativeResultsDirectory="e6f57c68-5159-4435-8ef8-dd6530d06df1" />
    <UnitTestResult executionId="1854d267-0f5e-4f1e-8d58-8eea834bdba3" testId="8e73e2ea-7b0f-0e74-7b39-bd9d70ddac7b" testName="Server.Tests.TestStringHelpers.TestCapitalize(original: &quot;this is not capitalized&quot;, capitalized: &quot;This Is Not Capitalized&quot;)" computerName="Z590P" duration="00:00:00.0000781" startTime="2025-11-09T10:00:24.2759773-05:00" endTime="2025-11-09T10:00:24.2760182-05:00" testType="13cdc9d9-ddb5-4fa4-a97d-d965ccfc6d4b" outcome="Passed" testListId="8c84fa94-04c1-424b-9868-57a2d4851a1d" relativeResultsDirectory="1854d267-0f5e-4f1e-8d58-8eea834bdba3" />
    <UnitTestResult executionId="67783e1a-7310-4e12-8b6e-5b926003de67" testId="73f3a58f-1ef6-eb2b-e2ba-de28d199ad32" testName="Server.Tests.Network.AccountPacketTests.TestChangeCharacter" computerName="Z590P" duration="00:00:00.0006826" startTime="2025-11-09T10:00:22.8979625-05:00" endTime="2025-11-09T10:00:22.8986434-05:00" testType="13cdc9d9-ddb5-4fa4-a97d-d965ccfc6d4b" outcome="Passed" testListId="8c84fa94-04c1-424b-9868-57a2d4851a1d" relativeResultsDirectory="67783e1a-7310-4e12-8b6e-5b926003de67" />
    <UnitTestResult executionId="37b08032-a5f1-4b69-9a9f-82cb34dfce59" testId="b84e32b6-5f2f-a2f4-3512-ba117ad5c264" testName="Server.Tests.Network.LightPacketTests.TestPersonalLightLevel" computerName="Z590P" duration="00:00:00.0805316" startTime="2025-11-09T10:00:21.5357561-05:00" endTime="2025-11-09T10:00:21.5966762-05:00" testType="13cdc9d9-ddb5-4fa4-a97d-d965ccfc6d4b" outcome="Passed" testListId="8c84fa94-04c1-424b-9868-57a2d4851a1d" relativeResultsDirectory="37b08032-a5f1-4b69-9a9f-82cb34dfce59" />
    <UnitTestResult executionId="c5398872-22d6-46cf-832e-c7c4e9de4c9a" testId="c2911f1f-b315-9789-6a78-1e970ce21cfc" testName="Server.Tests.Network.PlayerPacketTests.TestSeasonChange(season: 1, playSound: False)" computerName="Z590P" duration="00:00:00.0001826" startTime="2025-11-09T10:00:22.7506789-05:00" endTime="2025-11-09T10:00:22.7507226-05:00" testType="13cdc9d9-ddb5-4fa4-a97d-d965ccfc6d4b" outcome="Passed" testListId="8c84fa94-04c1-424b-9868-57a2d4851a1d" relativeResultsDirectory="c5398872-22d6-46cf-832e-c7c4e9de4c9a" />
    <UnitTestResult executionId="8848a550-6e3b-4f64-b90c-b1c658373d2c" testId="849c0655-c4ed-1c1e-e355-dae262de7699" testName="Server.Tests.HexStringConverterTest.TestGetBytes(input: &quot;ABCDEF1234&quot;, bytes: [171, 205, 239, 18, 52])" computerName="Z590P" duration="00:00:00.0130157" startTime="2025-11-09T10:00:21.5432384-05:00" endTime="2025-11-09T10:00:21.5548276-05:00" testType="13cdc9d9-ddb5-4fa4-a97d-d965ccfc6d4b" outcome="Passed" testListId="8c84fa94-04c1-424b-9868-57a2d4851a1d" relativeResultsDirectory="8848a550-6e3b-4f64-b90c-b1c658373d2c" />
    <UnitTestResult executionId="ad6b7734-6770-4043-b393-a11bfd84ba82" testId="5f425e5c-cfc8-d119-3a50-99560dfac508" testName="Server.Tests.TestStringHelpers.TestIsNullOrDefault(value: &quot;this is a valid string&quot;, defaultValue: &quot;default value&quot;, expected: &quot;this is a valid string&quot;)" computerName="Z590P" duration="00:00:00.0001383" startTime="2025-11-09T10:00:24.2717967-05:00" endTime="2025-11-09T10:00:24.2718331-05:00" testType="13cdc9d9-ddb5-4fa4-a97d-d965ccfc6d4b" outcome="Passed" testListId="8c84fa94-04c1-424b-9868-57a2d4851a1d" relativeResultsDirectory="ad6b7734-6770-4043-b393-a11bfd84ba82" />
    <UnitTestResult executionId="2bcb9b65-c268-4dfc-8663-3741198a9d3a" testId="f831d8b1-e04f-e5c8-f05f-6ada13c16dcf" testName="Server.Tests.Network.PlayerPacketTests.TestScrollMessage(type: 10, tip: 1, text: &quot;Some text&quot;)" computerName="Z590P" duration="00:00:00.0002046" startTime="2025-11-09T10:00:22.7504098-05:00" endTime="2025-11-09T10:00:22.7504507-05:00" testType="13cdc9d9-ddb5-4fa4-a97d-d965ccfc6d4b" outcome="Passed" testListId="8c84fa94-04c1-424b-9868-57a2d4851a1d" relativeResultsDirectory="2bcb9b65-c268-4dfc-8663-3741198a9d3a" />
    <UnitTestResult executionId="f44c346e-30e0-4b45-9be4-0811e0d2f4e4" testId="dcc77afd-2673-e317-4d9c-f27f7764a90c" testName="Server.Tests.Network.TargetPacketsTests.TestMultiTargetReq" computerName="Z590P" duration="00:00:00.0002883" startTime="2025-11-09T10:00:21.5999269-05:00" endTime="2025-11-09T10:00:21.6000099-05:00" testType="13cdc9d9-ddb5-4fa4-a97d-d965ccfc6d4b" outcome="Passed" testListId="8c84fa94-04c1-424b-9868-57a2d4851a1d" relativeResultsDirectory="f44c346e-30e0-4b45-9be4-0811e0d2f4e4" />
    <UnitTestResult executionId="3d26533b-fb2d-4e0e-94a5-9277683df25e" testId="4730ac2c-ec97-cc8d-ed83-ccce5feca8e6" testName="Server.Tests.Network.SecureTradePacketTests.TestDisplaySecureTrade(name: &quot;this is a really long name that is more than 30 ch&quot;···)" computerName="Z590P" duration="00:00:00.0005423" startTime="2025-11-09T10:00:22.7423057-05:00" endTime="2025-11-09T10:00:22.7427607-05:00" testType="13cdc9d9-ddb5-4fa4-a97d-d965ccfc6d4b" outcome="Passed" testListId="8c84fa94-04c1-424b-9868-57a2d4851a1d" relativeResultsDirectory="3d26533b-fb2d-4e0e-94a5-9277683df25e" />
    <UnitTestResult executionId="56dfb900-a7de-4185-b018-815eb2dd36fc" testId="b964ed35-90ca-9d06-58ce-b8580e9851f2" testName="Server.Tests.ContainerTests.TestFindItemsByTypeNotMatching(itemType: typeof(Server.Items.Container))" computerName="Z590P" duration="00:00:00.0002432" startTime="2025-11-09T10:00:24.6504831-05:00" endTime="2025-11-09T10:00:24.6507012-05:00" testType="13cdc9d9-ddb5-4fa4-a97d-d965ccfc6d4b" outcome="Passed" testListId="8c84fa94-04c1-424b-9868-57a2d4851a1d" relativeResultsDirectory="56dfb900-a7de-4185-b018-815eb2dd36fc" />
    <UnitTestResult executionId="4c6cf031-612c-4edb-b9ca-78ac924ef496" testId="d3272543-201e-35e4-036b-323e443c20d1" testName="Server.Tests.TextDefinitionTests.TestTextDefinitionIsEqual(a1: 10345, a2: &quot;&quot;, b1: 0, b2: &quot;Hello&quot;, isEqual: False)" computerName="Z590P" duration="00:00:00.0000045" startTime="2025-11-09T10:00:21.5384404-05:00" endTime="2025-11-09T10:00:21.5384830-05:00" testType="13cdc9d9-ddb5-4fa4-a97d-d965ccfc6d4b" outcome="Passed" testListId="8c84fa94-04c1-424b-9868-57a2d4851a1d" relativeResultsDirectory="4c6cf031-612c-4edb-b9ca-78ac924ef496" />
    <UnitTestResult executionId="f10d895b-939a-4e82-a06e-b0c3ef25e978" testId="31c80082-65c1-0b64-cfa2-693e478b78d1" testName="Server.Tests.SerialTests.TestSerialTryFormatCustom" computerName="Z590P" duration="00:00:00.0003799" startTime="2025-11-09T10:00:21.5450707-05:00" endTime="2025-11-09T10:00:21.5474039-05:00" testType="13cdc9d9-ddb5-4fa4-a97d-d965ccfc6d4b" outcome="Passed" testListId="8c84fa94-04c1-424b-9868-57a2d4851a1d" relativeResultsDirectory="f10d895b-939a-4e82-a06e-b0c3ef25e978" />
    <UnitTestResult executionId="95076d3a-a697-4aae-a9d4-6e921fe98b31" testId="d3566070-fab0-6377-700c-2bfd96e2269a" testName="Server.Tests.TestStringHelpers.TestCapitalize(original: &quot;&quot;, capitalized: &quot;&quot;)" computerName="Z590P" duration="00:00:00.0000008" startTime="2025-11-09T10:00:24.2762077-05:00" endTime="2025-11-09T10:00:24.2762436-05:00" testType="13cdc9d9-ddb5-4fa4-a97d-d965ccfc6d4b" outcome="Passed" testListId="8c84fa94-04c1-424b-9868-57a2d4851a1d" relativeResultsDirectory="95076d3a-a697-4aae-a9d4-6e921fe98b31" />
    <UnitTestResult executionId="d8e3697f-bc16-480b-bf1a-6bb4cb76c76a" testId="1abdb0ef-580e-9945-c2ad-112938f3fd6a" testName="Server.Tests.Network.SecureTradePacketTests.TestSecureTradeEquip" computerName="Z590P" duration="00:00:00.0002513" startTime="2025-11-09T10:00:22.7444340-05:00" endTime="2025-11-09T10:00:22.7444705-05:00" testType="13cdc9d9-ddb5-4fa4-a97d-d965ccfc6d4b" outcome="Passed" testListId="8c84fa94-04c1-424b-9868-57a2d4851a1d" relativeResultsDirectory="d8e3697f-bc16-480b-bf1a-6bb4cb76c76a" />
    <UnitTestResult executionId="51340ba4-7953-4a6c-a8be-6941537510cb" testId="42a6c35d-b6f8-a951-cdce-98653c44cd53" testName="Server.Tests.TimerTests.TestVariousTimes(ticks: 80, expectedTicks: 80)" computerName="Z590P" duration="00:00:00.0000047" startTime="2025-11-09T10:00:24.6182393-05:00" endTime="2025-11-09T10:00:24.6182532-05:00" testType="13cdc9d9-ddb5-4fa4-a97d-d965ccfc6d4b" outcome="Passed" testListId="8c84fa94-04c1-424b-9868-57a2d4851a1d" relativeResultsDirectory="51340ba4-7953-4a6c-a8be-6941537510cb" />
    <UnitTestResult executionId="9e3444ef-34ca-4879-85ea-88c888f1bfe5" testId="72bce8d7-5eed-e02a-3905-dd3e145d8855" testName="Server.Tests.Network.ContainerPacketTests.TestContainerContentUpdate" computerName="Z590P" duration="00:00:00.0003498" startTime="2025-11-09T10:00:22.8901452-05:00" endTime="2025-11-09T10:00:22.8901857-05:00" testType="13cdc9d9-ddb5-4fa4-a97d-d965ccfc6d4b" outcome="Passed" testListId="8c84fa94-04c1-424b-9868-57a2d4851a1d" relativeResultsDirectory="9e3444ef-34ca-4879-85ea-88c888f1bfe5" />
    <UnitTestResult executionId="99e0cd70-1f2a-4934-8f26-cce9dc395e35" testId="d4e6f203-ee4b-e709-2f3d-0af396c30e2f" testName="Server.Tests.Network.PlayerPacketTests.TestDisplayProfile(serial: 4096, header: null, body: null, footer: null)" computerName="Z590P" duration="00:00:00.0001793" startTime="2025-11-09T10:00:22.7487075-05:00" endTime="2025-11-09T10:00:22.7487512-05:00" testType="13cdc9d9-ddb5-4fa4-a97d-d965ccfc6d4b" outcome="Passed" testListId="8c84fa94-04c1-424b-9868-57a2d4851a1d" relativeResultsDirectory="99e0cd70-1f2a-4934-8f26-cce9dc395e35" />
    <UnitTestResult executionId="b252161e-d27e-4d78-bf2d-018ec92715ee" testId="e532e3a9-baad-62bd-b1e5-6f7f381c8dc5" testName="Server.Tests.ActivatorExtensionsTests.TestZeroParamsActivator" computerName="Z590P" duration="00:00:00.0001519" startTime="2025-11-09T10:00:21.5480580-05:00" endTime="2025-11-09T10:00:21.5481220-05:00" testType="13cdc9d9-ddb5-4fa4-a97d-d965ccfc6d4b" outcome="Passed" testListId="8c84fa94-04c1-424b-9868-57a2d4851a1d" relativeResultsDirectory="b252161e-d27e-4d78-bf2d-018ec92715ee" />
    <UnitTestResult executionId="4c8907fa-090a-4a38-aac8-2835a5e2df8b" testId="143ea490-9427-18db-cda6-55bf60eb4089" testName="Server.Tests.Network.PlayerPacketTests.TestSequence(num: 0)" computerName="Z590P" duration="00:00:00.0002408" startTime="2025-11-09T10:00:22.7488575-05:00" endTime="2025-11-09T10:00:22.7488993-05:00" testType="13cdc9d9-ddb5-4fa4-a97d-d965ccfc6d4b" outcome="Passed" testListId="8c84fa94-04c1-424b-9868-57a2d4851a1d" relativeResultsDirectory="4c8907fa-090a-4a38-aac8-2835a5e2df8b" />
    <UnitTestResult executionId="e4aed954-d2b5-4964-b376-076bdb976d5c" testId="38fef06a-df26-0422-1a55-ec6d8bbc8536" testName="Server.Tests.Tests.Maps.MapSelectionTests.TestCommaSeparatedList(flags: Felucca, expected: &quot;Felucca&quot;)" computerName="Z590P" duration="00:00:00.0001354" startTime="2025-11-09T10:00:21.5500519-05:00" endTime="2025-11-09T10:00:21.5534604-05:00" testType="13cdc9d9-ddb5-4fa4-a97d-d965ccfc6d4b" outcome="Passed" testListId="8c84fa94-04c1-424b-9868-57a2d4851a1d" relativeResultsDirectory="e4aed954-d2b5-4964-b376-076bdb976d5c" />
    <UnitTestResult executionId="c12ba8eb-900d-4af3-9fce-f5470924e49f" testId="51b3bdfe-37b0-573a-c0a6-34682db350ae" testName="Server.Tests.Network.MobilePacketTests.TestMobileIncoming(changes: Version6000, hairItemId: 0, hairHue: 0, facialHairItemId: 0, facialHairHue: 0)" computerName="Z590P" duration="00:00:00.0000963" startTime="2025-11-09T10:00:22.7657787-05:00" endTime="2025-11-09T10:00:22.7658178-05:00" testType="13cdc9d9-ddb5-4fa4-a97d-d965ccfc6d4b" outcome="Passed" testListId="8c84fa94-04c1-424b-9868-57a2d4851a1d" relativeResultsDirectory="c12ba8eb-900d-4af3-9fce-f5470924e49f" />
    <UnitTestResult executionId="82ce510f-4fce-48b3-9186-cc6eaae8d2d5" testId="75773540-d51c-3db5-0110-6f38b1dc4c81" testName="Server.Tests.TestStringHelpers.TestCapitalize(original: &quot;harry the fireman&quot;, capitalized: &quot;Harry the Fireman&quot;)" computerName="Z590P" duration="00:00:00.0002489" startTime="2025-11-09T10:00:24.2756296-05:00" endTime="2025-11-09T10:00:24.2756669-05:00" testType="13cdc9d9-ddb5-4fa4-a97d-d965ccfc6d4b" outcome="Passed" testListId="8c84fa94-04c1-424b-9868-57a2d4851a1d" relativeResultsDirectory="82ce510f-4fce-48b3-9186-cc6eaae8d2d5" />
    <UnitTestResult executionId="e5b41051-db49-43ca-901d-3070f048eefc" testId="79c0a14c-a21b-2f46-d37e-fef1229e4d7e" testName="Server.Tests.Tests.Buffers.STArrayPoolTests.ValidMinimumLengths(requestedLength: 120, expectedLength: 128)" computerName="Z590P" duration="00:00:00.0000016" startTime="2025-11-09T10:00:22.9132807-05:00" endTime="2025-11-09T10:00:22.9133146-05:00" testType="13cdc9d9-ddb5-4fa4-a97d-d965ccfc6d4b" outcome="Passed" testListId="8c84fa94-04c1-424b-9868-57a2d4851a1d" relativeResultsDirectory="e5b41051-db49-43ca-901d-3070f048eefc" />
    <UnitTestResult executionId="d4c8b541-536e-4eaa-87dd-900898761e4e" testId="88a79e7f-cfb2-9983-a771-d110025289db" testName="Server.Tests.FirewallTests.Firewall_CacheHandlesMultipleUpdates" computerName="Z590P" duration="00:00:00.0002647" startTime="2025-11-09T10:00:21.5545545-05:00" endTime="2025-11-09T10:00:21.5545976-05:00" testType="13cdc9d9-ddb5-4fa4-a97d-d965ccfc6d4b" outcome="Passed" testListId="8c84fa94-04c1-424b-9868-57a2d4851a1d" relativeResultsDirectory="d4c8b541-536e-4eaa-87dd-900898761e4e" />
    <UnitTestResult executionId="039a7c6e-0625-44e9-a3b1-308005443061" testId="56c09661-1388-318e-c64f-4995be204845" testName="Server.Tests.ValueLinkListTests.TestAddingElementsFirst" computerName="Z590P" duration="00:00:00.0002695" startTime="2025-11-09T10:00:21.5391792-05:00" endTime="2025-11-09T10:00:21.5392350-05:00" testType="13cdc9d9-ddb5-4fa4-a97d-d965ccfc6d4b" outcome="Passed" testListId="8c84fa94-04c1-424b-9868-57a2d4851a1d" relativeResultsDirectory="039a7c6e-0625-44e9-a3b1-308005443061" />
    <UnitTestResult executionId="9698b07f-ec12-447f-8fcf-44310c5d0b67" testId="b8fcc5b1-5deb-09ac-85b7-8554e177c8b9" testName="Server.Tests.Network.MapPatchesTests.TestMapPatches" computerName="Z590P" duration="00:00:00.0023879" startTime="2025-11-09T10:00:22.8242074-05:00" endTime="2025-11-09T10:00:22.8259504-05:00" testType="13cdc9d9-ddb5-4fa4-a97d-d965ccfc6d4b" outcome="Passed" testListId="8c84fa94-04c1-424b-9868-57a2d4851a1d" relativeResultsDirectory="9698b07f-ec12-447f-8fcf-44310c5d0b67" />
    <UnitTestResult executionId="e61b70f2-07b7-489c-b941-9fb09551839f" testId="b35478b1-a9bb-9e75-635b-6b26ca5957b2" testName="Server.Tests.Network.MobilePacketTests.TestMobileName(name: &quot;Kamron&quot;)" computerName="Z590P" duration="00:00:00.0001719" startTime="2025-11-09T10:00:22.8063558-05:00" endTime="2025-11-09T10:00:22.8064366-05:00" testType="13cdc9d9-ddb5-4fa4-a97d-d965ccfc6d4b" outcome="Passed" testListId="8c84fa94-04c1-424b-9868-57a2d4851a1d" relativeResultsDirectory="e61b70f2-07b7-489c-b941-9fb09551839f" />
    <UnitTestResult executionId="f786237d-b5b2-46ba-83e9-ae3345fd9124" testId="af793295-367d-767a-d32d-8b83e1890740" testName="Server.Tests.Network.PlayerPacketTests.TestScrollMessage(type: 100, tip: 10, text: &quot;Some more text&quot;)" computerName="Z590P" duration="00:00:00.0002969" startTime="2025-11-09T10:00:22.7501515-05:00" endTime="2025-11-09T10:00:22.7501987-05:00" testType="13cdc9d9-ddb5-4fa4-a97d-d965ccfc6d4b" outcome="Passed" testListId="8c84fa94-04c1-424b-9868-57a2d4851a1d" relativeResultsDirectory="f786237d-b5b2-46ba-83e9-ae3345fd9124" />
    <UnitTestResult executionId="8688f95e-a8fc-4c80-89ee-03710cec915e" testId="80d87171-5184-a9a6-5a65-402cbc7fbb88" testName="Server.Tests.Rectangle2DTests.TestRectangle2DTryParse" computerName="Z590P" duration="00:00:00.0170257" startTime="2025-11-09T10:00:21.5098297-05:00" endTime="2025-11-09T10:00:21.5137280-05:00" testType="13cdc9d9-ddb5-4fa4-a97d-d965ccfc6d4b" outcome="Passed" testListId="8c84fa94-04c1-424b-9868-57a2d4851a1d" relativeResultsDirectory="8688f95e-a8fc-4c80-89ee-03710cec915e" />
    <UnitTestResult executionId="5ce199ea-0c4e-4e47-ac51-21309be0a6c8" testId="aebb053a-449b-35de-61d5-582229c5c600" testName="Server.Tests.IPAddressTests.TestIPvCIDR(cidr: &quot;::ffff:192.168.100.254&quot;, addr: &quot;192.168.50.1&quot;, cidrLength: 104, shouldMatch: True)" computerName="Z590P" duration="00:00:00.0000347" startTime="2025-11-09T10:00:21.5271210-05:00" endTime="2025-11-09T10:00:21.5286020-05:00" testType="13cdc9d9-ddb5-4fa4-a97d-d965ccfc6d4b" outcome="Passed" testListId="8c84fa94-04c1-424b-9868-57a2d4851a1d" relativeResultsDirectory="5ce199ea-0c4e-4e47-ac51-21309be0a6c8" />
    <UnitTestResult executionId="74f69147-20ff-43c7-9e3a-5fc242d72364" testId="cf512cbb-9b8c-7916-2678-4627f7b6d4cd" testName="Server.Tests.ContainerTests.TestFindItemsByType(itemType: typeof(Server.Item))" computerName="Z590P" duration="00:00:00.0002607" startTime="2025-11-09T10:00:24.6510083-05:00" endTime="2025-11-09T10:00:24.6510988-05:00" testType="13cdc9d9-ddb5-4fa4-a97d-d965ccfc6d4b" outcome="Passed" testListId="8c84fa94-04c1-424b-9868-57a2d4851a1d" relativeResultsDirectory="74f69147-20ff-43c7-9e3a-5fc242d72364" />
    <UnitTestResult executionId="3e573dc1-e2b2-45a2-93c1-c8ffa80d057e" testId="f7550511-124a-167f-aaca-d8b0d8f687bb" testName="Server.Tests.Network.PlayerPacketTests.TestSeasonChange(season: 2, playSound: True)" computerName="Z590P" duration="00:00:00.0002741" startTime="2025-11-09T10:00:22.7505623-05:00" endTime="2025-11-09T10:00:22.7506037-05:00" testType="13cdc9d9-ddb5-4fa4-a97d-d965ccfc6d4b" outcome="Passed" testListId="8c84fa94-04c1-424b-9868-57a2d4851a1d" relativeResultsDirectory="3e573dc1-e2b2-45a2-93c1-c8ffa80d057e" />
    <UnitTestResult executionId="e5002edd-37bf-462a-8381-a2ea19462ddd" testId="13705ec3-6c3a-e744-bd9c-55bc4bd116b6" testName="Server.Tests.EnumConversionTests.TestToEnum" computerName="Z590P" duration="00:00:00.0164843" startTime="2025-11-09T10:00:21.5098098-05:00" endTime="2025-11-09T10:00:21.5162457-05:00" testType="13cdc9d9-ddb5-4fa4-a97d-d965ccfc6d4b" outcome="Passed" testListId="8c84fa94-04c1-424b-9868-57a2d4851a1d" relativeResultsDirectory="e5002edd-37bf-462a-8381-a2ea19462ddd" />
    <UnitTestResult executionId="0c7f7067-dd07-4728-bb82-94e8f14f711e" testId="1c3a1c09-ec33-7bbb-6dc5-8f92d7a5f7fd" testName="Server.Tests.TextDefinitionTests.TestTextDefinitionIsEqual(a1: 10345, a2: &quot;Hello&quot;, b1: 10510, b2: &quot;Hello&quot;, isEqual: False)" computerName="Z590P" duration="00:00:00.0002031" startTime="2025-11-09T10:00:21.5374405-05:00" endTime="2025-11-09T10:00:21.5374824-05:00" testType="13cdc9d9-ddb5-4fa4-a97d-d965ccfc6d4b" outcome="Passed" testListId="8c84fa94-04c1-424b-9868-57a2d4851a1d" relativeResultsDirectory="0c7f7067-dd07-4728-bb82-94e8f14f711e" />
    <UnitTestResult executionId="75f80639-f48e-47f7-a70c-ae3de300cbda" testId="29da224e-2813-40ad-3a77-ce92071688a3" testName="Server.Tests.Point2DTests.TestPoint2DTryFormatSucceeds" computerName="Z590P" duration="00:00:00.0001806" startTime="2025-11-09T10:00:21.5446779-05:00" endTime="2025-11-09T10:00:21.5454668-05:00" testType="13cdc9d9-ddb5-4fa4-a97d-d965ccfc6d4b" outcome="Passed" testListId="8c84fa94-04c1-424b-9868-57a2d4851a1d" relativeResultsDirectory="75f80639-f48e-47f7-a70c-ae3de300cbda" />
    <UnitTestResult executionId="87de383a-c244-4005-b828-5ed22a4f9729" testId="9a0481bf-4931-16dd-3f58-bc018df379d0" testName="Server.Tests.TestStringHelpers.TestWrap(sentence: &quot;this is a sentence that will probably wrap around &quot;···, perLine: 10, maxLines: 6, customExpected: [])" computerName="Z590P" duration="00:00:00.0001817" startTime="2025-11-09T10:00:24.2750554-05:00" endTime="2025-11-09T10:00:24.2752026-05:00" testType="13cdc9d9-ddb5-4fa4-a97d-d965ccfc6d4b" outcome="Passed" testListId="8c84fa94-04c1-424b-9868-57a2d4851a1d" relativeResultsDirectory="87de383a-c244-4005-b828-5ed22a4f9729" />
    <UnitTestResult executionId="ebdc058e-fe4c-4dee-9f27-346a7a2c2a96" testId="afec3ecf-f1ef-ba40-e76d-f5005b85ae44" testName="Server.Tests.ValueLinkListTests.TestAddingRangeElementsLast" computerName="Z590P" duration="00:00:00.0006891" startTime="2025-11-09T10:00:21.5394076-05:00" endTime="2025-11-09T10:00:21.5394736-05:00" testType="13cdc9d9-ddb5-4fa4-a97d-d965ccfc6d4b" outcome="Passed" testListId="8c84fa94-04c1-424b-9868-57a2d4851a1d" relativeResultsDirectory="ebdc058e-fe4c-4dee-9f27-346a7a2c2a96" />
    <UnitTestResult executionId="63f18652-375a-4d19-b6c1-a0f52774ddd9" testId="ad1d7575-fdce-d1c2-fe5b-5d8f43a48224" testName="Server.Tests.Network.ItemPacketTests.TestWorldItemHSPacket" computerName="Z590P" duration="00:00:00.0003747" startTime="2025-11-09T10:00:22.8299242-05:00" endTime="2025-11-09T10:00:22.8302399-05:00" testType="13cdc9d9-ddb5-4fa4-a97d-d965ccfc6d4b" outcome="Passed" testListId="8c84fa94-04c1-424b-9868-57a2d4851a1d" relativeResultsDirectory="63f18652-375a-4d19-b6c1-a0f52774ddd9" />
    <UnitTestResult executionId="c44689de-6f2f-4be4-962f-6f7a7aeb3a50" testId="032fad2c-3e39-dadd-382e-8652a3c6af9c" testName="Server.Tests.Network.VendorBuyPacketTests.TestEndVendorBuy" computerName="Z590P" duration="00:00:00.0002228" startTime="2025-11-09T10:00:22.7403876-05:00" endTime="2025-11-09T10:00:22.7404234-05:00" testType="13cdc9d9-ddb5-4fa4-a97d-d965ccfc6d4b" outcome="Passed" testListId="8c84fa94-04c1-424b-9868-57a2d4851a1d" relativeResultsDirectory="c44689de-6f2f-4be4-962f-6f7a7aeb3a50" />
    <UnitTestResult executionId="62e5790c-49c5-42ae-b3ec-f2832920a560" testId="b8f53cb0-69aa-698b-0ca3-ccfd3aa02719" testName="Server.Tests.Network.EquipmentPacketTests.TestDisplayEquipmentInfo(name: &quot;Some Crafter&quot;, unidentified: False)" computerName="Z590P" duration="00:00:00.0009445" startTime="2025-11-09T10:00:22.8806906-05:00" endTime="2025-11-09T10:00:22.8807543-05:00" testType="13cdc9d9-ddb5-4fa4-a97d-d965ccfc6d4b" outcome="Passed" testListId="8c84fa94-04c1-424b-9868-57a2d4851a1d" relativeResultsDirectory="62e5790c-49c5-42ae-b3ec-f2832920a560" />
    <UnitTestResult executionId="811b54c0-4f99-415c-8363-2e6fc92ac178" testId="c6ebc02d-c526-408b-356c-b968199b70cd" testName="Server.Tests.FirewallEntryTests.TestCidrPatternIpFirewallEntry(cidr: &quot;2001:4860:4860::8888/32&quot;, startIp: &quot;2001:4860:0000:0000:0000:0000:0000:0000&quot;, endIp: &quot;2001:4860:FFFF:FFFF:FFFF:FFFF:FFFF:FFFF&quot;)" computerName="Z590P" duration="00:00:00.0000097" startTime="2025-11-09T10:00:21.5410129-05:00" endTime="2025-11-09T10:00:21.5410820-05:00" testType="13cdc9d9-ddb5-4fa4-a97d-d965ccfc6d4b" outcome="Passed" testListId="8c84fa94-04c1-424b-9868-57a2d4851a1d" relativeResultsDirectory="811b54c0-4f99-415c-8363-2e6fc92ac178" />
    <UnitTestResult executionId="289ea5ec-4ff9-4669-85d2-14ce34916c83" testId="28fa66bb-7909-eabb-a256-0c015e9aedfb" testName="Server.Tests.Rectangle2DTests.TestRectangle2DTryFormatFails" computerName="Z590P" duration="00:00:00.0002593" startTime="2025-11-09T10:00:21.5448058-05:00" endTime="2025-11-09T10:00:21.5465937-05:00" testType="13cdc9d9-ddb5-4fa4-a97d-d965ccfc6d4b" outcome="Passed" testListId="8c84fa94-04c1-424b-9868-57a2d4851a1d" relativeResultsDirectory="289ea5ec-4ff9-4669-85d2-14ce34916c83" />
    <UnitTestResult executionId="074d664a-c7b6-493e-8a0e-91697efa489a" testId="22fe9985-dd05-8daf-53b6-e0e61a255d4a" testName="Server.Tests.Network.MobilePacketTests.TestMobileHitsN" computerName="Z590P" duration="00:00:00.0002051" startTime="2025-11-09T10:00:22.8161719-05:00" endTime="2025-11-09T10:00:22.8162943-05:00" testType="13cdc9d9-ddb5-4fa4-a97d-d965ccfc6d4b" outcome="Passed" testListId="8c84fa94-04c1-424b-9868-57a2d4851a1d" relativeResultsDirectory="074d664a-c7b6-493e-8a0e-91697efa489a" />
    <UnitTestResult executionId="989a4b03-55f3-43b4-85da-495e7c7dbb83" testId="2bc92101-803f-122f-0049-e90f3b2f1e24" testName="Server.Tests.Network.SecureTradePacketTests.TestUpdateGoldSecureTrade(gold: 100000, plat: 30, flag: UpdateGold)" computerName="Z590P" duration="00:00:00.0003037" startTime="2025-11-09T10:00:22.7430494-05:00" endTime="2025-11-09T10:00:22.7432882-05:00" testType="13cdc9d9-ddb5-4fa4-a97d-d965ccfc6d4b" outcome="Passed" testListId="8c84fa94-04c1-424b-9868-57a2d4851a1d" relativeResultsDirectory="989a4b03-55f3-43b4-85da-495e7c7dbb83" />
    <UnitTestResult executionId="c4fa60ad-810f-4f02-9f61-f45f6e8599d9" testId="cb27e01c-3b08-98f5-3606-1795d066c015" testName="Server.Tests.Network.EquipmentPacketTests.TestDisplayEquipmentInfo(name: null, unidentified: False)" computerName="Z590P" duration="00:00:00.0004063" startTime="2025-11-09T10:00:22.8808952-05:00" endTime="2025-11-09T10:00:22.8810133-05:00" testType="13cdc9d9-ddb5-4fa4-a97d-d965ccfc6d4b" outcome="Passed" testListId="8c84fa94-04c1-424b-9868-57a2d4851a1d" relativeResultsDirectory="c4fa60ad-810f-4f02-9f61-f45f6e8599d9" />
    <UnitTestResult executionId="df1fa26a-826e-48ef-aceb-f51b7e53b429" testId="262366ff-634b-4448-3282-9437ed43ecfd" testName="Server.Tests.Buffers.ValueStringBuilderTests.TestAppendInterpolation(value: -30.600000000000001)" computerName="Z590P" duration="00:00:00.0000204" startTime="2025-11-09T10:00:22.9155908-05:00" endTime="2025-11-09T10:00:22.9156230-05:00" testType="13cdc9d9-ddb5-4fa4-a97d-d965ccfc6d4b" outcome="Passed" testListId="8c84fa94-04c1-424b-9868-57a2d4851a1d" relativeResultsDirectory="df1fa26a-826e-48ef-aceb-f51b7e53b429" />
    <UnitTestResult executionId="6b148b3a-c2d1-4e0c-949b-d0fa18303367" testId="a70fba17-9357-762c-5a1f-ea0d72ae961f" testName="Server.Tests.SpanWriterTests.TestSpanWriterOnlyStackAlloc" computerName="Z590P" duration="00:00:00.0005561" startTime="2025-11-09T10:00:21.5490235-05:00" endTime="2025-11-09T10:00:21.5491001-05:00" testType="13cdc9d9-ddb5-4fa4-a97d-d965ccfc6d4b" outcome="Passed" testListId="8c84fa94-04c1-424b-9868-57a2d4851a1d" relativeResultsDirectory="6b148b3a-c2d1-4e0c-949b-d0fa18303367" />
    <UnitTestResult executionId="a6f808e5-277a-4bbf-a8ab-2615c2331ab2" testId="698a1162-1f76-515d-b4e4-5ed4753b415f" testName="Server.Tests.IPAddressTests.TestIPAddressToUInt128(ipString: &quot;::ffff:192.168.1.1&quot;, upper: 0, lower: 281473913979137)" computerName="Z590P" duration="00:00:00.0025277" startTime="2025-11-09T10:00:21.5330759-05:00" endTime="2025-11-09T10:00:21.5360495-05:00" testType="13cdc9d9-ddb5-4fa4-a97d-d965ccfc6d4b" outcome="Passed" testListId="8c84fa94-04c1-424b-9868-57a2d4851a1d" relativeResultsDirectory="a6f808e5-277a-4bbf-a8ab-2615c2331ab2" />
    <UnitTestResult executionId="2463c703-f71a-462d-a722-957aa093f5ec" testId="b98ca862-86c6-b759-c791-21b8ad99fa30" testName="Server.Tests.Network.EffectPackets.TestBoltEffect" computerName="Z590P" duration="00:00:00.0009008" startTime="2025-11-09T10:00:21.5999708-05:00" endTime="2025-11-09T10:00:21.6003977-05:00" testType="13cdc9d9-ddb5-4fa4-a97d-d965ccfc6d4b" outcome="Passed" testListId="8c84fa94-04c1-424b-9868-57a2d4851a1d" relativeResultsDirectory="2463c703-f71a-462d-a722-957aa093f5ec" />
    <UnitTestResult executionId="a67afebe-c11b-4d6a-9e33-331e50e2c901" testId="abae6b91-f37b-adbe-b6f8-b48218d6b944" testName="Server.Tests.Network.MobilePacketTests.TestNewMobileAnimation(action: 200, frameCount: 5, delay: 5)" computerName="Z590P" duration="00:00:00.0002067" startTime="2025-11-09T10:00:22.7687503-05:00" endTime="2025-11-09T10:00:22.7688723-05:00" testType="13cdc9d9-ddb5-4fa4-a97d-d965ccfc6d4b" outcome="Passed" testListId="8c84fa94-04c1-424b-9868-57a2d4851a1d" relativeResultsDirectory="a67afebe-c11b-4d6a-9e33-331e50e2c901" />
    <UnitTestResult executionId="63857a23-e906-45c5-81d8-b2c5db0735f9" testId="9ebbbaa4-1aae-8940-7930-8028a5fbbd22" testName="Server.Tests.IPAddressTests.TestIPvCIDR(cidr: &quot;192.168.50.4&quot;, addr: &quot;192.168.50.9&quot;, cidrLength: 30, shouldMatch: False)" computerName="Z590P" duration="00:00:00.0000056" startTime="2025-11-09T10:00:21.5319966-05:00" endTime="2025-11-09T10:00:21.5322751-05:00" testType="13cdc9d9-ddb5-4fa4-a97d-d965ccfc6d4b" outcome="Passed" testListId="8c84fa94-04c1-424b-9868-57a2d4851a1d" relativeResultsDirectory="63857a23-e906-45c5-81d8-b2c5db0735f9" />
    <UnitTestResult executionId="83ade7aa-c5e4-4e92-9764-c6ca9312999a" testId="6058445f-6ae3-8bdb-5c7c-a9bf5e636604" testName="Server.Tests.TimerTests.TestVariousTimes(ticks: 65, expectedTicks: 72)" computerName="Z590P" duration="00:00:00.0000172" startTime="2025-11-09T10:00:24.6182019-05:00" endTime="2025-11-09T10:00:24.6182147-05:00" testType="13cdc9d9-ddb5-4fa4-a97d-d965ccfc6d4b" outcome="Passed" testListId="8c84fa94-04c1-424b-9868-57a2d4851a1d" relativeResultsDirectory="83ade7aa-c5e4-4e92-9764-c6ca9312999a" />
    <UnitTestResult executionId="d5bb7868-3d48-4558-9c03-e0d8f40e27b9" testId="58e08a43-48ce-c06a-c058-5ff397369998" testName="Server.Tests.FirewallTests.Firewall_StopsBlockingIPAddress_WhenRemoved" computerName="Z590P" duration="00:00:00.0000874" startTime="2025-11-09T10:00:21.5546996-05:00" endTime="2025-11-09T10:00:21.5547421-05:00" testType="13cdc9d9-ddb5-4fa4-a97d-d965ccfc6d4b" outcome="Passed" testListId="8c84fa94-04c1-424b-9868-57a2d4851a1d" relativeResultsDirectory="d5bb7868-3d48-4558-9c03-e0d8f40e27b9" />
    <UnitTestResult executionId="e67dc573-1841-4f19-a1b2-393acc117c0a" testId="09b356c1-d4b6-96c3-799d-1aeb67e6c4c9" testName="Server.Tests.TestStringHelpers.TestWrap(sentence: &quot;Bald's Shop&quot;, perLine: 10, maxLines: 6, customExpected: [])" computerName="Z590P" duration="00:00:00.0000113" startTime="2025-11-09T10:00:24.2752866-05:00" endTime="2025-11-09T10:00:24.2753278-05:00" testType="13cdc9d9-ddb5-4fa4-a97d-d965ccfc6d4b" outcome="Passed" testListId="8c84fa94-04c1-424b-9868-57a2d4851a1d" relativeResultsDirectory="e67dc573-1841-4f19-a1b2-393acc117c0a" />
    <UnitTestResult executionId="c8398210-c68c-4b36-8174-6c61c732ce74" testId="858552dc-4bd8-08b3-13c9-13e277db4ec1" testName="Server.Tests.IPAddressTests.TestIPvCIDR(cidr: &quot;192.168.50.4&quot;, addr: &quot;192.168.50.7&quot;, cidrLength: 30, shouldMatch: True)" computerName="Z590P" duration="00:00:00.0000051" startTime="2025-11-09T10:00:21.5293276-05:00" endTime="2025-11-09T10:00:21.5293734-05:00" testType="13cdc9d9-ddb5-4fa4-a97d-d965ccfc6d4b" outcome="Passed" testListId="8c84fa94-04c1-424b-9868-57a2d4851a1d" relativeResultsDirectory="c8398210-c68c-4b36-8174-6c61c732ce74" />
    <UnitTestResult executionId="1348ffc8-60a8-4758-bca1-83ed9164da3f" testId="eedddcd2-f3ca-756b-10f0-fbdb80488f5d" testName="Server.Tests.Network.AccountPacketTests.TestCharacterList70130" computerName="Z590P" duration="00:00:00.0005815" startTime="2025-11-09T10:00:22.8932909-05:00" endTime="2025-11-09T10:00:22.8937118-05:00" testType="13cdc9d9-ddb5-4fa4-a97d-d965ccfc6d4b" outcome="Passed" testListId="8c84fa94-04c1-424b-9868-57a2d4851a1d" relativeResultsDirectory="1348ffc8-60a8-4758-bca1-83ed9164da3f" />
    <UnitTestResult executionId="3aa57f7f-709d-44b5-8531-68e2cb700def" testId="1d2e63f1-71eb-ef48-f883-6d24a90286bf" testName="Server.Tests.Network.ContainerPacketTests.TestSpellbookContent6017" computerName="Z590P" duration="00:00:00.0003149" startTime="2025-11-09T10:00:22.8865564-05:00" endTime="2025-11-09T10:00:22.8867522-05:00" testType="13cdc9d9-ddb5-4fa4-a97d-d965ccfc6d4b" outcome="Passed" testListId="8c84fa94-04c1-424b-9868-57a2d4851a1d" relativeResultsDirectory="3aa57f7f-709d-44b5-8531-68e2cb700def" />
    <UnitTestResult executionId="583e86ba-a140-43bb-8446-492f2e4d4a67" testId="5b44bfdb-4530-12f1-67a9-00f91194d470" testName="Server.Tests.Network.PlayerPacketTests.TestStatLockInfo(str: Down, intel: Up, dex: Locked)" computerName="Z590P" duration="00:00:00.0005212" startTime="2025-11-09T10:00:22.7499516-05:00" endTime="2025-11-09T10:00:22.7500087-05:00" testType="13cdc9d9-ddb5-4fa4-a97d-d965ccfc6d4b" outcome="Passed" testListId="8c84fa94-04c1-424b-9868-57a2d4851a1d" relativeResultsDirectory="583e86ba-a140-43bb-8446-492f2e4d4a67" />
    <UnitTestResult executionId="2e91bac7-6775-4a51-88f1-2972c54725d6" testId="8b357cdc-22a8-53f0-e9a2-78f86ab136f8" testName="Server.Tests.FirewallEntryTests.TestCidrPatternIpFirewallEntry(cidr: &quot;192.168.1.1/24&quot;, startIp: &quot;192.168.1.0&quot;, endIp: &quot;192.168.1.255&quot;)" computerName="Z590P" duration="00:00:00.0000041" startTime="2025-11-09T10:00:21.5413698-05:00" endTime="2025-11-09T10:00:21.5414357-05:00" testType="13cdc9d9-ddb5-4fa4-a97d-d965ccfc6d4b" outcome="Passed" testListId="8c84fa94-04c1-424b-9868-57a2d4851a1d" relativeResultsDirectory="2e91bac7-6775-4a51-88f1-2972c54725d6" />
    <UnitTestResult executionId="61a9439f-5869-419a-a98d-d9930d00f9b4" testId="3f746313-05eb-15e1-e158-a557e0f4492c" testName="Server.Tests.TimerTests.TestVariousTimes(ticks: 0, expectedTicks: 8)" computerName="Z590P" duration="00:00:00.0002843" startTime="2025-11-09T10:00:24.6175286-05:00" endTime="2025-11-09T10:00:24.6176176-05:00" testType="13cdc9d9-ddb5-4fa4-a97d-d965ccfc6d4b" outcome="Passed" testListId="8c84fa94-04c1-424b-9868-57a2d4851a1d" relativeResultsDirectory="61a9439f-5869-419a-a98d-d9930d00f9b4" />
    <UnitTestResult executionId="c47fc1f9-8d61-4ffc-9f8f-69771679a1d9" testId="18c5e6bb-dc7d-6bbc-7756-2af6f0ffbdc7" testName="Server.Tests.Network.MenuPacketTests.TestDisplayItemListMenu" computerName="Z590P" duration="00:00:00.0008756" startTime="2025-11-09T10:00:22.8223927-05:00" endTime="2025-11-09T10:00:22.8231186-05:00" testType="13cdc9d9-ddb5-4fa4-a97d-d965ccfc6d4b" outcome="Passed" testListId="8c84fa94-04c1-424b-9868-57a2d4851a1d" relativeResultsDirectory="c47fc1f9-8d61-4ffc-9f8f-69771679a1d9" />
    <UnitTestResult executionId="94b090e8-3476-4247-8930-2adcf6e8a194" testId="cf56630e-d0c1-f7f1-ba4e-0137a626626d" testName="Server.Tests.Network.MessageTests.TestFollowMessage" computerName="Z590P" duration="00:00:00.0002538" startTime="2025-11-09T10:00:21.6003411-05:00" endTime="2025-11-09T10:00:21.6005514-05:00" testType="13cdc9d9-ddb5-4fa4-a97d-d965ccfc6d4b" outcome="Passed" testListId="8c84fa94-04c1-424b-9868-57a2d4851a1d" relativeResultsDirectory="94b090e8-3476-4247-8930-2adcf6e8a194" />
    <UnitTestResult executionId="0e43900f-71e3-46f5-b71c-97c328e55ae4" testId="ed78676a-2a9d-4c40-5fae-1bdd95ad0a34" testName="Server.Tests.Point3DTests.TestPoint3DTryFormatSucceeds" computerName="Z590P" duration="00:00:00.0002928" startTime="2025-11-09T10:00:21.5496840-05:00" endTime="2025-11-09T10:00:21.5497671-05:00" testType="13cdc9d9-ddb5-4fa4-a97d-d965ccfc6d4b" outcome="Passed" testListId="8c84fa94-04c1-424b-9868-57a2d4851a1d" relativeResultsDirectory="0e43900f-71e3-46f5-b71c-97c328e55ae4" />
    <UnitTestResult executionId="e2004773-7050-496a-af16-70fb5b412bf4" testId="f429d75e-7816-5a63-9d5b-8f4c73d7a74e" testName="Server.Tests.Network.ClientVersionTests.TestCCAndECStringCtor(ccVersion: &quot;7.0.45.65&quot;, ecVersion: &quot;67.0.33&quot;, equal: False, comparison: 1)" computerName="Z590P" duration="00:00:00.0000118" startTime="2025-11-09T10:00:22.9024953-05:00" endTime="2025-11-09T10:00:22.9025619-05:00" testType="13cdc9d9-ddb5-4fa4-a97d-d965ccfc6d4b" outcome="Passed" testListId="8c84fa94-04c1-424b-9868-57a2d4851a1d" relativeResultsDirectory="e2004773-7050-496a-af16-70fb5b412bf4" />
    <UnitTestResult executionId="07b20a0f-cb1f-4a89-abbe-c873ed2b46a6" testId="9b278e60-3f53-fe96-7367-93c81eaff274" testName="Server.Tests.ContainerTests.TestFindItemsByType(itemType: typeof(Server.Items.Container))" computerName="Z590P" duration="00:00:00.0000929" startTime="2025-11-09T10:00:24.6511307-05:00" endTime="2025-11-09T10:00:24.6512173-05:00" testType="13cdc9d9-ddb5-4fa4-a97d-d965ccfc6d4b" outcome="Passed" testListId="8c84fa94-04c1-424b-9868-57a2d4851a1d" relativeResultsDirectory="07b20a0f-cb1f-4a89-abbe-c873ed2b46a6" />
    <UnitTestResult executionId="27283b8c-9c73-4de9-9f7a-8a09b28c1641" testId="5ec27a94-f8f2-7188-66f2-c9a39df9abac" testName="Server.Tests.Network.MobilePacketTests.TestMobileAttributesN" computerName="Z590P" duration="00:00:00.0032022" startTime="2025-11-09T10:00:22.7660436-05:00" endTime="2025-11-09T10:00:22.7682696-05:00" testType="13cdc9d9-ddb5-4fa4-a97d-d965ccfc6d4b" outcome="Passed" testListId="8c84fa94-04c1-424b-9868-57a2d4851a1d" relativeResultsDirectory="27283b8c-9c73-4de9-9f7a-8a09b28c1641" />
    <UnitTestResult executionId="95899eca-4cbe-483c-a9d6-b82fd1774f43" testId="3137f2b7-3633-e4fb-9907-4daaf15859de" testName="Server.Tests.Network.PlayerPacketTests.TestLaunchBrowser(uri: &quot;https://www.modernuo.com&quot;)" computerName="Z590P" duration="00:00:00.0002938" startTime="2025-11-09T10:00:22.7445887-05:00" endTime="2025-11-09T10:00:22.7447068-05:00" testType="13cdc9d9-ddb5-4fa4-a97d-d965ccfc6d4b" outcome="Passed" testListId="8c84fa94-04c1-424b-9868-57a2d4851a1d" relativeResultsDirectory="95899eca-4cbe-483c-a9d6-b82fd1774f43" />
    <UnitTestResult executionId="7b59dc30-a7e1-4e46-bb32-ee2edc1fa991" testId="5a5751e2-1040-f9f7-eaeb-5e581c45b95f" testName="Server.Tests.Network.PlayerPacketTests.TestPlayMusic(music: ValoriaShips)" computerName="Z590P" duration="00:00:00.0000602" startTime="2025-11-09T10:00:22.7484227-05:00" endTime="2025-11-09T10:00:22.7484643-05:00" testType="13cdc9d9-ddb5-4fa4-a97d-d965ccfc6d4b" outcome="Passed" testListId="8c84fa94-04c1-424b-9868-57a2d4851a1d" relativeResultsDirectory="7b59dc30-a7e1-4e46-bb32-ee2edc1fa991" />
    <UnitTestResult executionId="b9f607b0-81c9-4d82-8709-a7d4349f1b8c" testId="ba10bc24-2e8c-0a58-0560-e7b63eec628c" testName="Server.Tests.Network.ContainerPacketTests.TestContainerDisplay" computerName="Z590P" duration="00:00:00.0003217" startTime="2025-11-09T10:00:22.8886605-05:00" endTime="2025-11-09T10:00:22.8888063-05:00" testType="13cdc9d9-ddb5-4fa4-a97d-d965ccfc6d4b" outcome="Passed" testListId="8c84fa94-04c1-424b-9868-57a2d4851a1d" relativeResultsDirectory="b9f607b0-81c9-4d82-8709-a7d4349f1b8c" />
    <UnitTestResult executionId="c4a879e5-76c2-497e-902f-87b395cb9632" testId="7dc22187-17fa-e307-061e-20d2af0bb341" testName="Server.Tests.Rectangle3DTests.TestRectangle3DTryFormatFails" computerName="Z590P" duration="00:00:00.0001632" startTime="2025-11-09T10:00:21.5349572-05:00" endTime="2025-11-09T10:00:21.5350486-05:00" testType="13cdc9d9-ddb5-4fa4-a97d-d965ccfc6d4b" outcome="Passed" testListId="8c84fa94-04c1-424b-9868-57a2d4851a1d" relativeResultsDirectory="c4a879e5-76c2-497e-902f-87b395cb9632" />
    <UnitTestResult executionId="fe4feafd-332e-4b15-8748-08b9a9910b3b" testId="7d8f80f1-8812-15bb-b9ec-974d1e9ea56b" testName="Server.Tests.TestStringHelpers.TestCapitalize(original: null, capitalized: null)" computerName="Z590P" duration="00:00:00.0000020" startTime="2025-11-09T10:00:24.2760877-05:00" endTime="2025-11-09T10:00:24.2761400-05:00" testType="13cdc9d9-ddb5-4fa4-a97d-d965ccfc6d4b" outcome="Passed" testListId="8c84fa94-04c1-424b-9868-57a2d4851a1d" relativeResultsDirectory="fe4feafd-332e-4b15-8748-08b9a9910b3b" />
    <UnitTestResult executionId="fff90d00-8fd4-4fdd-87b4-7434b6d4b5e4" testId="4259c509-6adb-aaeb-0fd4-ca3f09f4a63e" testName="Server.Tests.SpanWriterTests.TestSpanWriterNoResizeThrows" computerName="Z590P" duration="00:00:00.0010110" startTime="2025-11-09T10:00:21.5469592-05:00" endTime="2025-11-09T10:00:21.5482503-05:00" testType="13cdc9d9-ddb5-4fa4-a97d-d965ccfc6d4b" outcome="Passed" testListId="8c84fa94-04c1-424b-9868-57a2d4851a1d" relativeResultsDirectory="fff90d00-8fd4-4fdd-87b4-7434b6d4b5e4" />
    <UnitTestResult executionId="ae7fc218-3055-4712-8cfc-3615a45d06f7" testId="cfea692e-81a7-7d04-dbb1-081ddfdb4a56" testName="Server.Tests.Network.PlayerPacketTests.TestLaunchBrowser(uri: null)" computerName="Z590P" duration="00:00:00.0000517" startTime="2025-11-09T10:00:22.7450800-05:00" endTime="2025-11-09T10:00:22.7451171-05:00" testType="13cdc9d9-ddb5-4fa4-a97d-d965ccfc6d4b" outcome="Passed" testListId="8c84fa94-04c1-424b-9868-57a2d4851a1d" relativeResultsDirectory="ae7fc218-3055-4712-8cfc-3615a45d06f7" />
    <UnitTestResult executionId="b764b9ab-fbab-41d4-a36d-b01352dcde07" testId="5ae1d513-143f-292f-0203-8f5865c3653c" testName="Server.Tests.Network.TargetPacketsTests.TestCancelTarget" computerName="Z590P" duration="00:00:00.0002455" startTime="2025-11-09T10:00:21.5990185-05:00" endTime="2025-11-09T10:00:21.5997338-05:00" testType="13cdc9d9-ddb5-4fa4-a97d-d965ccfc6d4b" outcome="Passed" testListId="8c84fa94-04c1-424b-9868-57a2d4851a1d" relativeResultsDirectory="b764b9ab-fbab-41d4-a36d-b01352dcde07" />
    <UnitTestResult executionId="8974b9e5-1bf6-4689-9d25-98bd70705460" testId="80755f90-0f55-572b-6d84-533104514828" testName="Server.Tests.Network.ContainerPacketTests.TestContainerDisplayHS" computerName="Z590P" duration="00:00:00.0005114" startTime="2025-11-09T10:00:22.8879635-05:00" endTime="2025-11-09T10:00:22.8884307-05:00" testType="13cdc9d9-ddb5-4fa4-a97d-d965ccfc6d4b" outcome="Passed" testListId="8c84fa94-04c1-424b-9868-57a2d4851a1d" relativeResultsDirectory="8974b9e5-1bf6-4689-9d25-98bd70705460" />
    <UnitTestResult executionId="a1ecd91b-d4cd-40bd-b5cf-f008657e7ddb" testId="ec04c0ac-33c8-62f4-f546-50b5800d4a15" testName="Server.Tests.ValueLinkListTests.TestAddingAfter" computerName="Z590P" duration="00:00:00.0004118" startTime="2025-11-09T10:00:21.5368676-05:00" endTime="2025-11-09T10:00:21.5371207-05:00" testType="13cdc9d9-ddb5-4fa4-a97d-d965ccfc6d4b" outcome="Passed" testListId="8c84fa94-04c1-424b-9868-57a2d4851a1d" relativeResultsDirectory="a1ecd91b-d4cd-40bd-b5cf-f008657e7ddb" />
    <UnitTestResult executionId="9fb4a903-eddd-4a2e-84a9-be5fe45f5e9b" testId="3b5c0d92-a69a-b4a0-5b94-630bbe01e43c" testName="Server.Tests.Tests.Buffers.STArrayPoolTests.ValidMinimumLengths(requestedLength: 2, expectedLength: 16)" computerName="Z590P" duration="00:00:00.0001123" startTime="2025-11-09T10:00:22.9040917-05:00" endTime="2025-11-09T10:00:22.9041269-05:00" testType="13cdc9d9-ddb5-4fa4-a97d-d965ccfc6d4b" outcome="Passed" testListId="8c84fa94-04c1-424b-9868-57a2d4851a1d" relativeResultsDirectory="9fb4a903-eddd-4a2e-84a9-be5fe45f5e9b" />
    <UnitTestResult executionId="48716714-232e-4e99-9195-d7c1f43a6b83" testId="46044081-075b-4dd9-7a9c-6d7f7b3c2656" testName="Server.Tests.HexStringConverterTest.TestsGetStringDelimited(expected: &quot;[AB, CD, EF, 12, 34]&quot;, bytes: [171, 205, 239, 18, 52])" computerName="Z590P" duration="00:00:00.0000913" startTime="2025-11-09T10:00:21.5549292-05:00" endTime="2025-11-09T10:00:21.5549720-05:00" testType="13cdc9d9-ddb5-4fa4-a97d-d965ccfc6d4b" outcome="Passed" testListId="8c84fa94-04c1-424b-9868-57a2d4851a1d" relativeResultsDirectory="48716714-232e-4e99-9195-d7c1f43a6b83" />
    <UnitTestResult executionId="2151d90b-0406-4c45-9077-79033135467d" testId="7ff6a76d-1ed3-e257-8dae-d5ed3025476f" testName="Server.Tests.IPAddressTests.TestIPvCIDR(cidr: &quot;192.168.100.1&quot;, addr: &quot;192.168.50.1&quot;, cidrLength: 32, shouldMatch: False)" computerName="Z590P" duration="00:00:00.0000045" startTime="2025-11-09T10:00:21.5328283-05:00" endTime="2025-11-09T10:00:21.5328878-05:00" testType="13cdc9d9-ddb5-4fa4-a97d-d965ccfc6d4b" outcome="Passed" testListId="8c84fa94-04c1-424b-9868-57a2d4851a1d" relativeResultsDirectory="2151d90b-0406-4c45-9077-79033135467d" />
    <UnitTestResult executionId="43dddb48-ef17-4a42-bc28-ade567ba65f4" testId="e50c19a6-fd7a-1327-9bbf-2162f77dd1f2" testName="Server.Tests.DecimalSerializationTests.TestSerializeDecimal(value: 0.0001)" computerName="Z590P" duration="00:00:00.0001890" startTime="2025-11-09T10:00:21.5257478-05:00" endTime="2025-11-09T10:00:21.5268143-05:00" testType="13cdc9d9-ddb5-4fa4-a97d-d965ccfc6d4b" outcome="Passed" testListId="8c84fa94-04c1-424b-9868-57a2d4851a1d" relativeResultsDirectory="43dddb48-ef17-4a42-bc28-ade567ba65f4" />
    <UnitTestResult executionId="6b0cefa9-5c37-42c9-b803-010496c93013" testId="06e4970f-401b-4b59-4071-b7c8c849503f" testName="Server.Tests.Network.MovementPacketTests.TestSpeedControl(speedControl: 0)" computerName="Z590P" duration="00:00:00.0000738" startTime="2025-11-09T10:00:22.7563760-05:00" endTime="2025-11-09T10:00:22.7564235-05:00" testType="13cdc9d9-ddb5-4fa4-a97d-d965ccfc6d4b" outcome="Passed" testListId="8c84fa94-04c1-424b-9868-57a2d4851a1d" relativeResultsDirectory="6b0cefa9-5c37-42c9-b803-010496c93013" />
    <UnitTestResult executionId="fa8fd273-8052-4fd5-962d-c429a0a53bc2" testId="45b7e927-fb4d-d33d-2550-b525f88c5dd6" testName="Server.Tests.WorldLocationTests.TestWorldLocationToString" computerName="Z590P" duration="00:00:00.0006213" startTime="2025-11-09T10:00:24.6573035-05:00" endTime="2025-11-09T10:00:24.6577694-05:00" testType="13cdc9d9-ddb5-4fa4-a97d-d965ccfc6d4b" outcome="Passed" testListId="8c84fa94-04c1-424b-9868-57a2d4851a1d" relativeResultsDirectory="fa8fd273-8052-4fd5-962d-c429a0a53bc2" />
    <UnitTestResult executionId="eedd8139-7866-4e2f-9b46-31147549054d" testId="cee3422a-15fa-f3a6-a36e-2c98607965b4" testName="Server.Tests.Network.AccountPacketTests.TestPlayServerAck" computerName="Z590P" duration="00:00:00.0009651" startTime="2025-11-09T10:00:22.8998323-05:00" endTime="2025-11-09T10:00:22.9007424-05:00" testType="13cdc9d9-ddb5-4fa4-a97d-d965ccfc6d4b" outcome="Passed" testListId="8c84fa94-04c1-424b-9868-57a2d4851a1d" relativeResultsDirectory="eedd8139-7866-4e2f-9b46-31147549054d" />
    <UnitTestResult executionId="4045c900-0e19-4403-b8fa-da3d27bdb1f4" testId="1487c170-5e16-59cc-0721-d4f4909f32ea" testName="Server.Tests.Network.GumpPacketTests.TestGumpPacketAdmin" computerName="Z590P" duration="00:00:00.0086449" startTime="2025-11-09T10:00:22.8702432-05:00" endTime="2025-11-09T10:00:22.8787789-05:00" testType="13cdc9d9-ddb5-4fa4-a97d-d965ccfc6d4b" outcome="Passed" testListId="8c84fa94-04c1-424b-9868-57a2d4851a1d" relativeResultsDirectory="4045c900-0e19-4403-b8fa-da3d27bdb1f4" />
    <UnitTestResult executionId="db91d1ca-c83e-425c-9baf-3a4e87c75e6f" testId="fa312217-0870-57ea-a885-30085937f4ce" testName="Server.Tests.Network.AccountPacketTests.TestSupportedFeatures(protocolChanges: Version6000)" computerName="Z590P" duration="00:00:00.0002495" startTime="2025-11-09T10:00:22.8950947-05:00" endTime="2025-11-09T10:00:22.8951447-05:00" testType="13cdc9d9-ddb5-4fa4-a97d-d965ccfc6d4b" outcome="Passed" testListId="8c84fa94-04c1-424b-9868-57a2d4851a1d" relativeResultsDirectory="db91d1ca-c83e-425c-9baf-3a4e87c75e6f" />
    <UnitTestResult executionId="081e967c-f400-4eb0-91cc-c14ea7b75251" testId="5d4561fd-8e2a-4661-7658-5913926a7258" testName="Server.Tests.FirewallTests.Firewall_DoesNotBlockIPAddress_WhenNotAdded" computerName="Z590P" duration="00:00:00.0000685" startTime="2025-11-09T10:00:21.5333416-05:00" endTime="2025-11-09T10:00:21.5333906-05:00" testType="13cdc9d9-ddb5-4fa4-a97d-d965ccfc6d4b" outcome="Passed" testListId="8c84fa94-04c1-424b-9868-57a2d4851a1d" relativeResultsDirectory="081e967c-f400-4eb0-91cc-c14ea7b75251" />
    <UnitTestResult executionId="bea6b00a-a5c5-443d-920a-676f5ecffa81" testId="18d73259-7cd1-de09-aa3e-01a96f730be3" testName="Server.Tests.Network.PlayerPacketTests.TestDisplayPaperdoll(m: 4132, title: &quot;Test Title&quot;, warmode: True, canLift: False)" computerName="Z590P" duration="00:00:00.0003361" startTime="2025-11-09T10:00:22.7469709-05:00" endTime="2025-11-09T10:00:22.7470176-05:00" testType="13cdc9d9-ddb5-4fa4-a97d-d965ccfc6d4b" outcome="Passed" testListId="8c84fa94-04c1-424b-9868-57a2d4851a1d" relativeResultsDirectory="bea6b00a-a5c5-443d-920a-676f5ecffa81" />
    <UnitTestResult executionId="9ae4a4fa-5ec1-47d0-9a29-59128cf51cb3" testId="7ac82548-debc-c712-67ec-9e26ff80676c" testName="Server.Tests.Network.DamagePacketTests.TestDamage(inputAmount: -5)" computerName="Z590P" duration="00:00:00.0002001" startTime="2025-11-09T10:00:22.8828806-05:00" endTime="2025-11-09T10:00:22.8829216-05:00" testType="13cdc9d9-ddb5-4fa4-a97d-d965ccfc6d4b" outcome="Passed" testListId="8c84fa94-04c1-424b-9868-57a2d4851a1d" relativeResultsDirectory="9ae4a4fa-5ec1-47d0-9a29-59128cf51cb3" />
    <UnitTestResult executionId="12548e85-85b4-4412-ab6e-5ce2e4331511" testId="46564511-27c5-ff88-8a7d-72bc10a7a1f8" testName="Server.Tests.Network.AccountPacketTests.TestAccountLoginAck" computerName="Z590P" duration="00:00:00.0007069" startTime="2025-11-09T10:00:22.9015567-05:00" endTime="2025-11-09T10:00:22.9016142-05:00" testType="13cdc9d9-ddb5-4fa4-a97d-d965ccfc6d4b" outcome="Passed" testListId="8c84fa94-04c1-424b-9868-57a2d4851a1d" relativeResultsDirectory="12548e85-85b4-4412-ab6e-5ce2e4331511" />
    <UnitTestResult executionId="37fde582-5402-4f65-90d3-ea9d93ba543d" testId="af233b42-dbd6-abc3-f30b-3c22c8c4af5e" testName="Server.Tests.FirewallTests.Firewall_DoesNotThrowWhenRemovingNonExistentEntry" computerName="Z590P" duration="00:00:00.0000493" startTime="2025-11-09T10:00:21.5309220-05:00" endTime="2025-11-09T10:00:21.5321012-05:00" testType="13cdc9d9-ddb5-4fa4-a97d-d965ccfc6d4b" outcome="Passed" testListId="8c84fa94-04c1-424b-9868-57a2d4851a1d" relativeResultsDirectory="37fde582-5402-4f65-90d3-ea9d93ba543d" />
    <UnitTestResult executionId="29491b91-a873-42aa-b5e9-34317d16901f" testId="cd761cf4-dd1c-7d8f-df07-9a94183b1d65" testName="Server.Tests.Network.LightPacketTests.TestGlobalLightLevel" computerName="Z590P" duration="00:00:00.0003395" startTime="2025-11-09T10:00:21.5982622-05:00" endTime="2025-11-09T10:00:21.5985548-05:00" testType="13cdc9d9-ddb5-4fa4-a97d-d965ccfc6d4b" outcome="Passed" testListId="8c84fa94-04c1-424b-9868-57a2d4851a1d" relativeResultsDirectory="29491b91-a873-42aa-b5e9-34317d16901f" />
    <UnitTestResult executionId="e6f39e61-5d49-4a5e-8984-6b7fbff78d4f" testId="ab73119a-7ef1-d10a-df8a-1b88b0bc5ddd" testName="Server.Tests.Network.PipeTests.TestWriteReadMatches" computerName="Z590P" duration="00:00:00.0001048" startTime="2025-11-09T10:00:21.5844892-05:00" endTime="2025-11-09T10:00:21.5845316-05:00" testType="13cdc9d9-ddb5-4fa4-a97d-d965ccfc6d4b" outcome="Passed" testListId="8c84fa94-04c1-424b-9868-57a2d4851a1d" relativeResultsDirectory="e6f39e61-5d49-4a5e-8984-6b7fbff78d4f" />
    <UnitTestResult executionId="0a79e322-7d98-41fc-97c1-b646ac37c1a1" testId="5e3d6ed2-61fe-0d93-338c-550ff7990184" testName="Server.Tests.OrderedSetTests.TestOrderedSet" computerName="Z590P" duration="00:00:00.0165139" startTime="2025-11-09T10:00:21.5098686-05:00" endTime="2025-11-09T10:00:21.5161316-05:00" testType="13cdc9d9-ddb5-4fa4-a97d-d965ccfc6d4b" outcome="Passed" testListId="8c84fa94-04c1-424b-9868-57a2d4851a1d" relativeResultsDirectory="0a79e322-7d98-41fc-97c1-b646ac37c1a1" />
    <UnitTestResult executionId="9c907d13-a250-4bb3-852a-58ed4d1c5533" testId="e8641b09-53bb-aefb-b48a-270c778a0fd8" testName="Server.Tests.TextDefinitionTests.TestTextDefinitionIsEqual(a1: 0, a2: &quot;Hello&quot;, b1: 0, b2: &quot;Hello&quot;, isEqual: True)" computerName="Z590P" duration="00:00:00.0000438" startTime="2025-11-09T10:00:21.5375554-05:00" endTime="2025-11-09T10:00:21.5375970-05:00" testType="13cdc9d9-ddb5-4fa4-a97d-d965ccfc6d4b" outcome="Passed" testListId="8c84fa94-04c1-424b-9868-57a2d4851a1d" relativeResultsDirectory="9c907d13-a250-4bb3-852a-58ed4d1c5533" />
    <UnitTestResult executionId="246159b0-9b35-4607-bc4a-088da92298b3" testId="681c22d4-31c2-ee7e-3df0-d235713a6980" testName="Server.Tests.Network.SecureTradePacketTests.TestCloseSecureTrade" computerName="Z590P" duration="00:00:00.0003495" startTime="2025-11-09T10:00:22.7409753-05:00" endTime="2025-11-09T10:00:22.7412915-05:00" testType="13cdc9d9-ddb5-4fa4-a97d-d965ccfc6d4b" outcome="Passed" testListId="8c84fa94-04c1-424b-9868-57a2d4851a1d" relativeResultsDirectory="246159b0-9b35-4607-bc4a-088da92298b3" />
    <UnitTestResult executionId="d700f288-63e8-46a1-b904-b580963a1627" testId="e522a69b-58d5-08c4-1931-f65040800824" testName="Server.Tests.Network.ContainerPacketTests.TestDisplaySpellbook" computerName="Z590P" duration="00:00:00.0003884" startTime="2025-11-09T10:00:22.8899516-05:00" endTime="2025-11-09T10:00:22.8900050-05:00" testType="13cdc9d9-ddb5-4fa4-a97d-d965ccfc6d4b" outcome="Passed" testListId="8c84fa94-04c1-424b-9868-57a2d4851a1d" relativeResultsDirectory="d700f288-63e8-46a1-b904-b580963a1627" />
    <UnitTestResult executionId="7ef07aee-b772-4fe6-acff-687f8191b86f" testId="738d5bbd-3702-e4f6-6ff4-1c64efc939d5" testName="Server.Tests.Network.MobilePacketTests.TestMobileUpdate(changes: None, solidHueOverride: 0)" computerName="Z590P" duration="00:00:00.0003351" startTime="2025-11-09T10:00:22.8132754-05:00" endTime="2025-11-09T10:00:22.8133222-05:00" testType="13cdc9d9-ddb5-4fa4-a97d-d965ccfc6d4b" outcome="Passed" testListId="8c84fa94-04c1-424b-9868-57a2d4851a1d" relativeResultsDirectory="7ef07aee-b772-4fe6-acff-687f8191b86f" />
    <UnitTestResult executionId="656b09f8-6636-4c52-a658-6762d79d61b8" testId="02cc49c4-5386-33bb-116b-3bd8f8cc5154" testName="Server.Tests.Network.MobilePacketTests.TestMobileMana" computerName="Z590P" duration="00:00:00.0003460" startTime="2025-11-09T10:00:22.8179107-05:00" endTime="2025-11-09T10:00:22.8179758-05:00" testType="13cdc9d9-ddb5-4fa4-a97d-d965ccfc6d4b" outcome="Passed" testListId="8c84fa94-04c1-424b-9868-57a2d4851a1d" relativeResultsDirectory="656b09f8-6636-4c52-a658-6762d79d61b8" />
    <UnitTestResult executionId="f5f6d60b-f05e-49fc-b53c-0e307261997f" testId="732c14b6-e4df-83dc-b3ba-e138a258bc1b" testName="Server.Tests.Tests.Buffers.STArrayPoolTests.ValidMinimumLengths(requestedLength: 0, expectedLength: 0)" computerName="Z590P" duration="00:00:00.0000041" startTime="2025-11-09T10:00:22.9130148-05:00" endTime="2025-11-09T10:00:22.9130717-05:00" testType="13cdc9d9-ddb5-4fa4-a97d-d965ccfc6d4b" outcome="Passed" testListId="8c84fa94-04c1-424b-9868-57a2d4851a1d" relativeResultsDirectory="f5f6d60b-f05e-49fc-b53c-0e307261997f" />
    <UnitTestResult executionId="1cc0eceb-94d8-4b6f-b980-2907fa59fc0b" testId="1350c7f6-2af4-e1a6-1cb9-4e29defa5c69" testName="Server.Tests.ValueLinkListTests.TestDefaultListIsEmpty" computerName="Z590P" duration="00:00:00.0000649" startTime="2025-11-09T10:00:21.5367196-05:00" endTime="2025-11-09T10:00:21.5367637-05:00" testType="13cdc9d9-ddb5-4fa4-a97d-d965ccfc6d4b" outcome="Passed" testListId="8c84fa94-04c1-424b-9868-57a2d4851a1d" relativeResultsDirectory="1cc0eceb-94d8-4b6f-b980-2907fa59fc0b" />
    <UnitTestResult executionId="0a3ae03b-df63-4258-af31-5e715fc3f976" testId="fb44adf7-5e73-866c-2139-e14b29500605" testName="Server.Tests.Network.MobilePacketTests.TestMobileManaN" computerName="Z590P" duration="00:00:00.0005842" startTime="2025-11-09T10:00:22.8176130-05:00" endTime="2025-11-09T10:00:22.8176996-05:00" testType="13cdc9d9-ddb5-4fa4-a97d-d965ccfc6d4b" outcome="Passed" testListId="8c84fa94-04c1-424b-9868-57a2d4851a1d" relativeResultsDirectory="0a3ae03b-df63-4258-af31-5e715fc3f976" />
    <UnitTestResult executionId="4688a0d5-06d0-4bfa-b8ea-460f48549a12" testId="5a14543c-f48d-8d71-e9bb-bce136fe6a11" testName="Server.Tests.Network.AccountPacketTests.TestDeleteResult" computerName="Z590P" duration="00:00:00.0003199" startTime="2025-11-09T10:00:22.8913174-05:00" endTime="2025-11-09T10:00:22.8915845-05:00" testType="13cdc9d9-ddb5-4fa4-a97d-d965ccfc6d4b" outcome="Passed" testListId="8c84fa94-04c1-424b-9868-57a2d4851a1d" relativeResultsDirectory="4688a0d5-06d0-4bfa-b8ea-460f48549a12" />
    <UnitTestResult executionId="5ab02bc8-8730-4274-ad63-bb16a80bd129" testId="669d5571-931d-ff4d-fd3f-20144d79fec3" testName="Server.Tests.ContainerTests.TestFindItemsByTypeShouldThrowWhenModified(itemType: typeof(Server.Item))" computerName="Z590P" duration="00:00:00.0008878" startTime="2025-11-09T10:00:24.6477081-05:00" endTime="2025-11-09T10:00:24.6484642-05:00" testType="13cdc9d9-ddb5-4fa4-a97d-d965ccfc6d4b" outcome="Passed" testListId="8c84fa94-04c1-424b-9868-57a2d4851a1d" relativeResultsDirectory="5ab02bc8-8730-4274-ad63-bb16a80bd129" />
    <UnitTestResult executionId="0f9f3ccf-3ef8-42ef-9f74-f056218e772f" testId="1f471217-b196-a4e6-0afd-6a217770ccf4" testName="Server.Tests.Network.MobilePacketTests.TestMobileIncoming(changes: Version7000, hairItemId: 10, hairHue: 1024, facialHairItemId: 11, facialHairHue: 2048)" computerName="Z590P" duration="00:00:00.0000816" startTime="2025-11-09T10:00:22.7646741-05:00" endTime="2025-11-09T10:00:22.7647363-05:00" testType="13cdc9d9-ddb5-4fa4-a97d-d965ccfc6d4b" outcome="Passed" testListId="8c84fa94-04c1-424b-9868-57a2d4851a1d" relativeResultsDirectory="0f9f3ccf-3ef8-42ef-9f74-f056218e772f" />
    <UnitTestResult executionId="78994feb-a618-4d13-bfb2-4f5c018ffbb2" testId="51da3370-174a-9b71-6c35-9cd6c7d43293" testName="Server.Tests.TimerTests.TestTimerStartedOnTick" computerName="Z590P" duration="00:00:00.0002225" startTime="2025-11-09T10:00:24.6183389-05:00" endTime="2025-11-09T10:00:24.6184110-05:00" testType="13cdc9d9-ddb5-4fa4-a97d-d965ccfc6d4b" outcome="Passed" testListId="8c84fa94-04c1-424b-9868-57a2d4851a1d" relativeResultsDirectory="78994feb-a618-4d13-bfb2-4f5c018ffbb2" />
    <UnitTestResult executionId="14155898-77b3-49d7-b0de-6b0252b7c333" testId="1d8c10b6-9a72-3747-96a0-a2981d4fe815" testName="Server.Tests.Network.MessageTests.TestAsciiMessage" computerName="Z590P" duration="00:00:00.0729119" startTime="2025-11-09T10:00:21.5466900-05:00" endTime="2025-11-09T10:00:21.5990615-05:00" testType="13cdc9d9-ddb5-4fa4-a97d-d965ccfc6d4b" outcome="Passed" testListId="8c84fa94-04c1-424b-9868-57a2d4851a1d" relativeResultsDirectory="14155898-77b3-49d7-b0de-6b0252b7c333" />
    <UnitTestResult executionId="14ac8db6-0439-42fe-84e1-51922f69e9b9" testId="15a70895-e539-5b39-cf78-63aaac5082d8" testName="Server.Tests.Network.MovementPacketTests.TestMovementAck" computerName="Z590P" duration="00:00:00.0008352" startTime="2025-11-09T10:00:22.7565508-05:00" endTime="2025-11-09T10:00:22.7565974-05:00" testType="13cdc9d9-ddb5-4fa4-a97d-d965ccfc6d4b" outcome="Passed" testListId="8c84fa94-04c1-424b-9868-57a2d4851a1d" relativeResultsDirectory="14ac8db6-0439-42fe-84e1-51922f69e9b9" />
    <UnitTestResult executionId="555e4841-896a-4e94-9b2c-d1d6107b5797" testId="db16c782-72d5-1915-5d37-c13998565644" testName="Server.Tests.Network.ContainerPacketTests.TestSpellbookContent" computerName="Z590P" duration="00:00:00.0006411" startTime="2025-11-09T10:00:22.8843193-05:00" endTime="2025-11-09T10:00:22.8843550-05:00" testType="13cdc9d9-ddb5-4fa4-a97d-d965ccfc6d4b" outcome="Passed" testListId="8c84fa94-04c1-424b-9868-57a2d4851a1d" relativeResultsDirectory="555e4841-896a-4e94-9b2c-d1d6107b5797" />
[...]
[10:00:21 INF] Client: (error): Connected. [2041 Online] &lt;s:Server.Network.NetState&gt;&#xD;
[10:00:21 INF] Client: (error): Connected. [2042 Online] &lt;s:Server.Network.NetState&gt;&#xD;
[10:00:21 INF] Client: (error): Connected. [2043 Online] &lt;s:Server.Network.NetState&gt;&#xD;
[10:00:21 INF] Client: (error): Connected. [2044 Online] &lt;s:Server.Network.NetState&gt;&#xD;
[10:00:21 INF] Client: (error): Connected. [2045 Online] &lt;s:Server.Network.NetState&gt;&#xD;
[10:00:21 INF] Client: (error): Connected. [2046 Online] &lt;s:Server.Network.NetState&gt;&#xD;
[10:00:21 INF] Client: (error): Connected. [2047 Online] &lt;s:Server.Network.NetState&gt;&#xD;
[10:00:21 INF] Client: (error): Connected. [2048 Online] &lt;s:Server.Network.NetState&gt;&#xD;
[10:00:21 INF] Client: (error): Connected. [2049 Online] &lt;s:Server.Network.NetState&gt;&#xD;
[10:00:21 INF] Client: (error): Connected. [2050 Online] &lt;s:Server.Network.NetState&gt;&#xD;
[10:00:21 INF] Client: (error): Connected. [2051 Online] &lt;s:Server.Network.NetState&gt;&#xD;
[10:00:21 INF] Client: (error): Connected. [2052 Online] &lt;s:Server.Network.NetState&gt;&#xD;
[10:00:21 INF] Client: (error): Connected. [2053 Online] &lt;s:Server.Network.NetState&gt;&#xD;
[10:00:21 INF] Client: (error): Connected. [2054 Online] &lt;s:Server.Network.NetState&gt;&#xD;
[10:00:21 INF] Client: (error): Connected. [2055 Online] &lt;s:Server.Network.NetState&gt;&#xD;
[10:00:21 INF] Client: (error): Connected. [2056 Online] &lt;s:Server.Network.NetState&gt;&#xD;
[10:00:21 INF] Client: (error): Connected. [2057 Online] &lt;s:Server.Network.NetState&gt;&#xD;
[10:00:21 INF] Client: (error): Connected. [2058 Online] &lt;s:Server.Network.NetState&gt;&#xD;
[10:00:21 INF] Client: (error): Connected. [2059 Online] &lt;s:Server.Network.NetState&gt;&#xD;
[10:00:21 INF] Client: (error): Connected. [2060 Online] &lt;s:Server.Network.NetState&gt;&#xD;
[10:00:21 INF] Client: (error): Connected. [2061 Online] &lt;s:Server.Network.NetState&gt;&#xD;
[10:00:21 INF] Client: (error): Connected. [2062 Online] &lt;s:Server.Network.NetState&gt;&#xD;
[10:00:21 INF] Client: (error): Connected. [2063 Online] &lt;s:Server.Network.NetState&gt;&#xD;
[10:00:21 INF] Client: (error): Connected. [2064 Online] &lt;s:Server.Network.NetState&gt;&#xD;
[10:00:21 INF] Client: (error): Connected. [2065 Online] &lt;s:Server.Network.NetState&gt;&#xD;
[10:00:21 INF] Client: (error): Connected. [2066 Online] &lt;s:Server.Network.NetState&gt;&#xD;
[10:00:21 INF] Client: (error): Connected. [2067 Online] &lt;s:Server.Network.NetState&gt;&#xD;
[10:00:21 INF] Client: (error): Connected. [2068 Online] &lt;s:Server.Network.NetState&gt;&#xD;
[10:00:22 INF] Loading world &lt;s:Server.World&gt;&#xD;
[10:00:22 INF] Loading world done (0 items, 0 mobiles) (0.00 seconds) &lt;s:Server.World&gt;&#xD;
[10:00:22 INF] Client: (error): Connected. [2069 Online] &lt;s:Server.Network.NetState&gt;&#xD;
[10:00:22 INF] Client: (error): Connected. [2070 Online] &lt;s:Server.Network.NetState&gt;&#xD;
[10:00:22 INF] Client: (error): Connected. [2071 Online] &lt;s:Server.Network.NetState&gt;&#xD;
[10:00:22 INF] Client: (error): Connected. [2072 Online] &lt;s:Server.Network.NetState&gt;&#xD;
[10:00:22 INF] Client: (error): Connected. [2073 Online] &lt;s:Server.Network.NetState&gt;&#xD;
[10:00:22 INF] Client: (error): Connected. [2074 Online] &lt;s:Server.Network.NetState&gt;&#xD;
[10:00:22 INF] Client: (error): Connected. [2075 Online] &lt;s:Server.Network.NetState&gt;&#xD;
[10:00:22 INF] Client: (error): Connected. [2076 Online] &lt;s:Server.Network.NetState&gt;&#xD;
[10:00:22 INF] Client: (error): Connected. [2077 Online] &lt;s:Server.Network.NetState&gt;&#xD;
[10:00:22 INF] Client: (error): Connected. [2078 Online] &lt;s:Server.Network.NetState&gt;&#xD;
[10:00:22 INF] Client: (error): Connected. [2079 Online] &lt;s:Server.Network.NetState&gt;&#xD;
[10:00:22 INF] Client: (error): Connected. [2080 Online] &lt;s:Server.Network.NetState&gt;&#xD;
[10:00:22 INF] Client: (error): Connected. [2081 Online] &lt;s:Server.Network.NetState&gt;&#xD;
[10:00:22 INF] Client: (error): Connected. [2082 Online] &lt;s:Server.Network.NetState&gt;&#xD;
[10:00:22 INF] Client: (error): Connected. [2083 Online] &lt;s:Server.Network.NetState&gt;&#xD;
[10:00:22 INF] Client: (error): Connected. [2084 Online] &lt;s:Server.Network.NetState&gt;&#xD;
[10:00:22 INF] Client: (error): Connected. [2085 Online] &lt;s:Server.Network.NetState&gt;&#xD;
[10:00:22 INF] Client: (error): Connected. [2086 Online] &lt;s:Server.Network.NetState&gt;&#xD;
[10:00:22 INF] Client: (error): Connected. [2087 Online] &lt;s:Server.Network.NetState&gt;&#xD;
[10:00:22 INF] Client: (error): Connected. [2088 Online] &lt;s:Server.Network.NetState&gt;&#xD;
[10:00:22 INF] Client: (error): Connected. [2089 Online] &lt;s:Server.Network.NetState&gt;&#xD;
[10:00:22 INF] Client: (error): Connected. [2090 Online] &lt;s:Server.Network.NetState&gt;&#xD;
[10:00:22 INF] Client: (error): Connected. [2091 Online] &lt;s:Server.Network.NetState&gt;&#xD;
[10:00:22 INF] Client: (error): Connected. [2092 Online] &lt;s:Server.Network.NetState&gt;&#xD;
[10:00:22 INF] Client: (error): Connected. [2093 Online] &lt;s:Server.Network.NetState&gt;&#xD;
[10:00:22 INF] Client: (error): Connected. [2094 Online] &lt;s:Server.Network.NetState&gt;&#xD;
[10:00:22 INF] Client: (error): Connected. [2095 Online] &lt;s:Server.Network.NetState&gt;&#xD;
[10:00:22 INF] Client: (error): Connected. [2096 Online] &lt;s:Server.Network.NetState&gt;&#xD;
[10:00:22 INF] Client: (error): Connected. [2097 Online] &lt;s:Server.Network.NetState&gt;&#xD;
[10:00:22 INF] Client: (error): Connected. [2098 Online] &lt;s:Server.Network.NetState&gt;&#xD;
[10:00:22 INF] Client: (error): Connected. [2099 Online] &lt;s:Server.Network.NetState&gt;&#xD;
[10:00:22 INF] Client: (error): Connected. [2100 Online] &lt;s:Server.Network.NetState&gt;&#xD;
[10:00:22 INF] Client: (error): Connected. [2101 Online] &lt;s:Server.Network.NetState&gt;&#xD;
[10:00:22 INF] Client: (error): Connected. [2102 Online] &lt;s:Server.Network.NetState&gt;&#xD;
[10:00:22 INF] Client: (error): Connected. [2103 Online] &lt;s:Server.Network.NetState&gt;&#xD;
[10:00:22 INF] Client: (error): Connected. [2104 Online] &lt;s:Server.Network.NetState&gt;&#xD;
[10:00:22 INF] Client: (error): Connected. [2105 Online] &lt;s:Server.Network.NetState&gt;&#xD;
[10:00:22 INF] Client: (error): Connected. [2106 Online] &lt;s:Server.Network.NetState&gt;&#xD;
[10:00:22 INF] Client: (error): Connected. [2107 Online] &lt;s:Server.Network.NetState&gt;&#xD;
[10:00:22 INF] Client: (error): Connected. [2108 Online] &lt;s:Server.Network.NetState&gt;&#xD;
[10:00:22 INF] Client: (error): Connected. [2109 Online] &lt;s:Server.Network.NetState&gt;&#xD;
[10:00:22 INF] Client: (error): Connected. [2110 Online] &lt;s:Server.Network.NetState&gt;&#xD;
[10:00:22 INF] Client: (error): Connected. [2111 Online] &lt;s:Server.Network.NetState&gt;&#xD;
[10:00:22 INF] Client: (error): Connected. [2112 Online] &lt;s:Server.Network.NetState&gt;&#xD;
[10:00:22 INF] Client: (error): Connected. [2113 Online] &lt;s:Server.Network.NetState&gt;&#xD;
[10:00:22 INF] Client: (error): Connected. [2114 Online] &lt;s:Server.Network.NetState&gt;&#xD;
[10:00:22 INF] Client: (error): Connected. [2115 Online] &lt;s:Server.Network.NetState&gt;&#xD;
[10:00:22 INF] Client: (error): Connected. [2116 Online] &lt;s:Server.Network.NetState&gt;&#xD;
[10:00:22 INF] Client: (error): Connected. [2117 Online] &lt;s:Server.Network.NetState&gt;&#xD;
[10:00:22 INF] Client: (error): Connected. [2118 Online] &lt;s:Server.Network.NetState&gt;&#xD;
[10:00:22 INF] Client: (error): Connected. [2119 Online] &lt;s:Server.Network.NetState&gt;&#xD;
[10:00:22 INF] Client: (error): Connected. [2120 Online] &lt;s:Server.Network.NetState&gt;&#xD;
[10:00:22 INF] Client: (error): Connected. [2121 Online] &lt;s:Server.Network.NetState&gt;&#xD;
[10:00:22 INF] Client: (error): Connected. [2122 Online] &lt;s:Server.Network.NetState&gt;&#xD;
[10:00:22 INF] Client: (error): Connected. [2123 Online] &lt;s:Server.Network.NetState&gt;&#xD;
[10:00:22 INF] Client: (error): Connected. [2124 Online] &lt;s:Server.Network.NetState&gt;&#xD;
[10:00:22 INF] Client: (error): Connected. [2125 Online] &lt;s:Server.Network.NetState&gt;&#xD;
[10:00:22 INF] Client: (error): Connected. [2126 Online] &lt;s:Server.Network.NetState&gt;&#xD;
[10:00:22 INF] Client: (error): Connected. [2127 Online] &lt;s:Server.Network.NetState&gt;&#xD;
[10:00:22 INF] Client: (error): Connected. [2128 Online] &lt;s:Server.Network.NetState&gt;&#xD;
[10:00:22 INF] Client: (error): Connected. [2129 Online] &lt;s:Server.Network.NetState&gt;&#xD;
[10:00:22 INF] Client: (error): Connected. [2130 Online] &lt;s:Server.Network.NetState&gt;&#xD;
[10:00:22 INF] Client: (error): Connected. [2131 Online] &lt;s:Server.Network.NetState&gt;&#xD;
[10:00:22 INF] Client: (error): Connected. [2132 Online] &lt;s:Server.Network.NetState&gt;&#xD;
[10:00:22 INF] Client: (error): Connected. [2133 Online] &lt;s:Server.Network.NetState&gt;&#xD;
[10:00:22 INF] Client: (error): Connected. [2134 Online] &lt;s:Server.Network.NetState&gt;&#xD;
[10:00:22 INF] Client: (error): Connected. [2135 Online] &lt;s:Server.Network.NetState&gt;&#xD;
[10:00:22 INF] Client: (error): Connected. [2136 Online] &lt;s:Server.Network.NetState&gt;&#xD;
[10:00:22 INF] Client: (error): Connected. [2137 Online] &lt;s:Server.Network.NetState&gt;&#xD;
[10:00:22 INF] Client: (error): Connected. [2138 Online] &lt;s:Server.Network.NetState&gt;&#xD;
[10:00:22 INF] Client: (error): Connected. [2139 Online] &lt;s:Server.Network.NetState&gt;&#xD;
[10:00:22 INF] Client: (error): Connected. [2140 Online] &lt;s:Server.Network.NetState&gt;&#xD;
[10:00:22 INF] Client: (error): Connected. [2141 Online] &lt;s:Server.Network.NetState&gt;&#xD;
[10:00:22 INF] Client: (error): Connected. [2142 Online] &lt;s:Server.Network.NetState&gt;&#xD;
[10:00:22 INF] Client: (error): Connected. [2143 Online] &lt;s:Server.Network.NetState&gt;&#xD;
[10:00:22 INF] Client: (error): Connected. [2144 Online] &lt;s:Server.Network.NetState&gt;&#xD;
[10:00:22 INF] Client: (error): Connected. [2145 Online] &lt;s:Server.Network.NetState&gt;&#xD;
[10:00:22 INF] Client: (error): Connected. [2146 Online] &lt;s:Server.Network.NetState&gt;&#xD;
[10:00:22 INF] Client: (error): Connected. [2147 Online] &lt;s:Server.Network.NetState&gt;&#xD;
[10:00:22 INF] Client: (error): Connected. [2148 Online] &lt;s:Server.Network.NetState&gt;&#xD;
[10:00:22 INF] Client: (error): Connected. [2149 Online] &lt;s:Server.Network.NetState&gt;&#xD;
[10:00:22 INF] Client: (error): Connected. [2150 Online] &lt;s:Server.Network.NetState&gt;&#xD;
[10:00:22 INF] Client: (error): Connected. [2151 Online] &lt;s:Server.Network.NetState&gt;&#xD;
[10:00:22 INF] Client: (error): Connected. [2152 Online] &lt;s:Server.Network.NetState&gt;&#xD;
[10:00:22 INF] Client: (error): Connected. [2153 Online] &lt;s:Server.Network.NetState&gt;&#xD;
[10:00:22 INF] Client: (error): Connected. [2154 Online] &lt;s:Server.Network.NetState&gt;&#xD;
[10:00:22 INF] Client: (error): Connected. [2155 Online] &lt;s:Server.Network.NetState&gt;&#xD;
[10:00:22 INF] Client: (error): Connected. [2156 Online] &lt;s:Server.Network.NetState&gt;&#xD;
[10:00:22 INF] Client: (error): Connected. [2157 Online] &lt;s:Server.Network.NetState&gt;&#xD;
[10:00:22 INF] Client: (error): Connected. [2158 Online] &lt;s:Server.Network.NetState&gt;&#xD;
[10:00:22 INF] Client: (error): Connected. [2159 Online] &lt;s:Server.Network.NetState&gt;&#xD;
[10:00:22 INF] Client: (error): Connected. [2160 Online] &lt;s:Server.Network.NetState&gt;&#xD;
[10:00:22 INF] Client: (error): Connected. [2161 Online] &lt;s:Server.Network.NetState&gt;&#xD;
[10:00:22 INF] Client: (error): Connected. [2162 Online] &lt;s:Server.Network.NetState&gt;&#xD;
[10:00:22 INF] Client: (error): Connected. [2163 Online] &lt;s:Server.Network.NetState&gt;&#xD;
[10:00:22 INF] Client: (error): Connected. [2164 Online] &lt;s:Server.Network.NetState&gt;&#xD;
[10:00:22 INF] Client: (error): Connected. [2165 Online] &lt;s:Server.Network.NetState&gt;&#xD;
[10:00:22 INF] Client: (error): Connected. [2166 Online] &lt;s:Server.Network.NetState&gt;&#xD;
[10:00:22 INF] Client: (error): Connected. [2167 Online] &lt;s:Server.Network.NetState&gt;&#xD;
[10:00:22 INF] Client: (error): Connected. [2168 Online] &lt;s:Server.Network.NetState&gt;&#xD;
[10:00:22 INF] Client: (error): Connected. [2169 Online] &lt;s:Server.Network.NetState&gt;&#xD;
[10:00:22 INF] Client: (error): Connected. [2170 Online] &lt;s:Server.Network.NetState&gt;&#xD;
[10:00:22 INF] Client: (error): Connected. [2171 Online] &lt;s:Server.Network.NetState&gt;&#xD;
[10:00:22 INF] Client: (error): Connected. [2172 Online] &lt;s:Server.Network.NetState&gt;&#xD;
[10:00:22 INF] Client: (error): Connected. [2173 Online] &lt;s:Server.Network.NetState&gt;&#xD;
[10:00:22 INF] Client: (error): Connected. [2174 Online] &lt;s:Server.Network.NetState&gt;&#xD;
[10:00:22 INF] Client: (error): Connected. [2175 Online] &lt;s:Server.Network.NetState&gt;&#xD;
[10:00:22 INF] Client: (error): Connected. [2176 Online] &lt;s:Server.Network.NetState&gt;&#xD;
[10:00:22 INF] Client: (error): Connected. [2177 Online] &lt;s:Server.Network.NetState&gt;&#xD;
[10:00:22 INF] Client: (error): Connected. [2178 Online] &lt;s:Server.Network.NetState&gt;&#xD;
[10:00:22 INF] Client: (error): Connected. [2179 Online] &lt;s:Server.Network.NetState&gt;&#xD;
[10:00:22 INF] Client: (error): Connected. [2180 Online] &lt;s:Server.Network.NetState&gt;&#xD;
[10:00:22 INF] Client: (error): Connected. [2181 Online] &lt;s:Server.Network.NetState&gt;&#xD;
[10:00:22 WRN] map0.mul was not found. &lt;s:Server.TileMatrix&gt;&#xD;
[10:00:22 WRN] staidx0.mul was not found. &lt;s:Server.TileMatrix&gt;&#xD;
[10:00:22 WRN] statics0.mul was not found. &lt;s:Server.TileMatrix&gt;&#xD;
[10:00:22 WRN] map1.mul was not found. &lt;s:Server.TileMatrix&gt;&#xD;
[10:00:22 WRN] staidx1.mul was not found. &lt;s:Server.TileMatrix&gt;&#xD;
[10:00:22 WRN] statics1.mul was not found. &lt;s:Server.TileMatrix&gt;&#xD;
[10:00:22 WRN] map2.mul was not found. &lt;s:Server.TileMatrix&gt;&#xD;
[10:00:22 WRN] staidx2.mul was not found. &lt;s:Server.TileMatrix&gt;&#xD;
[10:00:22 WRN] statics2.mul was not found. &lt;s:Server.TileMatrix&gt;&#xD;
[10:00:22 WRN] map3.mul was not found. &lt;s:Server.TileMatrix&gt;&#xD;
[10:00:22 WRN] staidx3.mul was not found. &lt;s:Server.TileMatrix&gt;&#xD;
[10:00:22 WRN] statics3.mul was not found. &lt;s:Server.TileMatrix&gt;&#xD;
[10:00:22 INF] Client: (error): Connected. [2182 Online] &lt;s:Server.Network.NetState&gt;&#xD;
[10:00:22 INF] Client: (error): Connected. [2183 Online] &lt;s:Server.Network.NetState&gt;&#xD;
[10:00:22 WRN] 0x00001024: Amount changed for non-stackable item '10'. (Item) &lt;s:Server.Item&gt;&#xD;
[10:00:22 INF] Client: (error): Connected. [2184 Online] &lt;s:Server.Network.NetState&gt;&#xD;
[10:00:22 WRN] 0x00001024: Amount changed for non-stackable item '10'. (Item) &lt;s:Server.Item&gt;&#xD;
[10:00:22 INF] Client: (error): Connected. [2185 Online] &lt;s:Server.Network.NetState&gt;&#xD;
[10:00:22 WRN] 0x00001024: Amount changed for non-stackable item '10'. (Item) &lt;s:Server.Item&gt;&#xD;
[10:00:22 INF] Client: (error): Connected. [2186 Online] &lt;s:Server.Network.NetState&gt;&#xD;
[10:00:22 INF] Client: (error): Connected. [2187 Online] &lt;s:Server.Network.NetState&gt;&#xD;
[10:00:22 INF] Client: (error): Connected. [2188 Online] &lt;s:Server.Network.NetState&gt;&#xD;
[10:00:22 INF] Client: (error): Connected. [2189 Online] &lt;s:Server.Network.NetState&gt;&#xD;
[10:00:22 INF] Client: (error): Connected. [2190 Online] &lt;s:Server.Network.NetState&gt;&#xD;
[10:00:22 INF] Client: (error): Connected. [2191 Online] &lt;s:Server.Network.NetState&gt;&#xD;
[10:00:22 INF] Client: (error): Connected. [2192 Online] &lt;s:Server.Network.NetState&gt;&#xD;
[10:00:22 INF] Client: (error): Connected. [2193 Online] &lt;s:Server.Network.NetState&gt;&#xD;
[10:00:22 INF] Client: (error): Connected. [2194 Online] &lt;s:Server.Network.NetState&gt;&#xD;
[10:00:22 INF] Client: (error): Connected. [2195 Online] &lt;s:Server.Network.NetState&gt;&#xD;
[10:00:22 INF] Client: (error): Connected. [2196 Online] &lt;s:Server.Network.NetState&gt;&#xD;
[10:00:22 INF] Client: (error): Connected. [2197 Online] &lt;s:Server.Network.NetState&gt;&#xD;
[10:00:22 INF] Client: (error): Connected. [2198 Online] &lt;s:Server.Network.NetState&gt;&#xD;
[10:00:22 INF] Client: (error): Connected. [2199 Online] &lt;s:Server.Network.NetState&gt;&#xD;
[10:00:22 INF] Client: (error): Connected. [2200 Online] &lt;s:Server.Network.NetState&gt;&#xD;
[10:00:22 INF] Client: (error): Connected. [2201 Online] &lt;s:Server.Network.NetState&gt;&#xD;
[10:00:22 INF] Client: (error): Connected. [2202 Online] &lt;s:Server.Network.NetState&gt;&#xD;
[10:00:22 INF] Client: (error): Connected. [2203 Online] &lt;s:Server.Network.NetState&gt;&#xD;
[10:00:22 INF] Client: (error): Connected. [2204 Online] &lt;s:Server.Network.NetState&gt;&#xD;
Warning: ContainerContentUpdate on item with !(parent is Item)&#xD;
[10:00:22 INF] Client: (error): Connected. [2205 Online] &lt;s:Server.Network.NetState&gt;&#xD;
[10:00:22 WRN] ContainerContentUpdate on Item Item (0x00001024) where parent is not an Item &lt;s:Server.Network.OutgoingContainerPackets&gt;&#xD;
[10:00:22 INF] Client: (error): Connected. [2206 Online] &lt;s:Server.Network.NetState&gt;&#xD;
[10:00:22 INF] Client: (error): Connected. [2207 Online] &lt;s:Server.Network.NetState&gt;&#xD;
[10:00:22 INF] Client: (error): Connected. [2208 Online] &lt;s:Server.Network.NetState&gt;&#xD;
Warning: ContainerContentUpdate on item with !(parent is Item)&#xD;
[10:00:22 INF] Client: (error): Connected. [2209 Online] &lt;s:Server.Network.NetState&gt;&#xD;
[10:00:22 WRN] ContainerContentUpdate on Item Item (0x00001024) where parent is not an Item &lt;s:Server.Network.OutgoingContainerPackets&gt;&#xD;
[10:00:22 INF] Client: (error): Connected. [2210 Online] &lt;s:Server.Network.NetState&gt;&#xD;
[10:00:22 INF] Client: (error): Connected. [2211 Online] &lt;s:Server.Network.NetState&gt;&#xD;
[10:00:22 INF] Client: (error): Connected. [2212 Online] &lt;s:Server.Network.NetState&gt;&#xD;
[10:00:22 INF] Client: (error): Connected. [2213 Online] &lt;s:Server.Network.NetState&gt;&#xD;
[10:00:22 INF] Client: (error): Connected. [2214 Online] &lt;s:Server.Network.NetState&gt;&#xD;
[10:00:22 INF] Client: (error): Connected. [2215 Online] &lt;s:Server.Network.NetState&gt;&#xD;
[10:00:22 INF] Client: (error): Connected. [2216 Online] &lt;s:Server.Network.NetState&gt;&#xD;
[10:00:22 INF] Client: (error): Connected. [2217 Online] &lt;s:Server.Network.NetState&gt;&#xD;
[10:00:22 INF] Client: (error): Connected. [2218 Online] &lt;s:Server.Network.NetState&gt;&#xD;
[10:00:22 INF] Client: (error): Connected. [2219 Online] &lt;s:Server.Network.NetState&gt;&#xD;
[10:00:22 INF] Client: (error): Connected. [2220 Online] &lt;s:Server.Network.NetState&gt;&#xD;
[10:00:22 INF] Client: (error): Connected. [2221 Online] &lt;s:Server.Network.NetState&gt;&#xD;
[10:00:22 INF] Client: (error): Connected. [2222 Online] &lt;s:Server.Network.NetState&gt;&#xD;
[10:00:22 INF] Client: (error): Connected. [2223 Online] &lt;s:Server.Network.NetState&gt;&#xD;
[10:00:22 INF] Client: (error): Connected. [2224 Online] &lt;s:Server.Network.NetState&gt;&#xD;
[10:00:22 INF] Client: (error): Connected. [2225 Online] &lt;s:Server.Network.NetState&gt;&#xD;
[10:00:22 INF] Client: (error): Connected. [2226 Online] &lt;s:Server.Network.NetState&gt;&#xD;
[10:00:24 INF] Client: (error): Connected. [2227 Online] &lt;s:Server.Network.NetState&gt;&#xD;
[10:00:24 INF] Client: (error): Connected. [2228 Online] &lt;s:Server.Network.NetState&gt;&#xD;
[xUnit.net 00:00:03.85]   Finished:    Server.Tests&#xD;
</StdOut>
    </Output>
  </ResultSummary>
</TestRun>